#
# There is insufficient memory for the Java Runtime Environment to continue.
# Native memory allocation (malloc) failed to allocate 311856 bytes for Chunk::new
# Possible reasons:
#   The system is out of physical RAM or swap space
#   The process is running with CompressedOops enabled, and the Java Heap may be blocking the growth of the native heap
# Possible solutions:
#   Reduce memory load on the system
#   Increase physical memory or swap space
#   Check if swap backing store is full
#   Decrease Java heap size (-Xmx/-Xms)
#   Decrease number of Java threads
#   Decrease Java thread stack sizes (-Xss)
#   Set larger code cache with -XX:ReservedCodeCacheSize=
#   JVM is running with Unscaled Compressed Oops mode in which the Java heap is
#     placed in the first 4GB address space. The Java Heap base address is the
#     maximum limit for the native heap growth. Please use -XX:HeapBaseMinAddress
#     to set the Java Heap base and to place the Java Heap above 4GB virtual address.
# This output file may be truncated or incomplete.
#
#  Out of Memory Error (allocation.cpp:390), pid=14396, tid=0x00000000000076bc
#
# JRE version: Java(TM) SE Runtime Environment (8.0_201-b09) (build 1.8.0_201-b09)
# Java VM: Java HotSpot(TM) 64-Bit Server VM (25.201-b09 mixed mode windows-amd64 compressed oops)
# Failed to write core dump. Minidumps are not enabled by default on client versions of Windows
#

---------------  T H R E A D  ---------------

Current thread (0x00000000178ba000):  JavaThread "C2 CompilerThread1" daemon [_thread_in_native, id=30396, stack(0x0000000017fb0000,0x00000000180b0000)]

Stack: [0x0000000017fb0000,0x00000000180b0000]
[error occurred during error reporting (printing stack bounds), id 0xc0000005]

Native frames: (J=compiled Java code, j=interpreted, Vv=VM code, C=native code)


Current CompileTask:
C2: 171529 13009 %     4       com.android.tools.r8.u.c.M::a @ 153 (3068 bytes)


---------------  P R O C E S S  ---------------

Java Threads: ( => current thread )
  0x000000001deb1000 JavaThread "WorkerExecutor Queue Thread 4" [_thread_in_native, id=26480, stack(0x000000002c9c0000,0x000000002cac0000)]
  0x000000001dea6800 JavaThread "WorkerExecutor Queue Thread 3" [_thread_in_native, id=32528, stack(0x000000002c8c0000,0x000000002c9c0000)]
  0x000000001dea5800 JavaThread "Cache worker for Java compile cache (C:\Users\kymsd\AndroidStudioProjects\anjane\.gradle\5.6.4\javaCompile)" [_thread_blocked, id=28656, stack(0x000000002a210000,0x000000002a310000)]
  0x000000001deac800 JavaThread "Cache worker for Java compile cache (C:\Users\kymsd\.gradle\caches\5.6.4\javaCompile)" [_thread_blocked, id=20812, stack(0x000000002a110000,0x000000002a210000)]
  0x000000001dea9800 JavaThread "WorkerExecutor Queue Thread 2" [_thread_in_Java, id=30580, stack(0x0000000024130000,0x0000000024230000)]
  0x000000001dea7000 JavaThread "stdout" [_thread_in_native, id=10896, stack(0x0000000023c30000,0x0000000023d30000)]
  0x000000001dea4000 JavaThread "stderr" [_thread_in_native, id=25292, stack(0x000000001b850000,0x000000001b950000)]
  0x000000001deab000 JavaThread "pool-2-thread-1" [_thread_blocked, id=31992, stack(0x00000000028f0000,0x00000000029f0000)]
  0x000000001dea8000 JavaThread "WorkerExecutor Queue" [_thread_in_Java, id=1120, stack(0x0000000000ad0000,0x0000000000bd0000)]
  0x000000001dea5000 JavaThread "Cache worker for execution history cache (C:\Users\kymsd\AndroidStudioProjects\anjane\.gradle\5.6.4\executionHistory)" [_thread_blocked, id=12080, stack(0x0000000023930000,0x0000000023a30000)]
  0x000000001deaa000 JavaThread "Execution worker for ':' Thread 3" [_thread_blocked, id=32692, stack(0x0000000023630000,0x0000000023730000)]
  0x0000000019953800 JavaThread "Execution worker for ':' Thread 2" [_thread_blocked, id=19256, stack(0x0000000021ef0000,0x0000000021ff0000)]
  0x0000000019955000 JavaThread "Execution worker for ':'" [_thread_blocked, id=30476, stack(0x0000000002400000,0x0000000002500000)]
  0x0000000019953000 JavaThread "Cache worker for file content cache (C:\Users\kymsd\AndroidStudioProjects\anjane\.gradle\5.6.4\fileContent)" [_thread_blocked, id=11024, stack(0x0000000021df0000,0x0000000021ef0000)]
  0x0000000019956000 JavaThread "Cache worker for file content cache (C:\Users\kymsd\.gradle\caches\5.6.4\fileContent)" [_thread_blocked, id=24480, stack(0x0000000021cf0000,0x0000000021df0000)]
  0x0000000019954800 JavaThread "Memory manager" [_thread_blocked, id=6968, stack(0x00000000219f0000,0x0000000021af0000)]
  0x0000000019951800 JavaThread "Cache worker for Build Output Cleanup Cache (C:\Users\kymsd\AndroidStudioProjects\anjane\.gradle\buildOutputCleanup)" [_thread_blocked, id=22328, stack(0x0000000020f60000,0x0000000021060000)]
  0x0000000019950800 JavaThread "pool-1-thread-1" [_thread_blocked, id=9596, stack(0x00000000210f0000,0x00000000211f0000)]
  0x0000000019950000 JavaThread "Build operations Thread 4" [_thread_blocked, id=21312, stack(0x0000000020860000,0x0000000020960000)]
  0x0000000019952000 JavaThread "Build operations Thread 3" [_thread_blocked, id=28712, stack(0x0000000020760000,0x0000000020860000)]
  0x0000000019956800 JavaThread "Build operations Thread 2" [_thread_blocked, id=26776, stack(0x0000000020660000,0x0000000020760000)]
  0x0000000019918800 JavaThread "Build operations" [_thread_blocked, id=20300, stack(0x00000000203d0000,0x00000000204d0000)]
  0x000000001991a000 JavaThread "Cache worker for execution history cache (C:\Users\kymsd\.gradle\caches\5.6.4\executionHistory)" [_thread_blocked, id=30136, stack(0x0000000020560000,0x0000000020660000)]
  0x000000001991b800 JavaThread "Cache worker for cache directory md-rule (C:\Users\kymsd\.gradle\caches\5.6.4\md-rule)" [_thread_blocked, id=228, stack(0x00000000200d0000,0x00000000201d0000)]
  0x0000000019918000 JavaThread "Cache worker for cache directory md-supplier (C:\Users\kymsd\.gradle\caches\5.6.4\md-supplier)" [_thread_blocked, id=30340, stack(0x000000001fd90000,0x000000001fe90000)]
  0x0000000019919800 JavaThread "Cache worker for file hash cache (C:\Users\kymsd\AndroidStudioProjects\anjane\.gradle\5.6.4\fileHashes)" [_thread_blocked, id=25184, stack(0x000000001dff0000,0x000000001e0f0000)]
  0x000000001991d000 JavaThread "Cache worker for journal cache (C:\Users\kymsd\.gradle\caches\journal-1)" [_thread_blocked, id=21684, stack(0x000000001be50000,0x000000001bf50000)]
  0x000000001991b000 JavaThread "File lock request listener" [_thread_in_native, id=6276, stack(0x000000001bd50000,0x000000001be50000)]
  0x000000001991e000 JavaThread "Cache worker for file hash cache (C:\Users\kymsd\.gradle\caches\5.6.4\fileHashes)" [_thread_blocked, id=29048, stack(0x000000001bc50000,0x000000001bd50000)]
  0x0000000018914000 JavaThread "Thread-9" [_thread_blocked, id=17752, stack(0x000000001b950000,0x000000001ba50000)]
  0x0000000019172800 JavaThread "Asynchronous log dispatcher for DefaultDaemonConnection: socket connection from /127.0.0.1:2548 to /127.0.0.1:2549" [_thread_blocked, id=10108, stack(0x000000001b750000,0x000000001b850000)]
  0x0000000019153800 JavaThread "Daemon worker" [_thread_blocked, id=19036, stack(0x000000001b650000,0x000000001b750000)]
  0x0000000017926800 JavaThread "Cancel handler" [_thread_blocked, id=29084, stack(0x000000001b550000,0x000000001b650000)]
  0x0000000017a21800 JavaThread "Handler for socket connection from /127.0.0.1:2548 to /127.0.0.1:2549" [_thread_in_native, id=24876, stack(0x000000001b250000,0x000000001b350000)]
  0x0000000017a21000 JavaThread "Daemon" [_thread_blocked, id=18908, stack(0x000000001b150000,0x000000001b250000)]
  0x0000000017956800 JavaThread "Daemon periodic checks" [_thread_blocked, id=4376, stack(0x000000001b050000,0x000000001b150000)]
  0x00000000195c2800 JavaThread "Incoming local TCP Connector on port 2548" [_thread_in_native, id=31176, stack(0x000000001ae70000,0x000000001af70000)]
  0x0000000017c7a000 JavaThread "Daemon health stats" [_thread_blocked, id=24212, stack(0x000000001ab50000,0x000000001ac50000)]
  0x000000001790e800 JavaThread "Service Thread" daemon [_thread_blocked, id=29740, stack(0x00000000181b0000,0x00000000182b0000)]
  0x000000001790a800 JavaThread "C1 CompilerThread2" daemon [_thread_in_native, id=8452, stack(0x00000000180b0000,0x00000000181b0000)]
=>0x00000000178ba000 JavaThread "C2 CompilerThread1" daemon [_thread_in_native, id=30396, stack(0x0000000017fb0000,0x00000000180b0000)]
  0x00000000165bb800 JavaThread "C2 CompilerThread0" daemon [_thread_in_native, id=10964, stack(0x0000000017eb0000,0x0000000017fb0000)]
  0x000000001656f000 JavaThread "Attach Listener" daemon [_thread_blocked, id=25452, stack(0x0000000017db0000,0x0000000017eb0000)]
  0x00000000178b8800 JavaThread "Signal Dispatcher" daemon [_thread_blocked, id=12012, stack(0x0000000017cb0000,0x0000000017db0000)]
  0x0000000002beb000 JavaThread "Finalizer" daemon [_thread_blocked, id=23716, stack(0x00000000177b0000,0x00000000178b0000)]
  0x0000000002be2000 JavaThread "Reference Handler" daemon [_thread_blocked, id=20272, stack(0x00000000176b0000,0x00000000177b0000)]
  0x0000000002af2800 JavaThread "main" [_thread_blocked, id=25800, stack(0x00000000029f0000,0x0000000002af0000)]

Other Threads:
  0x0000000016528000 VMThread [stack: 0x00000000175b0000,0x00000000176b0000] [id=18852]
  0x000000001792c800 WatcherThread [stack: 0x00000000182b0000,0x00000000183b0000] [id=15948]

VM state:not at safepoint (normal execution)

VM Mutex/Monitor currently owned by a thread: None

heap address: 0x00000000a0000000, size: 1536 MB, Compressed Oops mode: 32-bit
Narrow klass base: 0x0000000000000000, Narrow klass shift: 3
Compressed class space size: 1073741824 Address: 0x0000000100000000

Heap:
 PSYoungGen      total 238080K, used 152350K [0x00000000e0000000, 0x00000000f3980000, 0x0000000100000000)
  eden space 209920K, 59% used [0x00000000e0000000,0x00000000e7947c48,0x00000000ecd00000)
  from space 28160K, 99% used [0x00000000ecd00000,0x00000000ee87fd60,0x00000000ee880000)
  to   space 40448K, 0% used [0x00000000f1200000,0x00000000f1200000,0x00000000f3980000)
 ParOldGen       total 132608K, used 66608K [0x00000000a0000000, 0x00000000a8180000, 0x00000000e0000000)
  object space 132608K, 50% used [0x00000000a0000000,0x00000000a410c280,0x00000000a8180000)
 Metaspace       used 78019K, capacity 80872K, committed 80896K, reserved 1118208K
  class space    used 10608K, capacity 11260K, committed 11264K, reserved 1048576K

Card table byte_map: [0x0000000011fb0000,0x00000000122c0000] byte_map_base: 0x0000000011ab0000

Marking Bits: (ParMarkBitMap*) 0x000000005a184ce0
 Begin Bits: [0x00000000128c0000, 0x00000000140c0000)
 End Bits:   [0x00000000140c0000, 0x00000000158c0000)

Polling page: 0x0000000000bf0000

CodeCache: size=245760Kb used=37861Kb max_used=37942Kb free=207898Kb
 bounds [0x0000000002bf0000, 0x0000000005140000, 0x0000000011bf0000]
 total_blobs=11820 nmethods=10963 adapters=767
 compilation: enabled

Compilation events (10 events):
Event: 171.397 Thread 0x000000001790a800 13067       3       com.android.tools.r8.ir.regalloc.LinearScanRegisterAllocator::e (65 bytes)
Event: 171.397 Thread 0x000000001790a800 nmethod 13067 0x00000000050e2250 code [0x00000000050e2440, 0x00000000050e2c98]
Event: 171.397 Thread 0x000000001790a800 13061       3       com.android.tools.r8.u.b.F0::b (115 bytes)
Event: 171.399 Thread 0x000000001790a800 nmethod 13061 0x00000000050dfed0 code [0x00000000050e01a0, 0x00000000050e17b8]
Event: 171.399 Thread 0x000000001790a800 13064       3       java.util.PriorityQueue::siftUp (23 bytes)
Event: 171.399 Thread 0x000000001790a800 nmethod 13064 0x00000000050dfa90 code [0x00000000050dfc00, 0x00000000050dfe18]
Event: 171.399 Thread 0x000000001790a800 13068       3       com.android.tools.r8.code.H::<init> (5 bytes)
Event: 171.399 Thread 0x000000001790a800 nmethod 13068 0x00000000050df610 code [0x00000000050df780, 0x00000000050df990]
Event: 171.399 Thread 0x000000001790a800 13063       3       java.util.PriorityQueue::offer (72 bytes)
Event: 171.400 Thread 0x000000001790a800 nmethod 13063 0x00000000050dec50 code [0x00000000050dee00, 0x00000000050df3b8]

GC Heap History (10 events):
Event: 29.957 GC heap before
{Heap before GC invocations=14 (full 2):
 PSYoungGen      total 172544K, used 57056K [0x00000000e0000000, 0x00000000edc80000, 0x0000000100000000)
  eden space 157184K, 26% used [0x00000000e0000000,0x00000000e28bf2e8,0x00000000e9980000)
  from space 15360K, 99% used [0x00000000e9980000,0x00000000ea8790e0,0x00000000ea880000)
  to   space 19968K, 0% used [0x00000000ec900000,0x00000000ec900000,0x00000000edc80000)
 ParOldGen       total 83968K, used 28394K [0x00000000a0000000, 0x00000000a5200000, 0x00000000e0000000)
  object space 83968K, 33% used [0x00000000a0000000,0x00000000a1bba818,0x00000000a5200000)
 Metaspace       used 57115K, capacity 59066K, committed 59160K, reserved 1099776K
  class space    used 8042K, capacity 8529K, committed 8576K, reserved 1048576K
Event: 29.978 GC heap after
Heap after GC invocations=14 (full 2):
 PSYoungGen      total 205824K, used 4781K [0x00000000e0000000, 0x00000000eea00000, 0x0000000100000000)
  eden space 185856K, 0% used [0x00000000e0000000,0x00000000e0000000,0x00000000eb580000)
  from space 19968K, 23% used [0x00000000ec900000,0x00000000ecdab788,0x00000000edc80000)
  to   space 19968K, 0% used [0x00000000eb580000,0x00000000eb580000,0x00000000ec900000)
 ParOldGen       total 83968K, used 37688K [0x00000000a0000000, 0x00000000a5200000, 0x00000000e0000000)
  object space 83968K, 44% used [0x00000000a0000000,0x00000000a24ce338,0x00000000a5200000)
 Metaspace       used 57115K, capacity 59066K, committed 59160K, reserved 1099776K
  class space    used 8042K, capacity 8529K, committed 8576K, reserved 1048576K
}
Event: 29.978 GC heap before
{Heap before GC invocations=15 (full 3):
 PSYoungGen      total 205824K, used 4781K [0x00000000e0000000, 0x00000000eea00000, 0x0000000100000000)
  eden space 185856K, 0% used [0x00000000e0000000,0x00000000e0000000,0x00000000eb580000)
  from space 19968K, 23% used [0x00000000ec900000,0x00000000ecdab788,0x00000000edc80000)
  to   space 19968K, 0% used [0x00000000eb580000,0x00000000eb580000,0x00000000ec900000)
 ParOldGen       total 83968K, used 37688K [0x00000000a0000000, 0x00000000a5200000, 0x00000000e0000000)
  object space 83968K, 44% used [0x00000000a0000000,0x00000000a24ce338,0x00000000a5200000)
 Metaspace       used 57115K, capacity 59066K, committed 59160K, reserved 1099776K
  class space    used 8042K, capacity 8529K, committed 8576K, reserved 1048576K
Event: 30.634 GC heap after
Heap after GC invocations=15 (full 3):
 PSYoungGen      total 205824K, used 0K [0x00000000e0000000, 0x00000000eea00000, 0x0000000100000000)
  eden space 185856K, 0% used [0x00000000e0000000,0x00000000e0000000,0x00000000eb580000)
  from space 19968K, 0% used [0x00000000ec900000,0x00000000ec900000,0x00000000edc80000)
  to   space 19968K, 0% used [0x00000000eb580000,0x00000000eb580000,0x00000000ec900000)
 ParOldGen       total 132608K, used 35224K [0x00000000a0000000, 0x00000000a8180000, 0x00000000e0000000)
  object space 132608K, 26% used [0x00000000a0000000,0x00000000a2266310,0x00000000a8180000)
 Metaspace       used 57115K, capacity 59066K, committed 59160K, reserved 1099776K
  class space    used 8042K, capacity 8529K, committed 8576K, reserved 1048576K
}
Event: 52.874 GC heap before
{Heap before GC invocations=16 (full 3):
 PSYoungGen      total 205824K, used 185856K [0x00000000e0000000, 0x00000000eea00000, 0x0000000100000000)
  eden space 185856K, 100% used [0x00000000e0000000,0x00000000eb580000,0x00000000eb580000)
  from space 19968K, 0% used [0x00000000ec900000,0x00000000ec900000,0x00000000edc80000)
  to   space 19968K, 0% used [0x00000000eb580000,0x00000000eb580000,0x00000000ec900000)
 ParOldGen       total 132608K, used 35224K [0x00000000a0000000, 0x00000000a8180000, 0x00000000e0000000)
  object space 132608K, 26% used [0x00000000a0000000,0x00000000a2266310,0x00000000a8180000)
 Metaspace       used 59978K, capacity 62234K, committed 62464K, reserved 1103872K
  class space    used 8408K, capacity 8927K, committed 8960K, reserved 1048576K
Event: 52.913 GC heap after
Heap after GC invocations=16 (full 3):
 PSYoungGen      total 205824K, used 16815K [0x00000000e0000000, 0x00000000efd80000, 0x0000000100000000)
  eden space 185856K, 0% used [0x00000000e0000000,0x00000000e0000000,0x00000000eb580000)
  from space 19968K, 84% used [0x00000000eb580000,0x00000000ec5ebf80,0x00000000ec900000)
  to   space 21504K, 0% used [0x00000000ee880000,0x00000000ee880000,0x00000000efd80000)
 ParOldGen       total 132608K, used 35232K [0x00000000a0000000, 0x00000000a8180000, 0x00000000e0000000)
  object space 132608K, 26% used [0x00000000a0000000,0x00000000a2268310,0x00000000a8180000)
 Metaspace       used 59978K, capacity 62234K, committed 62464K, reserved 1103872K
  class space    used 8408K, capacity 8927K, committed 8960K, reserved 1048576K
}
Event: 96.338 GC heap before
{Heap before GC invocations=17 (full 3):
 PSYoungGen      total 205824K, used 202671K [0x00000000e0000000, 0x00000000efd80000, 0x0000000100000000)
  eden space 185856K, 100% used [0x00000000e0000000,0x00000000eb580000,0x00000000eb580000)
  from space 19968K, 84% used [0x00000000eb580000,0x00000000ec5ebf80,0x00000000ec900000)
  to   space 21504K, 0% used [0x00000000ee880000,0x00000000ee880000,0x00000000efd80000)
 ParOldGen       total 132608K, used 35232K [0x00000000a0000000, 0x00000000a8180000, 0x00000000e0000000)
  object space 132608K, 26% used [0x00000000a0000000,0x00000000a2268310,0x00000000a8180000)
 Metaspace       used 65111K, capacity 67654K, committed 67840K, reserved 1107968K
  class space    used 9064K, capacity 9615K, committed 9728K, reserved 1048576K
Event: 96.422 GC heap after
Heap after GC invocations=17 (full 3):
 PSYoungGen      total 231424K, used 21496K [0x00000000e0000000, 0x00000000f0600000, 0x0000000100000000)
  eden space 209920K, 0% used [0x00000000e0000000,0x00000000e0000000,0x00000000ecd00000)
  from space 21504K, 99% used [0x00000000ee880000,0x00000000efd7e080,0x00000000efd80000)
  to   space 28160K, 0% used [0x00000000ecd00000,0x00000000ecd00000,0x00000000ee880000)
 ParOldGen       total 132608K, used 44535K [0x00000000a0000000, 0x00000000a8180000, 0x00000000e0000000)
  object space 132608K, 33% used [0x00000000a0000000,0x00000000a2b7df68,0x00000000a8180000)
 Metaspace       used 65111K, capacity 67654K, committed 67840K, reserved 1107968K
  class space    used 9064K, capacity 9615K, committed 9728K, reserved 1048576K
}
Event: 148.009 GC heap before
{Heap before GC invocations=18 (full 3):
 PSYoungGen      total 231424K, used 231416K [0x00000000e0000000, 0x00000000f0600000, 0x0000000100000000)
  eden space 209920K, 100% used [0x00000000e0000000,0x00000000ecd00000,0x00000000ecd00000)
  from space 21504K, 99% used [0x00000000ee880000,0x00000000efd7e080,0x00000000efd80000)
  to   space 28160K, 0% used [0x00000000ecd00000,0x00000000ecd00000,0x00000000ee880000)
 ParOldGen       total 132608K, used 44535K [0x00000000a0000000, 0x00000000a8180000, 0x00000000e0000000)
  object space 132608K, 33% used [0x00000000a0000000,0x00000000a2b7df68,0x00000000a8180000)
 Metaspace       used 71916K, capacity 74508K, committed 74752K, reserved 1114112K
  class space    used 9812K, capacity 10400K, committed 10496K, reserved 1048576K
Event: 148.480 GC heap after
Heap after GC invocations=18 (full 3):
 PSYoungGen      total 238080K, used 28159K [0x00000000e0000000, 0x00000000f3980000, 0x0000000100000000)
  eden space 209920K, 0% used [0x00000000e0000000,0x00000000e0000000,0x00000000ecd00000)
  from space 28160K, 99% used [0x00000000ecd00000,0x00000000ee87fd60,0x00000000ee880000)
  to   space 40448K, 0% used [0x00000000f1200000,0x00000000f1200000,0x00000000f3980000)
 ParOldGen       total 132608K, used 66608K [0x00000000a0000000, 0x00000000a8180000, 0x00000000e0000000)
  object space 132608K, 50% used [0x00000000a0000000,0x00000000a410c280,0x00000000a8180000)
 Metaspace       used 71916K, capacity 74508K, committed 74752K, reserved 1114112K
  class space    used 9812K, capacity 10400K, committed 10496K, reserved 1048576K
}

Deoptimization events (10 events):
Event: 163.673 Thread 0x000000001dea9800 Uncommon trap: reason=bimorphic action=maybe_recompile pc=0x000000000416ebb8 method=java.util.function.Predicate.lambda$and$0(Ljava/util/function/Predicate;Ljava/lang/Object;)Z @ 2
Event: 163.673 Thread 0x000000001dea9800 Uncommon trap: reason=bimorphic action=maybe_recompile pc=0x000000000416ebb8 method=java.util.function.Predicate.lambda$and$0(Ljava/util/function/Predicate;Ljava/lang/Object;)Z @ 2
Event: 163.673 Thread 0x000000001dea9800 Uncommon trap: reason=bimorphic action=maybe_recompile pc=0x000000000416ebb8 method=java.util.function.Predicate.lambda$and$0(Ljava/util/function/Predicate;Ljava/lang/Object;)Z @ 2
Event: 163.674 Thread 0x000000001dea9800 Uncommon trap: reason=bimorphic action=maybe_recompile pc=0x000000000416ebb8 method=java.util.function.Predicate.lambda$and$0(Ljava/util/function/Predicate;Ljava/lang/Object;)Z @ 2
Event: 163.745 Thread 0x000000001dea6800 Uncommon trap: reason=unstable_if action=reinterpret pc=0x0000000004d468cc method=sun.nio.fs.WindowsPathParser.nextNonSlash(Ljava/lang/String;II)I @ 2
Event: 163.751 Thread 0x000000001deb1000 Uncommon trap: reason=unstable_if action=reinterpret pc=0x00000000042f4d80 method=sun.nio.fs.WindowsPathParser.nextNonSlash(Ljava/lang/String;II)I @ 2
Event: 163.965 Thread 0x000000001dea6800 Uncommon trap: reason=unstable_if action=reinterpret pc=0x00000000041917f8 method=java.nio.file.FileTreeWalker.getAttributes(Ljava/nio/file/Path;Z)Ljava/nio/file/attribute/BasicFileAttributes; @ 35
Event: 163.967 Thread 0x000000001deb1000 Uncommon trap: reason=unstable_if action=reinterpret pc=0x00000000041917f8 method=java.nio.file.FileTreeWalker.getAttributes(Ljava/nio/file/Path;Z)Ljava/nio/file/attribute/BasicFileAttributes; @ 35
Event: 166.381 Thread 0x000000001dea9800 Uncommon trap: reason=unstable_if action=reinterpret pc=0x000000000415ff60 method=java.nio.Bits.putInt(Ljava/nio/ByteBuffer;IIZ)V @ 1
Event: 167.692 Thread 0x000000001dea8000 Uncommon trap: reason=unstable_if action=reinterpret pc=0x000000000494a140 method=com.android.tools.r8.utils.O.d(I)Z @ 45

Classes redefined (0 events):
No events

Internal exceptions (10 events):
Event: 79.301 Thread 0x0000000019153800 Exception <a 'java/lang/NoSuchMethodError': <clinit>> (0x00000000e94de8b8) thrown at [C:\re\workspace\8-2-build-windows-amd64-cygwin\jdk8u201\12322\hotspot\src\share\vm\prims\jni.cpp, line 1613]
Event: 79.326 Thread 0x0000000019153800 Exception <a 'java/lang/NoSuchMethodError': <clinit>> (0x00000000e9553050) thrown at [C:\re\workspace\8-2-build-windows-amd64-cygwin\jdk8u201\12322\hotspot\src\share\vm\prims\jni.cpp, line 1613]
Event: 83.245 Thread 0x000000001dea8000 Exception <a 'java/lang/NoSuchMethodError': java.lang.Object.lambda$negate$1(Ljava/lang/Object;)Z> (0x00000000e9a9c2a8) thrown at [C:\re\workspace\8-2-build-windows-amd64-cygwin\jdk8u201\12322\hotspot\src\share\vm\interpreter\linkResolver.cpp, line 620]
Event: 95.107 Thread 0x000000001dea8000 Implicit null exception at 0x00000000041adda3 to 0x00000000041ae12c
Event: 96.492 Thread 0x000000001dea8000 Exception <a 'sun/nio/fs/WindowsException'> (0x00000000e0330de8) thrown at [C:\re\workspace\8-2-build-windows-amd64-cygwin\jdk8u201\12322\hotspot\src\share\vm\prims\jni.cpp, line 709]
Event: 96.492 Thread 0x000000001dea8000 Exception <a 'sun/nio/fs/WindowsException'> (0x00000000e03317e0) thrown at [C:\re\workspace\8-2-build-windows-amd64-cygwin\jdk8u201\12322\hotspot\src\share\vm\prims\jni.cpp, line 709]
Event: 163.538 Thread 0x000000001deaa000 Exception <a 'java/lang/NoSuchMethodError': <clinit>> (0x00000000e29e5ae8) thrown at [C:\re\workspace\8-2-build-windows-amd64-cygwin\jdk8u201\12322\hotspot\src\share\vm\prims\jni.cpp, line 1613]
Event: 163.540 Thread 0x000000001deaa000 Exception <a 'java/lang/NoSuchMethodError': <clinit>> (0x00000000e29fa678) thrown at [C:\re\workspace\8-2-build-windows-amd64-cygwin\jdk8u201\12322\hotspot\src\share\vm\prims\jni.cpp, line 1613]
Event: 163.620 Thread 0x000000001deb1000 Exception <a 'java/lang/NoSuchMethodError': java.lang.Object.lambda$static$0(Ljava/lang/String;)Z> (0x00000000e2ba48c0) thrown at [C:\re\workspace\8-2-build-windows-amd64-cygwin\jdk8u201\12322\hotspot\src\share\vm\interpreter\linkResolver.cpp, line 620]
Event: 168.198 Thread 0x000000001dea8000 Exception <a 'java/lang/NoSuchMethodError': java.lang.Object.lambda$maxBy$1(Ljava/util/Comparator;Ljava/lang/Object;Ljava/lang/Object;)Ljava/lang/Object;> (0x00000000e5d94940) thrown at [C:\re\workspace\8-2-build-windows-amd64-cygwin\jdk8u201\12322\hotspo

Events (10 events):
Event: 168.797 loading class com/android/tools/r8/code/H3 done
Event: 168.798 loading class com/android/tools/r8/code/I2
Event: 168.798 loading class com/android/tools/r8/code/I2 done
Event: 169.324 Executing VM operation: ForceSafepoint
Event: 169.377 Executing VM operation: ForceSafepoint done
Event: 170.086 Thread 0x000000001dea8000 DEOPT PACKING pc=0x0000000004f71227 sp=0x0000000000bcdac0
Event: 170.086 Thread 0x000000001dea8000 DEOPT UNPACKING pc=0x0000000002c37890 sp=0x0000000000bcd7f0 mode 0
Event: 170.713 loading class com/android/tools/r8/u/c/p
Event: 170.713 loading class com/android/tools/r8/u/c/p done
Event: 171.420 Thread 0x000000001dea9800 DEOPT PACKING pc=0x0000000004d833ff sp=0x000000002422ce00


Dynamic libraries:
0x00007ff74b280000 - 0x00007ff74b2b7000 	C:\Program Files\Java\jdk1.8.0_201\bin\java.exe
0x00007ffaaade0000 - 0x00007ffaaafd0000 	C:\WINDOWS\SYSTEM32\ntdll.dll
0x00007ffaaa570000 - 0x00007ffaaa622000 	C:\WINDOWS\System32\KERNEL32.DLL
0x00007ffaa8790000 - 0x00007ffaa8a33000 	C:\WINDOWS\System32\KERNELBASE.dll
0x00007ffaaa6b0000 - 0x00007ffaaa753000 	C:\WINDOWS\System32\ADVAPI32.dll
0x00007ffaaa470000 - 0x00007ffaaa50e000 	C:\WINDOWS\System32\msvcrt.dll
0x00007ffaa8e90000 - 0x00007ffaa8f27000 	C:\WINDOWS\System32\sechost.dll
0x00007ffaaa820000 - 0x00007ffaaa940000 	C:\WINDOWS\System32\RPCRT4.dll
0x00007ffaaa2b0000 - 0x00007ffaaa444000 	C:\WINDOWS\System32\USER32.dll
0x00007ffaa7d70000 - 0x00007ffaa7d91000 	C:\WINDOWS\System32\win32u.dll
0x00007ffaa9700000 - 0x00007ffaa9726000 	C:\WINDOWS\System32\GDI32.dll
0x00007ffaa8b20000 - 0x00007ffaa8cb4000 	C:\WINDOWS\System32\gdi32full.dll
0x00007ffaa7e70000 - 0x00007ffaa7f0e000 	C:\WINDOWS\System32\msvcp_win.dll
0x00007ffaa7f10000 - 0x00007ffaa800a000 	C:\WINDOWS\System32\ucrtbase.dll
0x00007ffa9f970000 - 0x00007ffa9fbf5000 	C:\WINDOWS\WinSxS\amd64_microsoft.windows.common-controls_6595b64144ccf1df_6.0.18362.778_none_e6c6b761130d4fb8\COMCTL32.dll
0x00007ffaa9870000 - 0x00007ffaa9ba6000 	C:\WINDOWS\System32\combase.dll
0x00007ffaa7da0000 - 0x00007ffaa7e20000 	C:\WINDOWS\System32\bcryptPrimitives.dll
0x00007ffaa9410000 - 0x00007ffaa943e000 	C:\WINDOWS\System32\IMM32.DLL
0x000000005a210000 - 0x000000005a2e1000 	C:\Program Files\Java\jdk1.8.0_201\jre\bin\msvcr100.dll
0x0000000059960000 - 0x000000005a204000 	C:\Program Files\Java\jdk1.8.0_201\jre\bin\server\jvm.dll
0x00007ffaaacc0000 - 0x00007ffaaacc8000 	C:\WINDOWS\System32\PSAPI.DLL
0x00007ffa9e180000 - 0x00007ffa9e1a4000 	C:\WINDOWS\SYSTEM32\WINMM.dll
0x00007ffaa34b0000 - 0x00007ffaa34ba000 	C:\WINDOWS\SYSTEM32\VERSION.dll
0x00007ffa9bdc0000 - 0x00007ffa9bdc9000 	C:\WINDOWS\SYSTEM32\WSOCK32.dll
0x00007ffaaac50000 - 0x00007ffaaacbf000 	C:\WINDOWS\System32\WS2_32.dll
0x00007ffa9e150000 - 0x00007ffa9e17d000 	C:\WINDOWS\SYSTEM32\winmmbase.dll
0x00007ffaa7e20000 - 0x00007ffaa7e6a000 	C:\WINDOWS\System32\cfgmgr32.dll
0x00007ffaa2b40000 - 0x00007ffaa2b4f000 	C:\Program Files\Java\jdk1.8.0_201\jre\bin\verify.dll
0x00007ffa7f670000 - 0x00007ffa7f699000 	C:\Program Files\Java\jdk1.8.0_201\jre\bin\java.dll
0x00007ffa82d20000 - 0x00007ffa82d36000 	C:\Program Files\Java\jdk1.8.0_201\jre\bin\zip.dll
0x00007ffaa9bc0000 - 0x00007ffaaa2a5000 	C:\WINDOWS\System32\SHELL32.dll
0x00007ffaa9650000 - 0x00007ffaa96f9000 	C:\WINDOWS\System32\shcore.dll
0x00007ffaa8010000 - 0x00007ffaa8790000 	C:\WINDOWS\System32\windows.storage.dll
0x00007ffaa7cd0000 - 0x00007ffaa7cf3000 	C:\WINDOWS\System32\profapi.dll
0x00007ffaa7d00000 - 0x00007ffaa7d4a000 	C:\WINDOWS\System32\powrprof.dll
0x00007ffaa7ca0000 - 0x00007ffaa7cb0000 	C:\WINDOWS\System32\UMPDC.dll
0x00007ffaaa7c0000 - 0x00007ffaaa812000 	C:\WINDOWS\System32\shlwapi.dll
0x00007ffaa7cb0000 - 0x00007ffaa7cc1000 	C:\WINDOWS\System32\kernel.appcore.dll
0x00007ffaa8cc0000 - 0x00007ffaa8cd7000 	C:\WINDOWS\System32\cryptsp.dll
0x00007ffa826a0000 - 0x00007ffa826ba000 	C:\Program Files\Java\jdk1.8.0_201\jre\bin\net.dll
0x00007ffa9dbd0000 - 0x00007ffa9dda5000 	C:\WINDOWS\SYSTEM32\urlmon.dll
0x00007ffa9d180000 - 0x00007ffa9d426000 	C:\WINDOWS\SYSTEM32\iertutil.dll
0x00007ffaa76e0000 - 0x00007ffaa76ec000 	C:\WINDOWS\SYSTEM32\CRYPTBASE.DLL
0x00007ffaa7510000 - 0x00007ffaa7577000 	C:\WINDOWS\system32\mswsock.dll
0x00007ffa825e0000 - 0x00007ffa825f1000 	C:\Program Files\Java\jdk1.8.0_201\jre\bin\nio.dll
0x00007ffa9c240000 - 0x00007ffa9c266000 	C:\Users\kymsd\.gradle\native\30\windows-amd64\native-platform.dll
0x00007ffa83c60000 - 0x00007ffa83c6d000 	C:\Program Files\Java\jdk1.8.0_201\jre\bin\management.dll
0x00007ffaa7080000 - 0x00007ffaa70b3000 	C:\WINDOWS\system32\rsaenh.dll
0x00007ffaa8a40000 - 0x00007ffaa8a66000 	C:\WINDOWS\System32\bcrypt.dll
0x00007ffaa7bc0000 - 0x00007ffaa7be5000 	C:\WINDOWS\SYSTEM32\USERENV.dll
0x00007ffaa7220000 - 0x00007ffaa725a000 	C:\WINDOWS\SYSTEM32\IPHLPAPI.DLL
0x00007ffaa94c0000 - 0x00007ffaa94c8000 	C:\WINDOWS\System32\NSI.dll
0x00007ffaa0900000 - 0x00007ffaa0916000 	C:\WINDOWS\SYSTEM32\dhcpcsvc6.DLL
0x00007ffaa08e0000 - 0x00007ffaa08fc000 	C:\WINDOWS\SYSTEM32\dhcpcsvc.DLL
0x00007ffaa7260000 - 0x00007ffaa732a000 	C:\WINDOWS\SYSTEM32\DNSAPI.dll

VM Arguments:
jvm_args: -Xmx1536m -Dfile.encoding=x-windows-949 -Duser.country=KR -Duser.language=ko -Duser.variant 
java_command: org.gradle.launcher.daemon.bootstrap.GradleDaemon 5.6.4
java_class_path (initial): C:\Users\kymsd\.gradle\wrapper\dists\gradle-5.6.4-all\ankdp27end7byghfw1q2sw75f\gradle-5.6.4\lib\gradle-launcher-5.6.4.jar
Launcher Type: SUN_STANDARD

Environment Variables:
JAVA_HOME=C:\Program Files\Java\jdk1.8.0_241
PATH=C:\ProgramData\Miniconda3;C:\ProgramData\Miniconda3\Library\mingw-w64\bin;C:\ProgramData\Miniconda3\Library\usr\bin;C:\ProgramData\Miniconda3\Library\bin;C:\ProgramData\Miniconda3\Scripts;C:\oraclexe\app\oracle\product\11.2.0\server\bin;C:\app\kymsd\product\11.2.0\client_2;C:\app\kymsd\product\11.2.0\client_1;C:\app\kymsd\product\18.0.0\dbhomeXE\bin;C:\Program Files (x86)\Common Files\Oracle\Java\javapath;C:\Program Files (x86)\Intel\Intel(R) Management Engine Components\iCLS\;C:\Program Files\Intel\Intel(R) Management Engine Components\iCLS\;C:\WINDOWS\system32;C:\WINDOWS;C:\WINDOWS\System32\Wbem;C:\WINDOWS\System32\WindowsPowerShell\v1.0\;C:\WINDOWS\System32\OpenSSH\;C:\Program Files (x86)\Intel\Intel(R) Management Engine Components\DAL;C:\Program Files\Intel\Intel(R) Management Engine Components\DAL;C:\Program Files (x86)\Intel\Intel(R) Management Engine Components\IPT;C:\Program Files\Intel\Intel(R) Management Engine Components\IPT;C:\Program Files\Intel\WiFi\bin\;C:\Program Files\Common Files\Intel\WirelessCommon\;C:\WINDOWS\system32\config\systemprofile\.dnx\bin;C:\Program Files\Microsoft DNX\Dnvm\;C:\Program Files\Microsoft SQL Server\130\Tools\Binn\;c:\Program Files (x86)\Microsoft SQL Server\100\Tools\Binn\;c:\Program Files\Microsoft SQL Server\100\Tools\Binn\;c:\Program Files\Microsoft SQL Server\100\DTS\Binn\;c:\Program Files (x86)\Microsoft SQL Server\100\Tools\Binn\VSShell\Common7\IDE\;c:\Program Files (x86)\Microsoft SQL Server\100\DTS\Binn\;C:\Program Files\Microsoft SQL Server\Client SDK\ODBC\130\Tools\Binn\;C:\Program Files (x86)\Microsoft SQL Server\140\Tools\Binn\;C:\Program Files\Microsoft SQL Server\140\Tools\Binn\;C:\Program Files\Microsoft SQL Server\140\DTS\Binn\;C:\Program Files\OpenSSL-Win64\bin;C:\Program Files\Git\cmd;C:\Users\kymsd\AppData\Local\Microsoft\WindowsApps;C:\Program Files\Bandizip\;
USERNAME=kymsd
OS=Windows_NT
PROCESSOR_IDENTIFIER=Intel64 Family 6 Model 142 Stepping 10, GenuineIntel



---------------  S Y S T E M  ---------------

OS: Windows 10.0 , 64 bit Build 18362 (10.0.18362.778)

CPU:total 4 (initial active 4) (2 cores per cpu, 2 threads per core) family 6 model 142 stepping 10, cmov, cx8, fxsr, mmx, sse, sse2, sse3, ssse3, sse4.1, sse4.2, popcnt, avx, avx2, aes, clmul, erms, 3dnowpref, lzcnt, ht, tsc, tscinvbit, bmi1, bmi2, adx

Memory: 4k page, physical 8302052k(290360k free), swap 14671332k(3988k free)

vm_info: Java HotSpot(TM) 64-Bit Server VM (25.201-b09) for windows-amd64 JRE (1.8.0_201-b09), built on Dec 15 2018 18:36:39 by "java_re" with MS VC++ 10.0 (VS2010)

time: Thu Apr 30 16:26:42 2020
timezone: 대한민국 표준시
elapsed time: 171 seconds (0d 0h 2m 51s)

