#
# There is insufficient memory for the Java Runtime Environment to continue.
# Native memory allocation (malloc) failed to allocate 1995216 bytes for Chunk::new
# Possible reasons:
#   The system is out of physical RAM or swap space
#   The process is running with CompressedOops enabled, and the Java Heap may be blocking the growth of the native heap
# Possible solutions:
#   Reduce memory load on the system
#   Increase physical memory or swap space
#   Check if swap backing store is full
#   Decrease Java heap size (-Xmx/-Xms)
#   Decrease number of Java threads
#   Decrease Java thread stack sizes (-Xss)
#   Set larger code cache with -XX:ReservedCodeCacheSize=
#   JVM is running with Unscaled Compressed Oops mode in which the Java heap is
#     placed in the first 4GB address space. The Java Heap base address is the
#     maximum limit for the native heap growth. Please use -XX:HeapBaseMinAddress
#     to set the Java Heap base and to place the Java Heap above 4GB virtual address.
# This output file may be truncated or incomplete.
#
#  Out of Memory Error (allocation.cpp:390), pid=17372, tid=0x00000000000041f0
#
# JRE version: Java(TM) SE Runtime Environment (8.0_201-b09) (build 1.8.0_201-b09)
# Java VM: Java HotSpot(TM) 64-Bit Server VM (25.201-b09 mixed mode windows-amd64 compressed oops)
# Failed to write core dump. Minidumps are not enabled by default on client versions of Windows
#

---------------  T H R E A D  ---------------

Current thread (0x000000001689b800):  JavaThread "C2 CompilerThread0" daemon [_thread_in_native, id=16880, stack(0x0000000018230000,0x0000000018330000)]

Stack: [0x0000000018230000,0x0000000018330000]
[error occurred during error reporting (printing stack bounds), id 0xc0000005]

Native frames: (J=compiled Java code, j=interpreted, Vv=VM code, C=native code)


Current CompileTask:
C2:1248824 23204       4       com.android.tools.r8.ir.optimize.Z::a (406 bytes)


---------------  P R O C E S S  ---------------

Java Threads: ( => current thread )
  0x000000001d879000 JavaThread "WorkerExecutor Queue Thread 6" [_thread_in_native, id=35124, stack(0x0000000026560000,0x0000000026660000)]
  0x000000001cdb7800 JavaThread "Cache worker for Java compile cache (C:\Users\kymsd\AndroidStudioProjects\anjane\anjane_0520\.gradle\5.6.4\javaCompile)" [_thread_blocked, id=34868, stack(0x0000000025f60000,0x0000000026060000)]
  0x000000001cdb7000 JavaThread "Cache worker for Java compile cache (C:\Users\kymsd\.gradle\caches\5.6.4\javaCompile)" [_thread_blocked, id=5004, stack(0x0000000025b60000,0x0000000025c60000)]
  0x000000001cdae000 JavaThread "WorkerExecutor Queue Thread 5" [_thread_blocked, id=16680, stack(0x000000001b8b0000,0x000000001b9b0000)]
  0x000000001cdb4800 JavaThread "stdout" [_thread_in_native, id=11216, stack(0x0000000026d60000,0x0000000026e60000)]
  0x000000001cdb4000 JavaThread "stderr" [_thread_in_native, id=30724, stack(0x0000000026c60000,0x0000000026d60000)]
  0x000000001cdb6000 JavaThread "stdout" [_thread_in_native, id=23716, stack(0x0000000026b60000,0x0000000026c60000)]
  0x000000001cdac800 JavaThread "stderr" [_thread_in_native, id=33116, stack(0x0000000026a60000,0x0000000026b60000)]
  0x000000001cdb3000 JavaThread "stdout" [_thread_in_native, id=12856, stack(0x0000000026960000,0x0000000026a60000)]
  0x000000001cdab800 JavaThread "stderr" [_thread_in_native, id=17004, stack(0x0000000026860000,0x0000000026960000)]
  0x000000001cdb2800 JavaThread "stdout" [_thread_in_native, id=15152, stack(0x0000000026760000,0x0000000026860000)]
  0x000000001cdb0000 JavaThread "stderr" [_thread_in_native, id=34720, stack(0x0000000026660000,0x0000000026760000)]
  0x000000001cdaf800 JavaThread "pool-6-thread-1" [_thread_blocked, id=19100, stack(0x0000000026460000,0x0000000026560000)]
  0x000000001cdae800 JavaThread "WorkerExecutor Queue Thread 3" [_thread_in_Java, id=31128, stack(0x0000000026360000,0x0000000026460000)]
  0x000000001cdb1000 JavaThread "WorkerExecutor Queue Thread 2" [_thread_blocked, id=31664, stack(0x0000000026260000,0x0000000026360000)]
  0x000000001a448000 JavaThread "Cache worker for execution history cache (C:\Users\kymsd\AndroidStudioProjects\anjane\anjane_0520\.gradle\5.6.4\executionHistory)" [_thread_blocked, id=19416, stack(0x0000000025e60000,0x0000000025f60000)]
  0x000000001a442000 JavaThread "Execution worker for ':' Thread 3" [_thread_blocked, id=12120, stack(0x0000000025a60000,0x0000000025b60000)]
  0x000000001a43e000 JavaThread "Execution worker for ':' Thread 2" [_thread_blocked, id=23452, stack(0x0000000025960000,0x0000000025a60000)]
  0x000000001a43c800 JavaThread "Execution worker for ':'" [_thread_blocked, id=24596, stack(0x0000000023e30000,0x0000000023f30000)]
  0x000000001a43d800 JavaThread "Cache worker for file content cache (C:\Users\kymsd\AndroidStudioProjects\anjane\anjane_0520\.gradle\5.6.4\fileContent)" [_thread_blocked, id=36640, stack(0x0000000022760000,0x0000000022860000)]
  0x000000001a43b000 JavaThread "Cache worker for file content cache (C:\Users\kymsd\.gradle\caches\5.6.4\fileContent)" [_thread_blocked, id=38588, stack(0x0000000022460000,0x0000000022560000)]
  0x000000001c835000 JavaThread "Cache worker for Build Output Cleanup Cache (C:\Users\kymsd\AndroidStudioProjects\anjane\anjane_0520\.gradle\buildOutputCleanup)" [_thread_blocked, id=32336, stack(0x0000000021d60000,0x0000000021e60000)]
  0x000000001c830800 JavaThread "pool-3-thread-1" [_thread_blocked, id=28552, stack(0x0000000021c60000,0x0000000021d60000)]
  0x000000001c834800 JavaThread "Build operations Thread 4" [_thread_blocked, id=30148, stack(0x0000000021b60000,0x0000000021c60000)]
  0x000000001c833800 JavaThread "Build operations Thread 3" [_thread_blocked, id=25816, stack(0x0000000021a60000,0x0000000021b60000)]
  0x000000001c833000 JavaThread "Build operations Thread 2" [_thread_blocked, id=37188, stack(0x000000001ea50000,0x000000001eb50000)]
  0x000000001c832000 JavaThread "Build operations" [_thread_blocked, id=28432, stack(0x000000001e950000,0x000000001ea50000)]
  0x000000001c82a800 JavaThread "Cache worker for cache directory md-rule (C:\Users\kymsd\.gradle\caches\5.6.4\md-rule)" [_thread_blocked, id=32136, stack(0x000000001bcb0000,0x000000001bdb0000)]
  0x000000001c831800 JavaThread "Cache worker for cache directory md-supplier (C:\Users\kymsd\.gradle\caches\5.6.4\md-supplier)" [_thread_blocked, id=17736, stack(0x000000001bbb0000,0x000000001bcb0000)]
  0x000000001c829000 JavaThread "Cache worker for file hash cache (C:\Users\kymsd\AndroidStudioProjects\anjane\anjane_0520\.gradle\5.6.4\fileHashes)" [_thread_blocked, id=33824, stack(0x000000001bab0000,0x000000001bbb0000)]
  0x000000001c82d800 JavaThread "Thread-28" [_thread_blocked, id=34824, stack(0x000000001b9b0000,0x000000001bab0000)]
  0x000000001c82f000 JavaThread "Asynchronous log dispatcher for DefaultDaemonConnection: socket connection from /127.0.0.1:9506 to /127.0.0.1:9709" [_thread_blocked, id=31100, stack(0x000000001b5b0000,0x000000001b6b0000)]
  0x000000001c82d000 JavaThread "Daemon worker Thread 2" [_thread_blocked, id=14744, stack(0x000000001b4b0000,0x000000001b5b0000)]
  0x000000001c830000 JavaThread "Cancel handler" [_thread_blocked, id=35120, stack(0x0000000002bd0000,0x0000000002cd0000)]
  0x000000001c82a000 JavaThread "Handler for socket connection from /127.0.0.1:9506 to /127.0.0.1:9709" [_thread_in_native, id=12144, stack(0x0000000000f10000,0x0000000001010000)]
  0x000000001c82c000 JavaThread "Daemon Thread 2" [_thread_blocked, id=19652, stack(0x0000000000e10000,0x0000000000f10000)]
  0x000000001a44a000 JavaThread "Memory manager" [_thread_blocked, id=36912, stack(0x0000000023060000,0x0000000023160000)]
  0x000000001a43f000 JavaThread "Cache worker for execution history cache (C:\Users\kymsd\.gradle\caches\5.6.4\executionHistory)" [_thread_blocked, id=26416, stack(0x0000000020190000,0x0000000020290000)]
  0x0000000019a30800 JavaThread "Cache worker for journal cache (C:\Users\kymsd\.gradle\caches\journal-1)" [_thread_blocked, id=8860, stack(0x000000001c1b0000,0x000000001c2b0000)]
  0x0000000019a2b000 JavaThread "File lock request listener" [_thread_in_native, id=22680, stack(0x000000001c0b0000,0x000000001c1b0000)]
  0x0000000019a31000 JavaThread "Cache worker for file hash cache (C:\Users\kymsd\.gradle\caches\5.6.4\fileHashes)" [_thread_blocked, id=27144, stack(0x000000001bfb0000,0x000000001c0b0000)]
  0x0000000017d85800 JavaThread "Daemon periodic checks" [_thread_blocked, id=36240, stack(0x000000001b3b0000,0x000000001b4b0000)]
  0x0000000017d85000 JavaThread "Incoming local TCP Connector on port 9506" [_thread_in_native, id=11716, stack(0x000000001b1d0000,0x000000001b2d0000)]
  0x0000000017ea3800 JavaThread "Daemon health stats" [_thread_blocked, id=2388, stack(0x000000001aed0000,0x000000001afd0000)]
  0x0000000017cac000 JavaThread "Service Thread" daemon [_thread_blocked, id=20432, stack(0x0000000018530000,0x0000000018630000)]
  0x0000000017c42000 JavaThread "C1 CompilerThread2" daemon [_thread_blocked, id=36612, stack(0x0000000018430000,0x0000000018530000)]
  0x0000000017c3d800 JavaThread "C2 CompilerThread1" daemon [_thread_in_native, id=35200, stack(0x0000000018330000,0x0000000018430000)]
=>0x000000001689b800 JavaThread "C2 CompilerThread0" daemon [_thread_in_native, id=16880, stack(0x0000000018230000,0x0000000018330000)]
  0x000000001684e800 JavaThread "Attach Listener" daemon [_thread_blocked, id=14176, stack(0x0000000018130000,0x0000000018230000)]
  0x0000000017c38800 JavaThread "Signal Dispatcher" daemon [_thread_blocked, id=8288, stack(0x0000000018030000,0x0000000018130000)]
  0x0000000002ecb000 JavaThread "Finalizer" daemon [_thread_blocked, id=37224, stack(0x0000000017aa0000,0x0000000017ba0000)]
  0x0000000002ec2000 JavaThread "Reference Handler" daemon [_thread_blocked, id=17092, stack(0x00000000179a0000,0x0000000017aa0000)]
  0x0000000002dd2800 JavaThread "main" [_thread_blocked, id=35160, stack(0x0000000002cd0000,0x0000000002dd0000)]

Other Threads:
  0x0000000016808000 VMThread [stack: 0x00000000178a0000,0x00000000179a0000] [id=37820]
  0x0000000017cc4800 WatcherThread [stack: 0x0000000018630000,0x0000000018730000] [id=10248]

VM state:not at safepoint (normal execution)

VM Mutex/Monitor currently owned by a thread: None

heap address: 0x00000000a0000000, size: 1536 MB, Compressed Oops mode: 32-bit
Narrow klass base: 0x0000000000000000, Narrow klass shift: 3
Compressed class space size: 1073741824 Address: 0x0000000100000000

Heap:
 PSYoungGen      total 386048K, used 245072K [0x00000000e0000000, 0x00000000fff00000, 0x0000000100000000)
  eden space 347136K, 68% used [0x00000000e0000000,0x00000000ee897cc8,0x00000000f5300000)
  from space 38912K, 17% used [0x00000000f5300000,0x00000000f59bc4b0,0x00000000f7900000)
  to   space 37888K, 0% used [0x00000000fda00000,0x00000000fda00000,0x00000000fff00000)
 ParOldGen       total 202752K, used 107881K [0x00000000a0000000, 0x00000000ac600000, 0x00000000e0000000)
  object space 202752K, 53% used [0x00000000a0000000,0x00000000a695a438,0x00000000ac600000)
 Metaspace       used 103781K, capacity 108104K, committed 108312K, reserved 1142784K
  class space    used 13465K, capacity 14369K, committed 14372K, reserved 1048576K

Card table byte_map: [0x0000000012290000,0x00000000125a0000] byte_map_base: 0x0000000011d90000

Marking Bits: (ParMarkBitMap*) 0x000000006e614ce0
 Begin Bits: [0x0000000012ba0000, 0x00000000143a0000)
 End Bits:   [0x00000000143a0000, 0x0000000015ba0000)

Polling page: 0x00000000027b0000

CodeCache: size=245760Kb used=66830Kb max_used=66830Kb free=178929Kb
 bounds [0x0000000002ed0000, 0x0000000007080000, 0x0000000011ed0000]
 total_blobs=19337 nmethods=18407 adapters=840
 compilation: enabled

Compilation events (10 events):
Event: 1248.551 Thread 0x0000000017c42000 nmethod 23222 0x0000000006ff8d10 code [0x0000000006ff8e80, 0x0000000006ff9008]
Event: 1248.551 Thread 0x0000000017c42000 23223       2       java.util.TreeMap::firstKey (8 bytes)
Event: 1248.551 Thread 0x0000000017c42000 nmethod 23223 0x0000000006ff8750 code [0x0000000006ff88c0, 0x0000000006ff8b48]
Event: 1248.588 Thread 0x0000000017c42000 23225       2       com.android.tools.r8.graph.S::s (9 bytes)
Event: 1248.588 Thread 0x0000000017c42000 nmethod 23225 0x0000000006ff8410 code [0x0000000006ff8560, 0x0000000006ff86b0]
Event: 1248.640 Thread 0x0000000017c42000 23228   !   2       com.android.tools.r8.ir.analysis.type.e::a (74 bytes)
Event: 1248.640 Thread 0x0000000017c42000 nmethod 23228 0x0000000006fffa90 code [0x0000000006fffc20, 0x0000000007000078]
Event: 1248.661 Thread 0x0000000017c42000 23229       1       com.android.tools.r8.r.n.c::e (2 bytes)
Event: 1248.661 Thread 0x0000000017c42000 nmethod 23229 0x0000000006ff8150 code [0x0000000006ff82a0, 0x0000000006ff83b0]
Event: 1248.719 Thread 0x0000000017c42000 23231 %     3       com.android.tools.r8.u.c.M::a @ 1944 (3068 bytes)

GC Heap History (10 events):
Event: 1195.663 GC heap before
{Heap before GC invocations=23 (full 3):
 PSYoungGen      total 266752K, used 44196K [0x00000000e0000000, 0x00000000f3380000, 0x0000000100000000)
  eden space 239104K, 6% used [0x00000000e0000000,0x00000000e102a998,0x00000000ee980000)
  from space 27648K, 99% used [0x00000000f0800000,0x00000000f22fe7e0,0x00000000f2300000)
  to   space 16896K, 0% used [0x00000000f2300000,0x00000000f2300000,0x00000000f3380000)
 ParOldGen       total 127488K, used 86259K [0x00000000a0000000, 0x00000000a7c80000, 0x00000000e0000000)
  object space 127488K, 67% used [0x00000000a0000000,0x00000000a543cd08,0x00000000a7c80000)
 Metaspace       used 94748K, capacity 98430K, committed 98636K, reserved 1134592K
  class space    used 12318K, capacity 13144K, committed 13144K, reserved 1048576K
Event: 1196.403 GC heap after
Heap after GC invocations=23 (full 3):
 PSYoungGen      total 276992K, used 16869K [0x00000000e0000000, 0x00000000f7880000, 0x0000000100000000)
  eden space 260096K, 0% used [0x00000000e0000000,0x00000000e0000000,0x00000000efe00000)
  from space 16896K, 99% used [0x00000000f2300000,0x00000000f3379648,0x00000000f3380000)
  to   space 37888K, 0% used [0x00000000efe00000,0x00000000efe00000,0x00000000f2300000)
 ParOldGen       total 127488K, used 90517K [0x00000000a0000000, 0x00000000a7c80000, 0x00000000e0000000)
  object space 127488K, 71% used [0x00000000a0000000,0x00000000a5865680,0x00000000a7c80000)
 Metaspace       used 94748K, capacity 98430K, committed 98636K, reserved 1134592K
  class space    used 12318K, capacity 13144K, committed 13144K, reserved 1048576K
}
Event: 1196.645 GC heap before
{Heap before GC invocations=24 (full 3):
 PSYoungGen      total 276992K, used 20182K [0x00000000e0000000, 0x00000000f7880000, 0x0000000100000000)
  eden space 260096K, 1% used [0x00000000e0000000,0x00000000e033c458,0x00000000efe00000)
  from space 16896K, 99% used [0x00000000f2300000,0x00000000f3379648,0x00000000f3380000)
  to   space 37888K, 0% used [0x00000000efe00000,0x00000000efe00000,0x00000000f2300000)
 ParOldGen       total 127488K, used 90517K [0x00000000a0000000, 0x00000000a7c80000, 0x00000000e0000000)
  object space 127488K, 71% used [0x00000000a0000000,0x00000000a5865680,0x00000000a7c80000)
 Metaspace       used 95058K, capacity 98704K, committed 98712K, reserved 1134592K
  class space    used 12367K, capacity 13213K, committed 13220K, reserved 1048576K
Event: 1196.801 GC heap after
Heap after GC invocations=24 (full 3):
 PSYoungGen      total 297984K, used 4776K [0x00000000e0000000, 0x00000000f9e00000, 0x0000000100000000)
  eden space 260096K, 0% used [0x00000000e0000000,0x00000000e0000000,0x00000000efe00000)
  from space 37888K, 12% used [0x00000000efe00000,0x00000000f02aa158,0x00000000f2300000)
  to   space 37888K, 0% used [0x00000000f7900000,0x00000000f7900000,0x00000000f9e00000)
 ParOldGen       total 127488K, used 103172K [0x00000000a0000000, 0x00000000a7c80000, 0x00000000e0000000)
  object space 127488K, 80% used [0x00000000a0000000,0x00000000a64c10b8,0x00000000a7c80000)
 Metaspace       used 95058K, capacity 98704K, committed 98712K, reserved 1134592K
  class space    used 12367K, capacity 13213K, committed 13220K, reserved 1048576K
}
Event: 1196.801 GC heap before
{Heap before GC invocations=25 (full 4):
 PSYoungGen      total 297984K, used 4776K [0x00000000e0000000, 0x00000000f9e00000, 0x0000000100000000)
  eden space 260096K, 0% used [0x00000000e0000000,0x00000000e0000000,0x00000000efe00000)
  from space 37888K, 12% used [0x00000000efe00000,0x00000000f02aa158,0x00000000f2300000)
  to   space 37888K, 0% used [0x00000000f7900000,0x00000000f7900000,0x00000000f9e00000)
 ParOldGen       total 127488K, used 103172K [0x00000000a0000000, 0x00000000a7c80000, 0x00000000e0000000)
  object space 127488K, 80% used [0x00000000a0000000,0x00000000a64c10b8,0x00000000a7c80000)
 Metaspace       used 95058K, capacity 98704K, committed 98712K, reserved 1134592K
  class space    used 12367K, capacity 13213K, committed 13220K, reserved 1048576K
Event: 1201.453 GC heap after
Heap after GC invocations=25 (full 4):
 PSYoungGen      total 297984K, used 0K [0x00000000e0000000, 0x00000000f9e00000, 0x0000000100000000)
  eden space 260096K, 0% used [0x00000000e0000000,0x00000000e0000000,0x00000000efe00000)
  from space 37888K, 0% used [0x00000000efe00000,0x00000000efe00000,0x00000000f2300000)
  to   space 37888K, 0% used [0x00000000f7900000,0x00000000f7900000,0x00000000f9e00000)
 ParOldGen       total 202752K, used 91096K [0x00000000a0000000, 0x00000000ac600000, 0x00000000e0000000)
  object space 202752K, 44% used [0x00000000a0000000,0x00000000a58f60d0,0x00000000ac600000)
 Metaspace       used 94972K, capacity 98442K, committed 98712K, reserved 1134592K
  class space    used 12338K, capacity 13164K, committed 13220K, reserved 1048576K
}
Event: 1216.410 GC heap before
{Heap before GC invocations=26 (full 4):
 PSYoungGen      total 297984K, used 260096K [0x00000000e0000000, 0x00000000f9e00000, 0x0000000100000000)
  eden space 260096K, 100% used [0x00000000e0000000,0x00000000efe00000,0x00000000efe00000)
  from space 37888K, 0% used [0x00000000efe00000,0x00000000efe00000,0x00000000f2300000)
  to   space 37888K, 0% used [0x00000000f7900000,0x00000000f7900000,0x00000000f9e00000)
 ParOldGen       total 202752K, used 91096K [0x00000000a0000000, 0x00000000ac600000, 0x00000000e0000000)
  object space 202752K, 44% used [0x00000000a0000000,0x00000000a58f60d0,0x00000000ac600000)
 Metaspace       used 102555K, capacity 106700K, committed 107032K, reserved 1142784K
  class space    used 13349K, capacity 14253K, committed 14372K, reserved 1048576K
Event: 1216.637 GC heap after
Heap after GC invocations=26 (full 4):
 PSYoungGen      total 385024K, used 23993K [0x00000000e0000000, 0x00000000f9f80000, 0x0000000100000000)
  eden space 347136K, 0% used [0x00000000e0000000,0x00000000e0000000,0x00000000f5300000)
  from space 37888K, 63% used [0x00000000f7900000,0x00000000f906e710,0x00000000f9e00000)
  to   space 38912K, 0% used [0x00000000f5300000,0x00000000f5300000,0x00000000f7900000)
 ParOldGen       total 202752K, used 91112K [0x00000000a0000000, 0x00000000ac600000, 0x00000000e0000000)
  object space 202752K, 44% used [0x00000000a0000000,0x00000000a58fa0d0,0x00000000ac600000)
 Metaspace       used 102555K, capacity 106700K, committed 107032K, reserved 1142784K
  class space    used 13349K, capacity 14253K, committed 14372K, reserved 1048576K
}
Event: 1227.094 GC heap before
{Heap before GC invocations=27 (full 4):
 PSYoungGen      total 385024K, used 371129K [0x00000000e0000000, 0x00000000f9f80000, 0x0000000100000000)
  eden space 347136K, 100% used [0x00000000e0000000,0x00000000f5300000,0x00000000f5300000)
  from space 37888K, 63% used [0x00000000f7900000,0x00000000f906e710,0x00000000f9e00000)
  to   space 38912K, 0% used [0x00000000f5300000,0x00000000f5300000,0x00000000f7900000)
 ParOldGen       total 202752K, used 91112K [0x00000000a0000000, 0x00000000ac600000, 0x00000000e0000000)
  object space 202752K, 44% used [0x00000000a0000000,0x00000000a58fa0d0,0x00000000ac600000)
 Metaspace       used 103142K, capacity 107404K, committed 107544K, reserved 1142784K
  class space    used 13388K, capacity 14295K, committed 14372K, reserved 1048576K
Event: 1227.356 GC heap after
Heap after GC invocations=27 (full 4):
 PSYoungGen      total 386048K, used 6897K [0x00000000e0000000, 0x00000000fff00000, 0x0000000100000000)
  eden space 347136K, 0% used [0x00000000e0000000,0x00000000e0000000,0x00000000f5300000)
  from space 38912K, 17% used [0x00000000f5300000,0x00000000f59bc4b0,0x00000000f7900000)
  to   space 37888K, 0% used [0x00000000fda00000,0x00000000fda00000,0x00000000fff00000)
 ParOldGen       total 202752K, used 107881K [0x00000000a0000000, 0x00000000ac600000, 0x00000000e0000000)
  object space 202752K, 53% used [0x00000000a0000000,0x00000000a695a438,0x00000000ac600000)
 Metaspace       used 103142K, capacity 107404K, committed 107544K, reserved 1142784K
  class space    used 13388K, capacity 14295K, committed 14372K, reserved 1048576K
}

Deoptimization events (10 events):
Event: 1246.776 Thread 0x000000001cdae800 Uncommon trap: reason=class_check action=maybe_recompile pc=0x000000000684c644 method=com.android.tools.r8.utils.X.F()Z @ 6
Event: 1246.779 Thread 0x000000001cdae800 Uncommon trap: reason=class_check action=maybe_recompile pc=0x000000000319dfc8 method=com.android.tools.r8.utils.X.F()Z @ 6
Event: 1246.779 Thread 0x000000001cdae800 Uncommon trap: reason=unstable_if action=reinterpret pc=0x0000000005ed4714 method=com.android.tools.r8.utils.X.F()Z @ 9
Event: 1246.779 Thread 0x000000001cdae800 Uncommon trap: reason=class_check action=maybe_recompile pc=0x000000000530342c method=com.android.tools.r8.utils.X.F()Z @ 6
Event: 1246.806 Thread 0x000000001cdae800 Uncommon trap: reason=unstable_if action=reinterpret pc=0x0000000005e70b80 method=com.android.tools.r8.utils.X.F()Z @ 9
Event: 1246.838 Thread 0x000000001cdae800 Uncommon trap: reason=unstable_if action=reinterpret pc=0x00000000068cafb0 method=com.android.tools.r8.graph.d0.a(C)I @ 7
Event: 1246.839 Thread 0x000000001cdae800 Uncommon trap: reason=unstable_if action=reinterpret pc=0x0000000003d0687c method=com.android.tools.r8.graph.d0.a(C)I @ 7
Event: 1248.380 Thread 0x000000001cdae800 Uncommon trap: reason=unstable_if action=reinterpret pc=0x00000000067cebac method=com.android.tools.r8.u.b.i1.b()Z @ 11
Event: 1248.383 Thread 0x000000001cdae800 Uncommon trap: reason=null_check action=make_not_entrant pc=0x0000000007003548 method=com.android.tools.r8.ir.analysis.type.ArrayTypeLatticeElement.getOrCreateVariant(Lcom/android/tools/r8/ir/analysis/type/d;)Lcom/android/tools/r8/ir/analysis/type/Referen
Event: 1248.719 Thread 0x000000001cdae800 Uncommon trap: reason=unstable_if action=reinterpret pc=0x0000000006fa5388 method=com.android.tools.r8.u.c.M.a(Lcom/android/tools/r8/graph/S;)Lcom/android/tools/r8/u/b/T; @ 1696

Classes redefined (0 events):
No events

Internal exceptions (10 events):
Event: 1209.268 Thread 0x000000001a43e000 Exception <a 'sun/nio/fs/WindowsException'> (0x00000000e6bfcf20) thrown at [C:\re\workspace\8-2-build-windows-amd64-cygwin\jdk8u201\12322\hotspot\src\share\vm\prims\jni.cpp, line 709]
Event: 1210.611 Thread 0x000000001a43e000 Exception <a 'sun/nio/fs/WindowsException'> (0x00000000e8f79d60) thrown at [C:\re\workspace\8-2-build-windows-amd64-cygwin\jdk8u201\12322\hotspot\src\share\vm\prims\jni.cpp, line 709]
Event: 1213.550 Thread 0x000000001a43e000 Implicit null exception at 0x0000000006b027c0 to 0x0000000006b064b1
Event: 1220.895 Thread 0x000000001a442000 Exception <a 'java/lang/NoSuchMethodError': <clinit>> (0x00000000e92f60c0) thrown at [C:\re\workspace\8-2-build-windows-amd64-cygwin\jdk8u201\12322\hotspot\src\share\vm\prims\jni.cpp, line 1613]
Event: 1226.868 Thread 0x000000001a43e000 Implicit null exception at 0x000000000684b30f to 0x000000000684b481
Event: 1228.272 Thread 0x000000001a43e000 Exception <a 'sun/nio/fs/WindowsException'> (0x00000000e068d528) thrown at [C:\re\workspace\8-2-build-windows-amd64-cygwin\jdk8u201\12322\hotspot\src\share\vm\prims\jni.cpp, line 709]
Event: 1237.757 Thread 0x000000001a43c800 Exception <a 'java/lang/NoSuchMethodError': <clinit>> (0x00000000e739d908) thrown at [C:\re\workspace\8-2-build-windows-amd64-cygwin\jdk8u201\12322\hotspot\src\share\vm\prims\jni.cpp, line 1613]
Event: 1237.760 Thread 0x000000001a43c800 Exception <a 'java/lang/NoSuchMethodError': <clinit>> (0x00000000e73b2460) thrown at [C:\re\workspace\8-2-build-windows-amd64-cygwin\jdk8u201\12322\hotspot\src\share\vm\prims\jni.cpp, line 1613]
Event: 1246.755 Thread 0x000000001cdae800 Exception <a 'sun/nio/fs/WindowsException'> (0x00000000ec96aa98) thrown at [C:\re\workspace\8-2-build-windows-amd64-cygwin\jdk8u201\12322\hotspot\src\share\vm\prims\jni.cpp, line 709]
Event: 1248.383 Thread 0x000000001cdae800 Implicit null exception at 0x0000000007002c7b to 0x000000000700353d

Events (10 events):
Event: 1248.384 Thread 0x000000001cdae800 DEOPT UNPACKING pc=0x0000000002f1583b sp=0x000000002645c8a8 mode 2
Event: 1248.520 Thread 0x000000001cdae800 DEOPT PACKING pc=0x00000000069d0733 sp=0x000000002645cbf0
Event: 1248.520 Thread 0x000000001cdae800 DEOPT UNPACKING pc=0x0000000002f17890 sp=0x000000002645cb10 mode 0
Event: 1248.574 Thread 0x000000001cdae800 DEOPT PACKING pc=0x0000000006a660fe sp=0x000000002645c820
Event: 1248.574 Thread 0x000000001cdae800 DEOPT UNPACKING pc=0x0000000002f17890 sp=0x000000002645c848 mode 0
Event: 1248.719 Thread 0x000000001cdae800 Uncommon trap: trap_request=0xffffff65 fr.pc=0x0000000006fa5388
Event: 1248.719 Thread 0x000000001cdae800 DEOPT PACKING pc=0x0000000006fa5388 sp=0x000000002645cd70
Event: 1248.719 Thread 0x000000001cdae800 DEOPT UNPACKING pc=0x0000000002f1583b sp=0x000000002645cd88 mode 2
Event: 1248.734 Thread 0x000000001cdae800 DEOPT PACKING pc=0x000000000692e2b1 sp=0x000000002645cdf0
Event: 1248.734 Thread 0x000000001cdae800 DEOPT UNPACKING pc=0x0000000002f17890 sp=0x000000002645cb18 mode 0


Dynamic libraries:
0x00007ff643860000 - 0x00007ff643897000 	C:\Program Files\Java\jdk1.8.0_201\bin\java.exe
0x00007ff9072c0000 - 0x00007ff9074b0000 	C:\WINDOWS\SYSTEM32\ntdll.dll
0x00007ff905c20000 - 0x00007ff905cd2000 	C:\WINDOWS\System32\KERNEL32.DLL
0x00007ff904cc0000 - 0x00007ff904f64000 	C:\WINDOWS\System32\KERNELBASE.dll
0x00007ff906360000 - 0x00007ff906403000 	C:\WINDOWS\System32\ADVAPI32.dll
0x00007ff9070c0000 - 0x00007ff90715e000 	C:\WINDOWS\System32\msvcrt.dll
0x00007ff905e80000 - 0x00007ff905f17000 	C:\WINDOWS\System32\sechost.dll
0x00007ff906fa0000 - 0x00007ff9070c0000 	C:\WINDOWS\System32\RPCRT4.dll
0x00007ff9066c0000 - 0x00007ff906854000 	C:\WINDOWS\System32\USER32.dll
0x00007ff904250000 - 0x00007ff904271000 	C:\WINDOWS\System32\win32u.dll
0x00007ff906860000 - 0x00007ff906886000 	C:\WINDOWS\System32\GDI32.dll
0x00007ff904f70000 - 0x00007ff905104000 	C:\WINDOWS\System32\gdi32full.dll
0x00007ff904c20000 - 0x00007ff904cbe000 	C:\WINDOWS\System32\msvcp_win.dll
0x00007ff905140000 - 0x00007ff90523a000 	C:\WINDOWS\System32\ucrtbase.dll
0x00007ff8f4ac0000 - 0x00007ff8f4d44000 	C:\WINDOWS\WinSxS\amd64_microsoft.windows.common-controls_6595b64144ccf1df_6.0.18362.836_none_e6c4b943130f18ed\COMCTL32.dll
0x00007ff905f30000 - 0x00007ff906266000 	C:\WINDOWS\System32\combase.dll
0x00007ff9052f0000 - 0x00007ff905370000 	C:\WINDOWS\System32\bcryptPrimitives.dll
0x00007ff906d60000 - 0x00007ff906d8e000 	C:\WINDOWS\System32\IMM32.DLL
0x000000006e6a0000 - 0x000000006e771000 	C:\Program Files\Java\jdk1.8.0_201\jre\bin\msvcr100.dll
0x000000006ddf0000 - 0x000000006e694000 	C:\Program Files\Java\jdk1.8.0_201\jre\bin\server\jvm.dll
0x00007ff905da0000 - 0x00007ff905da8000 	C:\WINDOWS\System32\PSAPI.DLL
0x00007ff8f43e0000 - 0x00007ff8f43e9000 	C:\WINDOWS\SYSTEM32\WSOCK32.dll
0x00007ff907160000 - 0x00007ff9071cf000 	C:\WINDOWS\System32\WS2_32.dll
0x00007ff8f5590000 - 0x00007ff8f55b4000 	C:\WINDOWS\SYSTEM32\WINMM.dll
0x00007ff8fa120000 - 0x00007ff8fa12a000 	C:\WINDOWS\SYSTEM32\VERSION.dll
0x00007ff8f5560000 - 0x00007ff8f558d000 	C:\WINDOWS\SYSTEM32\WINMMBASE.dll
0x00007ff904280000 - 0x00007ff9042ca000 	C:\WINDOWS\System32\cfgmgr32.dll
0x00007ff8fb290000 - 0x00007ff8fb29f000 	C:\Program Files\Java\jdk1.8.0_201\jre\bin\verify.dll
0x00007ff8f9420000 - 0x00007ff8f9449000 	C:\Program Files\Java\jdk1.8.0_201\jre\bin\java.dll
0x00007ff8f45f0000 - 0x00007ff8f4606000 	C:\Program Files\Java\jdk1.8.0_201\jre\bin\zip.dll
0x00007ff905370000 - 0x00007ff905a54000 	C:\WINDOWS\System32\SHELL32.dll
0x00007ff9071d0000 - 0x00007ff907279000 	C:\WINDOWS\System32\shcore.dll
0x00007ff904420000 - 0x00007ff904b9e000 	C:\WINDOWS\System32\windows.storage.dll
0x00007ff904220000 - 0x00007ff904243000 	C:\WINDOWS\System32\profapi.dll
0x00007ff9041b0000 - 0x00007ff9041fa000 	C:\WINDOWS\System32\powrprof.dll
0x00007ff904180000 - 0x00007ff904190000 	C:\WINDOWS\System32\UMPDC.dll
0x00007ff906d00000 - 0x00007ff906d52000 	C:\WINDOWS\System32\shlwapi.dll
0x00007ff904190000 - 0x00007ff9041a1000 	C:\WINDOWS\System32\kernel.appcore.dll
0x00007ff904c00000 - 0x00007ff904c17000 	C:\WINDOWS\System32\cryptsp.dll
0x00007ff8f45d0000 - 0x00007ff8f45ea000 	C:\Program Files\Java\jdk1.8.0_201\jre\bin\net.dll
0x00007ff8f5230000 - 0x00007ff8f5406000 	C:\WINDOWS\SYSTEM32\urlmon.dll
0x00007ff8f4e10000 - 0x00007ff8f50b6000 	C:\WINDOWS\SYSTEM32\iertutil.dll
0x00007ff903bc0000 - 0x00007ff903bcc000 	C:\WINDOWS\SYSTEM32\CRYPTBASE.DLL
0x00007ff9039f0000 - 0x00007ff903a57000 	C:\WINDOWS\system32\mswsock.dll
0x00007ff8f4590000 - 0x00007ff8f45a1000 	C:\Program Files\Java\jdk1.8.0_201\jre\bin\nio.dll
0x00007ff8fb720000 - 0x00007ff8fb746000 	C:\Users\kymsd\.gradle\native\30\windows-amd64\native-platform.dll
0x00007ff8f9be0000 - 0x00007ff8f9bed000 	C:\Program Files\Java\jdk1.8.0_201\jre\bin\management.dll
0x00007ff903560000 - 0x00007ff903593000 	C:\WINDOWS\system32\rsaenh.dll
0x00007ff905110000 - 0x00007ff905136000 	C:\WINDOWS\System32\bcrypt.dll
0x00007ff904070000 - 0x00007ff904095000 	C:\WINDOWS\SYSTEM32\USERENV.dll
0x00007ff903700000 - 0x00007ff90373a000 	C:\WINDOWS\SYSTEM32\IPHLPAPI.DLL
0x00007ff905c10000 - 0x00007ff905c18000 	C:\WINDOWS\System32\NSI.dll
0x00007ff8fa100000 - 0x00007ff8fa116000 	C:\WINDOWS\SYSTEM32\dhcpcsvc6.DLL
0x00007ff8fa760000 - 0x00007ff8fa77c000 	C:\WINDOWS\SYSTEM32\dhcpcsvc.DLL
0x00007ff903740000 - 0x00007ff90380b000 	C:\WINDOWS\SYSTEM32\DNSAPI.dll
0x00007ff8df0c0000 - 0x00007ff8df0e4000 	C:\Program Files\Java\jdk1.8.0_201\jre\bin\sunec.dll
0x00007ff8f7ab0000 - 0x00007ff8f7aba000 	C:\Windows\System32\rasadhlp.dll
0x00007ff8f9c20000 - 0x00007ff8f9c97000 	C:\WINDOWS\System32\fwpuclnt.dll
0x00007ff8fba40000 - 0x00007ff8fba4b000 	C:\Program Files\Java\jdk1.8.0_201\jre\bin\sunmscapi.dll
0x00007ff9042d0000 - 0x00007ff904419000 	C:\WINDOWS\System32\CRYPT32.dll
0x00007ff904200000 - 0x00007ff904212000 	C:\WINDOWS\System32\MSASN1.dll
0x00007ff9031e0000 - 0x00007ff903211000 	C:\WINDOWS\SYSTEM32\ntmarta.dll

VM Arguments:
jvm_args: -Xmx1536m -Dfile.encoding=x-windows-949 -Duser.country=KR -Duser.language=ko -Duser.variant 
java_command: org.gradle.launcher.daemon.bootstrap.GradleDaemon 5.6.4
java_class_path (initial): C:\Users\kymsd\.gradle\wrapper\dists\gradle-5.6.4-all\ankdp27end7byghfw1q2sw75f\gradle-5.6.4\lib\gradle-launcher-5.6.4.jar
Launcher Type: SUN_STANDARD

Environment Variables:
JAVA_HOME=C:\Program Files\Java\jdk1.8.0_241
PATH=C:\ProgramData\Miniconda3;C:\ProgramData\Miniconda3\Library\mingw-w64\bin;C:\ProgramData\Miniconda3\Library\usr\bin;C:\ProgramData\Miniconda3\Library\bin;C:\ProgramData\Miniconda3\Scripts;C:\oraclexe\app\oracle\product\11.2.0\server\bin;C:\app\kymsd\product\11.2.0\client_2;C:\app\kymsd\product\11.2.0\client_1;C:\app\kymsd\product\18.0.0\dbhomeXE\bin;C:\Program Files (x86)\Common Files\Oracle\Java\javapath;C:\Program Files (x86)\Intel\Intel(R) Management Engine Components\iCLS\;C:\Program Files\Intel\Intel(R) Management Engine Components\iCLS\;C:\WINDOWS\system32;C:\WINDOWS;C:\WINDOWS\System32\Wbem;C:\WINDOWS\System32\WindowsPowerShell\v1.0\;C:\WINDOWS\System32\OpenSSH\;C:\Program Files (x86)\Intel\Intel(R) Management Engine Components\DAL;C:\Program Files\Intel\Intel(R) Management Engine Components\DAL;C:\Program Files (x86)\Intel\Intel(R) Management Engine Components\IPT;C:\Program Files\Intel\Intel(R) Management Engine Components\IPT;C:\Program Files\Intel\WiFi\bin\;C:\Program Files\Common Files\Intel\WirelessCommon\;C:\WINDOWS\system32\config\systemprofile\.dnx\bin;C:\Program Files\Microsoft DNX\Dnvm\;C:\Program Files\Microsoft SQL Server\130\Tools\Binn\;c:\Program Files (x86)\Microsoft SQL Server\100\Tools\Binn\;c:\Program Files\Microsoft SQL Server\100\Tools\Binn\;c:\Program Files\Microsoft SQL Server\100\DTS\Binn\;c:\Program Files (x86)\Microsoft SQL Server\100\Tools\Binn\VSShell\Common7\IDE\;c:\Program Files (x86)\Microsoft SQL Server\100\DTS\Binn\;C:\Program Files\Microsoft SQL Server\Client SDK\ODBC\130\Tools\Binn\;C:\Program Files (x86)\Microsoft SQL Server\140\Tools\Binn\;C:\Program Files\Microsoft SQL Server\140\Tools\Binn\;C:\Program Files\Microsoft SQL Server\140\DTS\Binn\;C:\Program Files\OpenSSL-Win64\bin;C:\Program Files\Git\cmd;C:\Users\kymsd\AppData\Local\Microsoft\WindowsApps;C:\Program Files\Bandizip\;
USERNAME=kymsd
OS=Windows_NT
PROCESSOR_IDENTIFIER=Intel64 Family 6 Model 142 Stepping 10, GenuineIntel



---------------  S Y S T E M  ---------------

OS: Windows 10.0 , 64 bit Build 18362 (10.0.18362.778)

CPU:total 4 (initial active 4) (2 cores per cpu, 2 threads per core) family 6 model 142 stepping 10, cmov, cx8, fxsr, mmx, sse, sse2, sse3, ssse3, sse4.1, sse4.2, popcnt, avx, avx2, aes, clmul, erms, 3dnowpref, lzcnt, ht, tsc, tscinvbit, bmi1, bmi2, adx

Memory: 4k page, physical 8302052k(278352k free), swap 14671332k(10192k free)

vm_info: Java HotSpot(TM) 64-Bit Server VM (25.201-b09) for windows-amd64 JRE (1.8.0_201-b09), built on Dec 15 2018 18:36:39 by "java_re" with MS VC++ 10.0 (VS2010)

time: Sun May 31 01:11:36 2020
timezone: 대한민국 표준시
elapsed time: 1248 seconds (0d 0h 20m 48s)

