#
# There is insufficient memory for the Java Runtime Environment to continue.
# Native memory allocation (malloc) failed to allocate 32744 bytes for ChunkPool::allocate
# Possible reasons:
#   The system is out of physical RAM or swap space
#   The process is running with CompressedOops enabled, and the Java Heap may be blocking the growth of the native heap
# Possible solutions:
#   Reduce memory load on the system
#   Increase physical memory or swap space
#   Check if swap backing store is full
#   Decrease Java heap size (-Xmx/-Xms)
#   Decrease number of Java threads
#   Decrease Java thread stack sizes (-Xss)
#   Set larger code cache with -XX:ReservedCodeCacheSize=
#   JVM is running with Unscaled Compressed Oops mode in which the Java heap is
#     placed in the first 4GB address space. The Java Heap base address is the
#     maximum limit for the native heap growth. Please use -XX:HeapBaseMinAddress
#     to set the Java Heap base and to place the Java Heap above 4GB virtual address.
# This output file may be truncated or incomplete.
#
#  Out of Memory Error (allocation.cpp:273), pid=38432, tid=0x0000000000008c28
#
# JRE version: Java(TM) SE Runtime Environment (8.0_201-b09) (build 1.8.0_201-b09)
# Java VM: Java HotSpot(TM) 64-Bit Server VM (25.201-b09 mixed mode windows-amd64 compressed oops)
# Failed to write core dump. Minidumps are not enabled by default on client versions of Windows
#

---------------  T H R E A D  ---------------

Current thread (0x0000000016ddc800):  JavaThread "C2 CompilerThread0" daemon [_thread_in_native, id=35880, stack(0x0000000018870000,0x0000000018970000)]

Stack: [0x0000000018870000,0x0000000018970000]
[error occurred during error reporting (printing stack bounds), id 0xc0000005]

Native frames: (J=compiled Java code, j=interpreted, Vv=VM code, C=native code)


Current CompileTask:
C2:  46911 8392   !   4       java.net.URLClassLoader$1::run (63 bytes)


---------------  P R O C E S S  ---------------

Java Threads: ( => current thread )
  0x000000001abe8000 JavaThread "WorkerExecutor Queue" [_thread_in_vm, id=9844, stack(0x0000000023740000,0x0000000023840000)]
  0x000000001abe2000 JavaThread "Cache worker for execution history cache (C:\Users\kymsd\AndroidStudioProjects\anjane\anjane_0520\.gradle\5.6.4\executionHistory)" [_thread_blocked, id=19032, stack(0x0000000023330000,0x0000000023430000)]
  0x000000001abdd000 JavaThread "Execution worker for ':' Thread 3" [_thread_in_native, id=18936, stack(0x0000000023030000,0x0000000023130000)]
  0x000000001abe1800 JavaThread "Execution worker for ':' Thread 2" [_thread_blocked, id=1536, stack(0x0000000022f30000,0x0000000023030000)]
  0x000000001abda000 JavaThread "Execution worker for ':'" [_thread_in_native, id=13440, stack(0x00000000229d0000,0x0000000022ad0000)]
  0x000000001abdb800 JavaThread "Cache worker for file content cache (C:\Users\kymsd\AndroidStudioProjects\anjane\anjane_0520\.gradle\5.6.4\fileContent)" [_thread_blocked, id=13512, stack(0x00000000226d0000,0x00000000227d0000)]
  0x000000001abde800 JavaThread "Cache worker for file content cache (C:\Users\kymsd\.gradle\caches\5.6.4\fileContent)" [_thread_blocked, id=16168, stack(0x00000000225d0000,0x00000000226d0000)]
  0x000000001abe0800 JavaThread "Memory manager" [_thread_blocked, id=7496, stack(0x00000000224d0000,0x00000000225d0000)]
  0x000000001abe0000 JavaThread "Cache worker for Build Output Cleanup Cache (C:\Users\kymsd\AndroidStudioProjects\anjane\anjane_0520\.gradle\buildOutputCleanup)" [_thread_blocked, id=36144, stack(0x00000000219d0000,0x0000000021ad0000)]
  0x000000001abdd800 JavaThread "pool-1-thread-1" [_thread_blocked, id=23452, stack(0x00000000216d0000,0x00000000217d0000)]
  0x000000001abdf000 JavaThread "Build operations Thread 4" [_thread_blocked, id=36640, stack(0x0000000020f80000,0x0000000021080000)]
  0x000000001abda800 JavaThread "Build operations Thread 3" [_thread_blocked, id=37632, stack(0x0000000020e80000,0x0000000020f80000)]
  0x000000001abd9000 JavaThread "Build operations Thread 2" [_thread_blocked, id=14424, stack(0x0000000020d80000,0x0000000020e80000)]
  0x000000001a1a7000 JavaThread "Build operations" [_thread_blocked, id=9900, stack(0x0000000020c80000,0x0000000020d80000)]
  0x000000001a1a6000 JavaThread "Cache worker for execution history cache (C:\Users\kymsd\.gradle\caches\5.6.4\executionHistory)" [_thread_blocked, id=21668, stack(0x0000000020a60000,0x0000000020b60000)]
  0x000000001a1a5800 JavaThread "Cache worker for cache directory md-rule (C:\Users\kymsd\.gradle\caches\5.6.4\md-rule)" [_thread_blocked, id=9852, stack(0x0000000020b80000,0x0000000020c80000)]
  0x000000001a1ac000 JavaThread "Cache worker for cache directory md-supplier (C:\Users\kymsd\.gradle\caches\5.6.4\md-supplier)" [_thread_blocked, id=19020, stack(0x000000001f330000,0x000000001f430000)]
  0x000000001a1a7800 JavaThread "Cache worker for file hash cache (C:\Users\kymsd\AndroidStudioProjects\anjane\anjane_0520\.gradle\5.6.4\fileHashes)" [_thread_blocked, id=38508, stack(0x000000001ec20000,0x000000001ed20000)]
  0x000000001a1a8800 JavaThread "Cache worker for journal cache (C:\Users\kymsd\.gradle\caches\journal-1)" [_thread_blocked, id=12304, stack(0x000000001c7f0000,0x000000001c8f0000)]
  0x000000001a1a9000 JavaThread "File lock request listener" [_thread_in_native, id=26188, stack(0x000000001c6f0000,0x000000001c7f0000)]
  0x000000001a1aa000 JavaThread "Cache worker for file hash cache (C:\Users\kymsd\.gradle\caches\5.6.4\fileHashes)" [_thread_blocked, id=27304, stack(0x000000001c5f0000,0x000000001c6f0000)]
  0x0000000019bf3800 JavaThread "Thread-9" [_thread_blocked, id=37896, stack(0x000000001c2f0000,0x000000001c3f0000)]
  0x0000000019bf2000 JavaThread "Stdin handler" [_thread_blocked, id=12456, stack(0x000000001c1f0000,0x000000001c2f0000)]
  0x000000001841f800 JavaThread "Asynchronous log dispatcher for DefaultDaemonConnection: socket connection from /127.0.0.1:11127 to /127.0.0.1:11128" [_thread_blocked, id=31936, stack(0x000000001c0f0000,0x000000001c1f0000)]
  0x0000000019c14000 JavaThread "Daemon worker" [_thread_in_native, id=32720, stack(0x000000001bff0000,0x000000001c0f0000)]
  0x000000001841d000 JavaThread "Cancel handler" [_thread_blocked, id=17396, stack(0x000000001bef0000,0x000000001bff0000)]
  0x000000001930a000 JavaThread "Handler for socket connection from /127.0.0.1:11127 to /127.0.0.1:11128" [_thread_in_native, id=5072, stack(0x000000001bbf0000,0x000000001bcf0000)]
  0x00000000192e9800 JavaThread "Daemon" [_thread_blocked, id=29680, stack(0x000000001baf0000,0x000000001bbf0000)]
  0x00000000192dc800 JavaThread "Daemon periodic checks" [_thread_blocked, id=12508, stack(0x000000001b9f0000,0x000000001baf0000)]
  0x00000000182c6000 JavaThread "Incoming local TCP Connector on port 11127" [_thread_in_native, id=22488, stack(0x000000001b810000,0x000000001b910000)]
  0x0000000018636800 JavaThread "Daemon health stats" [_thread_blocked, id=4972, stack(0x000000001b510000,0x000000001b610000)]
  0x0000000018300800 JavaThread "Service Thread" daemon [_thread_blocked, id=31884, stack(0x0000000018b70000,0x0000000018c70000)]
  0x0000000018285800 JavaThread "C1 CompilerThread2" daemon [_thread_blocked, id=5676, stack(0x0000000018a70000,0x0000000018b70000)]
  0x0000000018280800 JavaThread "C2 CompilerThread1" daemon [_thread_in_native, id=36288, stack(0x0000000018970000,0x0000000018a70000)]
=>0x0000000016ddc800 JavaThread "C2 CompilerThread0" daemon [_thread_in_native, id=35880, stack(0x0000000018870000,0x0000000018970000)]
  0x0000000016d90000 JavaThread "Attach Listener" daemon [_thread_blocked, id=2624, stack(0x0000000018770000,0x0000000018870000)]
  0x0000000018278800 JavaThread "Signal Dispatcher" daemon [_thread_blocked, id=26836, stack(0x0000000018670000,0x0000000018770000)]
  0x000000000340b000 JavaThread "Finalizer" daemon [_thread_blocked, id=9816, stack(0x0000000017fe0000,0x00000000180e0000)]
  0x0000000003402000 JavaThread "Reference Handler" daemon [_thread_blocked, id=31056, stack(0x0000000017ee0000,0x0000000017fe0000)]
  0x0000000003312800 JavaThread "main" [_thread_blocked, id=8608, stack(0x0000000003210000,0x0000000003310000)]

Other Threads:
  0x0000000016d48000 VMThread [stack: 0x0000000017de0000,0x0000000017ee0000] [id=18152]
  0x000000001831e800 WatcherThread [stack: 0x0000000018c70000,0x0000000018d70000] [id=12988]

VM state:not at safepoint (normal execution)

VM Mutex/Monitor currently owned by a thread: None

heap address: 0x00000000a0000000, size: 1536 MB, Compressed Oops mode: 32-bit
Narrow klass base: 0x0000000000000000, Narrow klass shift: 3
Compressed class space size: 1073741824 Address: 0x0000000100000000

Heap:
 PSYoungGen      total 174592K, used 19673K [0x00000000e0000000, 0x00000000ecd80000, 0x0000000100000000)
  eden space 158720K, 2% used [0x00000000e0000000,0x00000000e03b73a0,0x00000000e9b00000)
  from space 15872K, 99% used [0x00000000eae80000,0x00000000ebdff080,0x00000000ebe00000)
  to   space 12800K, 0% used [0x00000000ec100000,0x00000000ec100000,0x00000000ecd80000)
 ParOldGen       total 129536K, used 40905K [0x00000000a0000000, 0x00000000a7e80000, 0x00000000e0000000)
  object space 129536K, 31% used [0x00000000a0000000,0x00000000a27f2728,0x00000000a7e80000)
 Metaspace       used 60985K, capacity 63394K, committed 63744K, reserved 1103872K
  class space    used 8548K, capacity 9099K, committed 9216K, reserved 1048576K

Card table byte_map: [0x00000000127d0000,0x0000000012ae0000] byte_map_base: 0x00000000122d0000

Marking Bits: (ParMarkBitMap*) 0x000000006e614ce0
 Begin Bits: [0x00000000130e0000, 0x00000000148e0000)
 End Bits:   [0x00000000148e0000, 0x00000000160e0000)

Polling page: 0x0000000001320000

CodeCache: size=245760Kb used=24371Kb max_used=24431Kb free=221388Kb
 bounds [0x0000000003410000, 0x0000000004c30000, 0x0000000012410000]
 total_blobs=8157 nmethods=7370 adapters=698
 compilation: enabled

Compilation events (10 events):
Event: 46.850 Thread 0x0000000018285800 nmethod 8504 0x0000000003960890 code [0x0000000003960a00, 0x0000000003960ba8]
Event: 46.851 Thread 0x0000000018285800 8505       3       java.io.ObjectInputStream::defaultReadFields (199 bytes)
Event: 46.860 Thread 0x0000000018285800 nmethod 8505 0x0000000004bf9950 code [0x0000000004bf9b80, 0x0000000004bfa748]
Event: 46.861 Thread 0x0000000018285800 8507       3       java.io.ObjectStreamClass$FieldReflector::setObjFieldValues (248 bytes)
Event: 46.870 Thread 0x0000000018285800 nmethod 8507 0x00000000046a7e10 code [0x00000000046a8180, 0x00000000046aa158]
Event: 46.871 Thread 0x0000000018285800 8506       3       java.io.ObjectStreamClass::setObjFieldValues (10 bytes)
Event: 46.876 Thread 0x0000000018285800 nmethod 8506 0x00000000046a7a50 code [0x00000000046a7bc0, 0x00000000046a7d48]
Event: 46.884 Thread 0x0000000018285800 8509       3       com.google.common.collect.ImmutableMap::entryOf (15 bytes)
Event: 46.891 Thread 0x0000000018285800 nmethod 8509 0x00000000046a7450 code [0x00000000046a75c0, 0x00000000046a7888]
Event: 46.891 Thread 0x0000000018285800 8510       3       com.google.common.collect.ImmutableMap$Builder::ensureCapacity (38 bytes)

GC Heap History (10 events):
Event: 27.450 GC heap before
{Heap before GC invocations=16 (full 2):
 PSYoungGen      total 114176K, used 114077K [0x00000000e0000000, 0x00000000e9e80000, 0x0000000100000000)
  eden space 101888K, 100% used [0x00000000e0000000,0x00000000e6380000,0x00000000e6380000)
  from space 12288K, 99% used [0x00000000e6380000,0x00000000e6f67748,0x00000000e6f80000)
  to   space 13824K, 0% used [0x00000000e9100000,0x00000000e9100000,0x00000000e9e80000)
 ParOldGen       total 82944K, used 19712K [0x00000000a0000000, 0x00000000a5100000, 0x00000000e0000000)
  object space 82944K, 23% used [0x00000000a0000000,0x00000000a13400f0,0x00000000a5100000)
 Metaspace       used 56388K, capacity 58318K, committed 58496K, reserved 1099776K
  class space    used 7965K, capacity 8451K, committed 8576K, reserved 1048576K
Event: 27.485 GC heap after
Heap after GC invocations=16 (full 2):
 PSYoungGen      total 147968K, used 10922K [0x00000000e0000000, 0x00000000ea200000, 0x0000000100000000)
  eden space 134144K, 0% used [0x00000000e0000000,0x00000000e0000000,0x00000000e8300000)
  from space 13824K, 79% used [0x00000000e9100000,0x00000000e9baa9d0,0x00000000e9e80000)
  to   space 14336K, 0% used [0x00000000e8300000,0x00000000e8300000,0x00000000e9100000)
 ParOldGen       total 82944K, used 27352K [0x00000000a0000000, 0x00000000a5100000, 0x00000000e0000000)
  object space 82944K, 32% used [0x00000000a0000000,0x00000000a1ab6200,0x00000000a5100000)
 Metaspace       used 56388K, capacity 58318K, committed 58496K, reserved 1099776K
  class space    used 7965K, capacity 8451K, committed 8576K, reserved 1048576K
}
Event: 29.068 GC heap before
{Heap before GC invocations=17 (full 2):
 PSYoungGen      total 147968K, used 35120K [0x00000000e0000000, 0x00000000ea200000, 0x0000000100000000)
  eden space 134144K, 18% used [0x00000000e0000000,0x00000000e17a1660,0x00000000e8300000)
  from space 13824K, 79% used [0x00000000e9100000,0x00000000e9baa9d0,0x00000000e9e80000)
  to   space 14336K, 0% used [0x00000000e8300000,0x00000000e8300000,0x00000000e9100000)
 ParOldGen       total 82944K, used 27352K [0x00000000a0000000, 0x00000000a5100000, 0x00000000e0000000)
  object space 82944K, 32% used [0x00000000a0000000,0x00000000a1ab6200,0x00000000a5100000)
 Metaspace       used 57140K, capacity 59040K, committed 59160K, reserved 1099776K
  class space    used 8023K, capacity 8500K, committed 8576K, reserved 1048576K
Event: 29.101 GC heap after
Heap after GC invocations=17 (full 2):
 PSYoungGen      total 148480K, used 2336K [0x00000000e0000000, 0x00000000ecf80000, 0x0000000100000000)
  eden space 134144K, 0% used [0x00000000e0000000,0x00000000e0000000,0x00000000e8300000)
  from space 14336K, 16% used [0x00000000e8300000,0x00000000e8548010,0x00000000e9100000)
  to   space 14848K, 0% used [0x00000000ec100000,0x00000000ec100000,0x00000000ecf80000)
 ParOldGen       total 82944K, used 32901K [0x00000000a0000000, 0x00000000a5100000, 0x00000000e0000000)
  object space 82944K, 39% used [0x00000000a0000000,0x00000000a2021420,0x00000000a5100000)
 Metaspace       used 57140K, capacity 59040K, committed 59160K, reserved 1099776K
  class space    used 8023K, capacity 8500K, committed 8576K, reserved 1048576K
}
Event: 29.102 GC heap before
{Heap before GC invocations=18 (full 3):
 PSYoungGen      total 148480K, used 2336K [0x00000000e0000000, 0x00000000ecf80000, 0x0000000100000000)
  eden space 134144K, 0% used [0x00000000e0000000,0x00000000e0000000,0x00000000e8300000)
  from space 14336K, 16% used [0x00000000e8300000,0x00000000e8548010,0x00000000e9100000)
  to   space 14848K, 0% used [0x00000000ec100000,0x00000000ec100000,0x00000000ecf80000)
 ParOldGen       total 82944K, used 32901K [0x00000000a0000000, 0x00000000a5100000, 0x00000000e0000000)
  object space 82944K, 39% used [0x00000000a0000000,0x00000000a2021420,0x00000000a5100000)
 Metaspace       used 57140K, capacity 59040K, committed 59160K, reserved 1099776K
  class space    used 8023K, capacity 8500K, committed 8576K, reserved 1048576K
Event: 29.769 GC heap after
Heap after GC invocations=18 (full 3):
 PSYoungGen      total 148480K, used 0K [0x00000000e0000000, 0x00000000ecf80000, 0x0000000100000000)
  eden space 134144K, 0% used [0x00000000e0000000,0x00000000e0000000,0x00000000e8300000)
  from space 14336K, 0% used [0x00000000e8300000,0x00000000e8300000,0x00000000e9100000)
  to   space 14848K, 0% used [0x00000000ec100000,0x00000000ec100000,0x00000000ecf80000)
 ParOldGen       total 129536K, used 34031K [0x00000000a0000000, 0x00000000a7e80000, 0x00000000e0000000)
  object space 129536K, 26% used [0x00000000a0000000,0x00000000a213bf50,0x00000000a7e80000)
 Metaspace       used 57140K, capacity 59040K, committed 59160K, reserved 1099776K
  class space    used 8023K, capacity 8500K, committed 8576K, reserved 1048576K
}
Event: 37.029 GC heap before
{Heap before GC invocations=19 (full 3):
 PSYoungGen      total 148480K, used 134144K [0x00000000e0000000, 0x00000000ecf80000, 0x0000000100000000)
  eden space 134144K, 100% used [0x00000000e0000000,0x00000000e8300000,0x00000000e8300000)
  from space 14336K, 0% used [0x00000000e8300000,0x00000000e8300000,0x00000000e9100000)
  to   space 14848K, 0% used [0x00000000ec100000,0x00000000ec100000,0x00000000ecf80000)
 ParOldGen       total 129536K, used 34031K [0x00000000a0000000, 0x00000000a7e80000, 0x00000000e0000000)
  object space 129536K, 26% used [0x00000000a0000000,0x00000000a213bf50,0x00000000a7e80000)
 Metaspace       used 59498K, capacity 61694K, committed 61952K, reserved 1101824K
  class space    used 8327K, capacity 8843K, committed 8960K, reserved 1048576K
Event: 37.050 GC heap after
Heap after GC invocations=19 (full 3):
 PSYoungGen      total 171520K, used 12485K [0x00000000e0000000, 0x00000000ecd80000, 0x0000000100000000)
  eden space 158720K, 0% used [0x00000000e0000000,0x00000000e0000000,0x00000000e9b00000)
  from space 12800K, 97% used [0x00000000ec100000,0x00000000ecd315c8,0x00000000ecd80000)
  to   space 15872K, 0% used [0x00000000eae80000,0x00000000eae80000,0x00000000ebe00000)
 ParOldGen       total 129536K, used 34039K [0x00000000a0000000, 0x00000000a7e80000, 0x00000000e0000000)
  object space 129536K, 26% used [0x00000000a0000000,0x00000000a213df50,0x00000000a7e80000)
 Metaspace       used 59498K, capacity 61694K, committed 61952K, reserved 1101824K
  class space    used 8327K, capacity 8843K, committed 8960K, reserved 1048576K
}
Event: 46.597 GC heap before
{Heap before GC invocations=20 (full 3):
 PSYoungGen      total 171520K, used 171205K [0x00000000e0000000, 0x00000000ecd80000, 0x0000000100000000)
  eden space 158720K, 100% used [0x00000000e0000000,0x00000000e9b00000,0x00000000e9b00000)
  from space 12800K, 97% used [0x00000000ec100000,0x00000000ecd315c8,0x00000000ecd80000)
  to   space 15872K, 0% used [0x00000000eae80000,0x00000000eae80000,0x00000000ebe00000)
 ParOldGen       total 129536K, used 34039K [0x00000000a0000000, 0x00000000a7e80000, 0x00000000e0000000)
  object space 129536K, 26% used [0x00000000a0000000,0x00000000a213df50,0x00000000a7e80000)
 Metaspace       used 60974K, capacity 63388K, committed 63744K, reserved 1103872K
  class space    used 8548K, capacity 9098K, committed 9216K, reserved 1048576K
Event: 46.826 GC heap after
Heap after GC invocations=20 (full 3):
 PSYoungGen      total 174592K, used 15868K [0x00000000e0000000, 0x00000000ecd80000, 0x0000000100000000)
  eden space 158720K, 0% used [0x00000000e0000000,0x00000000e0000000,0x00000000e9b00000)
  from space 15872K, 99% used [0x00000000eae80000,0x00000000ebdff080,0x00000000ebe00000)
  to   space 12800K, 0% used [0x00000000ec100000,0x00000000ec100000,0x00000000ecd80000)
 ParOldGen       total 129536K, used 40905K [0x00000000a0000000, 0x00000000a7e80000, 0x00000000e0000000)
  object space 129536K, 31% used [0x00000000a0000000,0x00000000a27f2728,0x00000000a7e80000)
 Metaspace       used 60974K, capacity 63388K, committed 63744K, reserved 1103872K
  class space    used 8548K, capacity 9098K, committed 9216K, reserved 1048576K
}

Deoptimization events (10 events):
Event: 46.121 Thread 0x000000001abe1800 Uncommon trap: reason=array_check action=maybe_recompile pc=0x0000000004becf4c method=java.util.TimSort.binarySort([Ljava/lang/Object;IIILjava/util/Comparator;)V @ 193
Event: 46.182 Thread 0x000000001abe8000 Uncommon trap: reason=class_check action=maybe_recompile pc=0x0000000004b8ee6c method=java.util.concurrent.FutureTask.run()V @ 42
Event: 46.183 Thread 0x000000001abe8000 Uncommon trap: reason=class_check action=maybe_recompile pc=0x0000000004b8ee6c method=java.util.concurrent.FutureTask.run()V @ 42
Event: 46.340 Thread 0x000000001abe8000 Uncommon trap: reason=bimorphic action=maybe_recompile pc=0x0000000003939714 method=java.util.regex.Pattern$Slice.match(Ljava/util/regex/Matcher;ILjava/lang/CharSequence;)Z @ 75
Event: 46.340 Thread 0x000000001abe8000 Uncommon trap: reason=bimorphic action=maybe_recompile pc=0x0000000003939714 method=java.util.regex.Pattern$Slice.match(Ljava/util/regex/Matcher;ILjava/lang/CharSequence;)Z @ 75
Event: 46.340 Thread 0x000000001abe8000 Uncommon trap: reason=unstable_if action=reinterpret pc=0x00000000039396f4 method=java.util.regex.Matcher.match(II)Z @ 30
Event: 46.340 Thread 0x000000001abe8000 Uncommon trap: reason=bimorphic action=maybe_recompile pc=0x00000000039384bc method=java.util.regex.Pattern$Slice.match(Ljava/util/regex/Matcher;ILjava/lang/CharSequence;)Z @ 75
Event: 46.340 Thread 0x000000001abe8000 Uncommon trap: reason=bimorphic action=maybe_recompile pc=0x00000000039384bc method=java.util.regex.Pattern$Slice.match(Ljava/util/regex/Matcher;ILjava/lang/CharSequence;)Z @ 75
Event: 46.343 Thread 0x000000001abe8000 Uncommon trap: reason=unstable_if action=reinterpret pc=0x00000000040f5940 method=java.util.regex.Pattern.newSlice([IIZ)Ljava/util/regex/Pattern$Node; @ 10
Event: 46.830 Thread 0x000000001a1a6000 Uncommon trap: reason=unstable_if action=reinterpret pc=0x00000000048b8128 method=com.google.common.collect.MapMakerInternalMap$Segment.drainKeyReferenceQueue(Ljava/lang/ref/ReferenceQueue;)V @ 8

Classes redefined (0 events):
No events

Internal exceptions (10 events):
Event: 37.995 Thread 0x000000001abe1800 Exception <a 'java/lang/NoSuchMethodError': java.lang.Object.lambda$flatMap$0(Ljava/lang/Throwable;)Lorg/gradle/api/internal/artifacts/transform/CacheableInvocation;> (0x00000000e18aa380) thrown at [C:\re\workspace\8-2-build-windows-amd64-cygwin\jdk8u201\
Event: 44.578 Thread 0x000000001abdd000 Exception <a 'java/lang/NoSuchMethodError': <clinit>> (0x00000000e6b02610) thrown at [C:\re\workspace\8-2-build-windows-amd64-cygwin\jdk8u201\12322\hotspot\src\share\vm\prims\jni.cpp, line 1613]
Event: 44.578 Thread 0x000000001abdd000 Exception <a 'java/lang/NoSuchMethodError': <clinit>> (0x00000000e6b03930) thrown at [C:\re\workspace\8-2-build-windows-amd64-cygwin\jdk8u201\12322\hotspot\src\share\vm\prims\jni.cpp, line 1613]
Event: 45.790 Thread 0x000000001abe1800 Implicit null exception at 0x0000000004b2c11b to 0x0000000004b2ca09
Event: 45.807 Thread 0x000000001abe1800 Implicit null exception at 0x0000000004b0dadc to 0x0000000004b0de31
Event: 45.812 Thread 0x000000001abe1800 Implicit null exception at 0x000000000429841c to 0x0000000004298769
Event: 46.064 Thread 0x000000001abe1800 Exception <a 'java/lang/NoSuchMethodError': <clinit>> (0x00000000e94f9710) thrown at [C:\re\workspace\8-2-build-windows-amd64-cygwin\jdk8u201\12322\hotspot\src\share\vm\prims\jni.cpp, line 1613]
Event: 46.066 Thread 0x000000001abe1800 Exception <a 'java/lang/NoSuchMethodError': <clinit>> (0x00000000e950f9b0) thrown at [C:\re\workspace\8-2-build-windows-amd64-cygwin\jdk8u201\12322\hotspot\src\share\vm\prims\jni.cpp, line 1613]
Event: 46.121 Thread 0x000000001abe1800 Exception <a 'java/lang/NoSuchMethodError': <clinit>> (0x00000000e954a180) thrown at [C:\re\workspace\8-2-build-windows-amd64-cygwin\jdk8u201\12322\hotspot\src\share\vm\prims\jni.cpp, line 1613]
Event: 46.277 Thread 0x000000001abe8000 Exception <a 'java/lang/NoSuchMethodError': java.lang.Object.lambda$asRunnable$0(Lcom/android/tools/build/apkzlib/utils/IOExceptionRunnable;)V> (0x00000000e993f168) thrown at [C:\re\workspace\8-2-build-windows-amd64-cygwin\jdk8u201\12322\hotspot\src\share

Events (10 events):
Event: 46.539 loading class com/android/builder/merge/IncrementalFileMergerState done
Event: 46.542 loading class com/google/common/collect/ImmutableMap$SerializedForm
Event: 46.542 loading class com/google/common/collect/ImmutableMap$SerializedForm done
Event: 46.596 Executing VM operation: ParallelGCFailedAllocation
Event: 46.826 Executing VM operation: ParallelGCFailedAllocation done
Event: 46.830 Thread 0x000000001a1a6000 Uncommon trap: trap_request=0xffffff65 fr.pc=0x00000000048b8128
Event: 46.830 Thread 0x000000001a1a6000 DEOPT PACKING pc=0x00000000048b8128 sp=0x0000000020b5e4d0
Event: 46.830 Thread 0x000000001a1a6000 DEOPT UNPACKING pc=0x000000000345583b sp=0x0000000020b5e220 mode 2
Event: 46.898 loading class com/android/builder/packaging/PackagingUtils
Event: 46.898 loading class com/android/builder/packaging/PackagingUtils done


Dynamic libraries:
0x00007ff78bfc0000 - 0x00007ff78bff7000 	C:\Program Files\Java\jdk1.8.0_201\bin\java.exe
0x00007ff9072c0000 - 0x00007ff9074b0000 	C:\WINDOWS\SYSTEM32\ntdll.dll
0x00007ff905c20000 - 0x00007ff905cd2000 	C:\WINDOWS\System32\KERNEL32.DLL
0x00007ff904cc0000 - 0x00007ff904f64000 	C:\WINDOWS\System32\KERNELBASE.dll
0x00007ff906360000 - 0x00007ff906403000 	C:\WINDOWS\System32\ADVAPI32.dll
0x00007ff9070c0000 - 0x00007ff90715e000 	C:\WINDOWS\System32\msvcrt.dll
0x00007ff905e80000 - 0x00007ff905f17000 	C:\WINDOWS\System32\sechost.dll
0x00007ff906fa0000 - 0x00007ff9070c0000 	C:\WINDOWS\System32\RPCRT4.dll
0x00007ff9066c0000 - 0x00007ff906854000 	C:\WINDOWS\System32\USER32.dll
0x00007ff904250000 - 0x00007ff904271000 	C:\WINDOWS\System32\win32u.dll
0x00007ff906860000 - 0x00007ff906886000 	C:\WINDOWS\System32\GDI32.dll
0x00007ff904f70000 - 0x00007ff905104000 	C:\WINDOWS\System32\gdi32full.dll
0x00007ff904c20000 - 0x00007ff904cbe000 	C:\WINDOWS\System32\msvcp_win.dll
0x00007ff905140000 - 0x00007ff90523a000 	C:\WINDOWS\System32\ucrtbase.dll
0x00007ff8f4ac0000 - 0x00007ff8f4d44000 	C:\WINDOWS\WinSxS\amd64_microsoft.windows.common-controls_6595b64144ccf1df_6.0.18362.836_none_e6c4b943130f18ed\COMCTL32.dll
0x00007ff905f30000 - 0x00007ff906266000 	C:\WINDOWS\System32\combase.dll
0x00007ff9052f0000 - 0x00007ff905370000 	C:\WINDOWS\System32\bcryptPrimitives.dll
0x00007ff906d60000 - 0x00007ff906d8e000 	C:\WINDOWS\System32\IMM32.DLL
0x000000006e6a0000 - 0x000000006e771000 	C:\Program Files\Java\jdk1.8.0_201\jre\bin\msvcr100.dll
0x000000006ddf0000 - 0x000000006e694000 	C:\Program Files\Java\jdk1.8.0_201\jre\bin\server\jvm.dll
0x00007ff905da0000 - 0x00007ff905da8000 	C:\WINDOWS\System32\PSAPI.DLL
0x00007ff8f43e0000 - 0x00007ff8f43e9000 	C:\WINDOWS\SYSTEM32\WSOCK32.dll
0x00007ff907160000 - 0x00007ff9071cf000 	C:\WINDOWS\System32\WS2_32.dll
0x00007ff8f5590000 - 0x00007ff8f55b4000 	C:\WINDOWS\SYSTEM32\WINMM.dll
0x00007ff8fa120000 - 0x00007ff8fa12a000 	C:\WINDOWS\SYSTEM32\VERSION.dll
0x00007ff8f5560000 - 0x00007ff8f558d000 	C:\WINDOWS\SYSTEM32\WINMMBASE.dll
0x00007ff904280000 - 0x00007ff9042ca000 	C:\WINDOWS\System32\cfgmgr32.dll
0x00007ff8f9ad0000 - 0x00007ff8f9adf000 	C:\Program Files\Java\jdk1.8.0_201\jre\bin\verify.dll
0x00007ff8dc980000 - 0x00007ff8dc9a9000 	C:\Program Files\Java\jdk1.8.0_201\jre\bin\java.dll
0x00007ff8e13f0000 - 0x00007ff8e1406000 	C:\Program Files\Java\jdk1.8.0_201\jre\bin\zip.dll
0x00007ff905370000 - 0x00007ff905a54000 	C:\WINDOWS\System32\SHELL32.dll
0x00007ff9071d0000 - 0x00007ff907279000 	C:\WINDOWS\System32\shcore.dll
0x00007ff904420000 - 0x00007ff904b9e000 	C:\WINDOWS\System32\windows.storage.dll
0x00007ff904220000 - 0x00007ff904243000 	C:\WINDOWS\System32\profapi.dll
0x00007ff9041b0000 - 0x00007ff9041fa000 	C:\WINDOWS\System32\powrprof.dll
0x00007ff904180000 - 0x00007ff904190000 	C:\WINDOWS\System32\UMPDC.dll
0x00007ff906d00000 - 0x00007ff906d52000 	C:\WINDOWS\System32\shlwapi.dll
0x00007ff904190000 - 0x00007ff9041a1000 	C:\WINDOWS\System32\kernel.appcore.dll
0x00007ff904c00000 - 0x00007ff904c17000 	C:\WINDOWS\System32\cryptsp.dll
0x00007ff8dcbe0000 - 0x00007ff8dcbfa000 	C:\Program Files\Java\jdk1.8.0_201\jre\bin\net.dll
0x00007ff8f5230000 - 0x00007ff8f5406000 	C:\WINDOWS\SYSTEM32\urlmon.dll
0x00007ff8f4e10000 - 0x00007ff8f50b6000 	C:\WINDOWS\SYSTEM32\iertutil.dll
0x00007ff903bc0000 - 0x00007ff903bcc000 	C:\WINDOWS\SYSTEM32\CRYPTBASE.DLL
0x00007ff9039f0000 - 0x00007ff903a57000 	C:\WINDOWS\system32\mswsock.dll
0x00007ff8dbe20000 - 0x00007ff8dbe31000 	C:\Program Files\Java\jdk1.8.0_201\jre\bin\nio.dll
0x00007ff8fb720000 - 0x00007ff8fb746000 	C:\Users\kymsd\.gradle\native\30\windows-amd64\native-platform.dll
0x00007ff8f8210000 - 0x00007ff8f821d000 	C:\Program Files\Java\jdk1.8.0_201\jre\bin\management.dll
0x00007ff903560000 - 0x00007ff903593000 	C:\WINDOWS\system32\rsaenh.dll
0x00007ff905110000 - 0x00007ff905136000 	C:\WINDOWS\System32\bcrypt.dll
0x00007ff904070000 - 0x00007ff904095000 	C:\WINDOWS\SYSTEM32\USERENV.dll
0x00007ff903700000 - 0x00007ff90373a000 	C:\WINDOWS\SYSTEM32\IPHLPAPI.DLL
0x00007ff905c10000 - 0x00007ff905c18000 	C:\WINDOWS\System32\NSI.dll
0x00007ff8fa100000 - 0x00007ff8fa116000 	C:\WINDOWS\SYSTEM32\dhcpcsvc6.DLL
0x00007ff8fa760000 - 0x00007ff8fa77c000 	C:\WINDOWS\SYSTEM32\dhcpcsvc.DLL
0x00007ff903740000 - 0x00007ff90380b000 	C:\WINDOWS\SYSTEM32\DNSAPI.dll

VM Arguments:
jvm_args: -Xmx1536m -Dfile.encoding=x-windows-949 -Duser.country=KR -Duser.language=ko -Duser.variant 
java_command: org.gradle.launcher.daemon.bootstrap.GradleDaemon 5.6.4
java_class_path (initial): C:\Users\kymsd\.gradle\wrapper\dists\gradle-5.6.4-all\ankdp27end7byghfw1q2sw75f\gradle-5.6.4\lib\gradle-launcher-5.6.4.jar
Launcher Type: SUN_STANDARD

Environment Variables:
JAVA_HOME=C:\Program Files\Java\jdk1.8.0_241
PATH=C:\ProgramData\Miniconda3;C:\ProgramData\Miniconda3\Library\mingw-w64\bin;C:\ProgramData\Miniconda3\Library\usr\bin;C:\ProgramData\Miniconda3\Library\bin;C:\ProgramData\Miniconda3\Scripts;C:\oraclexe\app\oracle\product\11.2.0\server\bin;C:\app\kymsd\product\11.2.0\client_2;C:\app\kymsd\product\11.2.0\client_1;C:\app\kymsd\product\18.0.0\dbhomeXE\bin;C:\Program Files (x86)\Common Files\Oracle\Java\javapath;C:\Program Files (x86)\Intel\Intel(R) Management Engine Components\iCLS\;C:\Program Files\Intel\Intel(R) Management Engine Components\iCLS\;C:\WINDOWS\system32;C:\WINDOWS;C:\WINDOWS\System32\Wbem;C:\WINDOWS\System32\WindowsPowerShell\v1.0\;C:\WINDOWS\System32\OpenSSH\;C:\Program Files (x86)\Intel\Intel(R) Management Engine Components\DAL;C:\Program Files\Intel\Intel(R) Management Engine Components\DAL;C:\Program Files (x86)\Intel\Intel(R) Management Engine Components\IPT;C:\Program Files\Intel\Intel(R) Management Engine Components\IPT;C:\Program Files\Intel\WiFi\bin\;C:\Program Files\Common Files\Intel\WirelessCommon\;C:\WINDOWS\system32\config\systemprofile\.dnx\bin;C:\Program Files\Microsoft DNX\Dnvm\;C:\Program Files\Microsoft SQL Server\130\Tools\Binn\;c:\Program Files (x86)\Microsoft SQL Server\100\Tools\Binn\;c:\Program Files\Microsoft SQL Server\100\Tools\Binn\;c:\Program Files\Microsoft SQL Server\100\DTS\Binn\;c:\Program Files (x86)\Microsoft SQL Server\100\Tools\Binn\VSShell\Common7\IDE\;c:\Program Files (x86)\Microsoft SQL Server\100\DTS\Binn\;C:\Program Files\Microsoft SQL Server\Client SDK\ODBC\130\Tools\Binn\;C:\Program Files (x86)\Microsoft SQL Server\140\Tools\Binn\;C:\Program Files\Microsoft SQL Server\140\Tools\Binn\;C:\Program Files\Microsoft SQL Server\140\DTS\Binn\;C:\Program Files\OpenSSL-Win64\bin;C:\Program Files\Git\cmd;C:\Users\kymsd\AppData\Local\Microsoft\WindowsApps;C:\Program Files\Bandizip\;
USERNAME=kymsd
OS=Windows_NT
PROCESSOR_IDENTIFIER=Intel64 Family 6 Model 142 Stepping 10, GenuineIntel



---------------  S Y S T E M  ---------------

OS: Windows 10.0 , 64 bit Build 18362 (10.0.18362.778)

CPU:total 4 (initial active 4) (2 cores per cpu, 2 threads per core) family 6 model 142 stepping 10, cmov, cx8, fxsr, mmx, sse, sse2, sse3, ssse3, sse4.1, sse4.2, popcnt, avx, avx2, aes, clmul, erms, 3dnowpref, lzcnt, ht, tsc, tscinvbit, bmi1, bmi2, adx

Memory: 4k page, physical 8302052k(338164k free), swap 14671332k(28k free)

vm_info: Java HotSpot(TM) 64-Bit Server VM (25.201-b09) for windows-amd64 JRE (1.8.0_201-b09), built on Dec 15 2018 18:36:39 by "java_re" with MS VC++ 10.0 (VS2010)

time: Sun May 31 01:20:18 2020
timezone: 대한민국 표준시
elapsed time: 46 seconds (0d 0h 0m 46s)

