#
# There is insufficient memory for the Java Runtime Environment to continue.
# Native memory allocation (malloc) failed to allocate 1178656 bytes for Chunk::new
# Possible reasons:
#   The system is out of physical RAM or swap space
#   The process is running with CompressedOops enabled, and the Java Heap may be blocking the growth of the native heap
# Possible solutions:
#   Reduce memory load on the system
#   Increase physical memory or swap space
#   Check if swap backing store is full
#   Decrease Java heap size (-Xmx/-Xms)
#   Decrease number of Java threads
#   Decrease Java thread stack sizes (-Xss)
#   Set larger code cache with -XX:ReservedCodeCacheSize=
#   JVM is running with Unscaled Compressed Oops mode in which the Java heap is
#     placed in the first 4GB address space. The Java Heap base address is the
#     maximum limit for the native heap growth. Please use -XX:HeapBaseMinAddress
#     to set the Java Heap base and to place the Java Heap above 4GB virtual address.
# This output file may be truncated or incomplete.
#
#  Out of Memory Error (allocation.cpp:390), pid=23736, tid=0x0000000000005a08
#
# JRE version: Java(TM) SE Runtime Environment (8.0_201-b09) (build 1.8.0_201-b09)
# Java VM: Java HotSpot(TM) 64-Bit Server VM (25.201-b09 mixed mode windows-amd64 compressed oops)
# Failed to write core dump. Minidumps are not enabled by default on client versions of Windows
#

---------------  T H R E A D  ---------------

Current thread (0x000000001785a000):  JavaThread "C2 CompilerThread1" daemon [_thread_in_native, id=23048, stack(0x0000000017f50000,0x0000000018050000)]

Stack: [0x0000000017f50000,0x0000000018050000]
[error occurred during error reporting (printing stack bounds), id 0xc0000005]

Native frames: (J=compiled Java code, j=interpreted, Vv=VM code, C=native code)


Current CompileTask:
C2:1494505 26293       4       com.android.builder.symbols.BytecodeRClassWriterKt::generateResourceTypeClass (595 bytes)


---------------  P R O C E S S  ---------------

Java Threads: ( => current thread )
  0x000000001aa98000 JavaThread "stdout" [_thread_in_native, id=44440, stack(0x000000002d1d0000,0x000000002d2d0000)]
  0x000000001aa90800 JavaThread "stderr" [_thread_in_native, id=26860, stack(0x000000002ca80000,0x000000002cb80000)]
  0x000000001aa96800 JavaThread "pool-20-thread-1" [_thread_blocked, id=40568, stack(0x000000002c980000,0x000000002ca80000)]
  0x000000001aa92000 JavaThread "WorkerExecutor Queue Thread 2" [_thread_blocked, id=23432, stack(0x000000002c880000,0x000000002c980000)]
  0x000000001aa96000 JavaThread "WorkerExecutor Queue" [_thread_blocked, id=22916, stack(0x000000002c780000,0x000000002c880000)]
  0x000000001aa97800 JavaThread "Cache worker for execution history cache (C:\Users\kymsd\AndroidStudioProjects\anjane\anjane_0520\.gradle\5.6.4\executionHistory)" [_thread_blocked, id=2792, stack(0x000000002c080000,0x000000002c180000)]
  0x000000001aa8e800 JavaThread "Execution worker for ':' Thread 3" [_thread_blocked, id=15908, stack(0x00000000253a0000,0x00000000254a0000)]
  0x000000001aa95000 JavaThread "Execution worker for ':' Thread 2" [_thread_blocked, id=42128, stack(0x00000000252a0000,0x00000000253a0000)]
  0x000000001aa90000 JavaThread "Execution worker for ':'" [_thread_blocked, id=16436, stack(0x0000000023530000,0x0000000023630000)]
  0x000000001ede5800 JavaThread "Cache worker for file content cache (C:\Users\kymsd\AndroidStudioProjects\anjane\anjane_0520\.gradle\5.6.4\fileContent)" [_thread_blocked, id=5460, stack(0x0000000023140000,0x0000000023240000)]
  0x000000001ede4800 JavaThread "Cache worker for Build Output Cleanup Cache (C:\Users\kymsd\AndroidStudioProjects\anjane\anjane_0520\.gradle\buildOutputCleanup)" [_thread_blocked, id=11416, stack(0x0000000023040000,0x0000000023140000)]
  0x000000001ede4000 JavaThread "pool-19-thread-1" [_thread_blocked, id=31588, stack(0x0000000022d40000,0x0000000022e40000)]
  0x000000001ede3000 JavaThread "Build operations Thread 4" [_thread_blocked, id=39464, stack(0x0000000021ff0000,0x00000000220f0000)]
  0x000000001ede1000 JavaThread "Build operations Thread 3" [_thread_blocked, id=19700, stack(0x0000000021cf0000,0x0000000021df0000)]
  0x000000001ede2800 JavaThread "Build operations Thread 2" [_thread_blocked, id=30500, stack(0x0000000020740000,0x0000000020840000)]
  0x000000001edd8800 JavaThread "Build operations" [_thread_blocked, id=5072, stack(0x0000000020640000,0x0000000020740000)]
  0x000000001edde800 JavaThread "Cache worker for cache directory md-rule (C:\Users\kymsd\.gradle\caches\5.6.4\md-rule)" [_thread_blocked, id=9752, stack(0x0000000020540000,0x0000000020640000)]
  0x000000001eddc800 JavaThread "Cache worker for cache directory md-supplier (C:\Users\kymsd\.gradle\caches\5.6.4\md-supplier)" [_thread_blocked, id=11952, stack(0x00000000200e0000,0x00000000201e0000)]
  0x000000001eddb800 JavaThread "Cache worker for file hash cache (C:\Users\kymsd\AndroidStudioProjects\anjane\anjane_0520\.gradle\5.6.4\fileHashes)" [_thread_blocked, id=42640, stack(0x000000001ffe0000,0x00000000200e0000)]
  0x000000001eddb000 JavaThread "Thread-231" [_thread_blocked, id=4628, stack(0x000000001fca0000,0x000000001fda0000)]
  0x000000001edd8000 JavaThread "Stdin handler" [_thread_blocked, id=40724, stack(0x000000001f5a0000,0x000000001f6a0000)]
  0x000000001edd7000 JavaThread "Asynchronous log dispatcher for DefaultDaemonConnection: socket connection from /127.0.0.1:2987 to /127.0.0.1:4013" [_thread_blocked, id=31180, stack(0x000000001b8d0000,0x000000001b9d0000)]
  0x000000001eddd000 JavaThread "Cancel handler" [_thread_blocked, id=13968, stack(0x000000001b4d0000,0x000000001b5d0000)]
  0x000000001edda000 JavaThread "Handler for socket connection from /127.0.0.1:2987 to /127.0.0.1:4013" [_thread_in_native, id=19624, stack(0x000000001b1d0000,0x000000001b2d0000)]
  0x000000001aa9a800 JavaThread "Cache worker for Java compile cache (C:\Users\kymsd\.gradle\caches\5.6.4\javaCompile)" [_thread_blocked, id=13392, stack(0x000000002bf80000,0x000000002c080000)]
  0x000000001aa93000 JavaThread "Daemon worker Thread 7" [_thread_in_Java, id=32316, stack(0x000000001b5d0000,0x000000001b6d0000)]
  0x000000001aa94800 JavaThread "Daemon Thread 7" [_thread_blocked, id=23548, stack(0x000000001b0d0000,0x000000001b1d0000)]
  0x000000001aa8f000 JavaThread "Cache worker for file content cache (C:\Users\kymsd\.gradle\caches\5.6.4\fileContent)" [_thread_blocked, id=36444, stack(0x0000000022a20000,0x0000000022b20000)]
  0x000000001aa93800 JavaThread "Memory manager" [_thread_blocked, id=23648, stack(0x00000000222f0000,0x00000000223f0000)]
  0x0000000019a38000 JavaThread "Cache worker for execution history cache (C:\Users\kymsd\.gradle\caches\5.6.4\executionHistory)" [_thread_blocked, id=10680, stack(0x0000000020240000,0x0000000020340000)]
  0x0000000019a3d000 JavaThread "Cache worker for journal cache (C:\Users\kymsd\.gradle\caches\journal-1)" [_thread_blocked, id=26124, stack(0x000000001bdd0000,0x000000001bed0000)]
  0x0000000019a3e800 JavaThread "File lock request listener" [_thread_in_native, id=27452, stack(0x000000001bcd0000,0x000000001bdd0000)]
  0x0000000019a3e000 JavaThread "Cache worker for file hash cache (C:\Users\kymsd\.gradle\caches\5.6.4\fileHashes)" [_thread_blocked, id=39240, stack(0x000000001bbd0000,0x000000001bcd0000)]
  0x0000000019593000 JavaThread "Daemon periodic checks" [_thread_blocked, id=37932, stack(0x000000001afd0000,0x000000001b0d0000)]
  0x0000000019591000 JavaThread "Incoming local TCP Connector on port 2987" [_thread_in_native, id=35392, stack(0x000000001adf0000,0x000000001aef0000)]
  0x0000000017c0b800 JavaThread "Daemon health stats" [_thread_blocked, id=26068, stack(0x000000001aaf0000,0x000000001abf0000)]
  0x00000000178e6800 JavaThread "Service Thread" daemon [_thread_blocked, id=9264, stack(0x0000000018150000,0x0000000018250000)]
  0x00000000178af000 JavaThread "C1 CompilerThread2" daemon [_thread_blocked, id=23136, stack(0x0000000018050000,0x0000000018150000)]
=>0x000000001785a000 JavaThread "C2 CompilerThread1" daemon [_thread_in_native, id=23048, stack(0x0000000017f50000,0x0000000018050000)]
  0x00000000164ab800 JavaThread "C2 CompilerThread0" daemon [_thread_blocked, id=30236, stack(0x0000000017e50000,0x0000000017f50000)]
  0x000000001645f000 JavaThread "Attach Listener" daemon [_thread_blocked, id=31256, stack(0x0000000017d50000,0x0000000017e50000)]
  0x0000000017858800 JavaThread "Signal Dispatcher" daemon [_thread_blocked, id=26256, stack(0x0000000017c50000,0x0000000017d50000)]
  0x0000000002adb000 JavaThread "Finalizer" daemon [_thread_blocked, id=16608, stack(0x00000000176c0000,0x00000000177c0000)]
  0x0000000002ad2000 JavaThread "Reference Handler" daemon [_thread_blocked, id=26512, stack(0x00000000175c0000,0x00000000176c0000)]
  0x00000000029e2800 JavaThread "main" [_thread_blocked, id=4168, stack(0x00000000028e0000,0x00000000029e0000)]

Other Threads:
  0x0000000016418000 VMThread [stack: 0x00000000174c0000,0x00000000175c0000] [id=44428]
  0x00000000178e8000 WatcherThread [stack: 0x0000000018250000,0x0000000018350000] [id=5220]

VM state:not at safepoint (normal execution)

VM Mutex/Monitor currently owned by a thread: None

OutOfMemory and StackOverflow Exception counts:
OutOfMemoryError java_heap_errors=1

heap address: 0x00000000a0000000, size: 1536 MB, Compressed Oops mode: 32-bit
Narrow klass base: 0x0000000000000000, Narrow klass shift: 3
Compressed class space size: 1073741824 Address: 0x0000000100000000

Heap:
 PSYoungGen      total 366592K, used 115647K [0x00000000e0000000, 0x00000000fcd80000, 0x0000000100000000)
  eden space 260608K, 32% used [0x00000000e0000000,0x00000000e535b538,0x00000000efe80000)
  from space 105984K, 28% used [0x00000000efe80000,0x00000000f1c14a98,0x00000000f6600000)
  to   space 89088K, 0% used [0x00000000f7680000,0x00000000f7680000,0x00000000fcd80000)
 ParOldGen       total 429056K, used 247780K [0x00000000a0000000, 0x00000000ba300000, 0x00000000e0000000)
  object space 429056K, 57% used [0x00000000a0000000,0x00000000af1f91d8,0x00000000ba300000)
 Metaspace       used 95599K, capacity 100446K, committed 100608K, reserved 1136640K
  class space    used 12421K, capacity 13293K, committed 13312K, reserved 1048576K

Card table byte_map: [0x0000000011ea0000,0x00000000121b0000] byte_map_base: 0x00000000119a0000

Marking Bits: (ParMarkBitMap*) 0x000000006e624ce0
 Begin Bits: [0x00000000127b0000, 0x0000000013fb0000)
 End Bits:   [0x0000000013fb0000, 0x00000000157b0000)

Polling page: 0x0000000000a30000

CodeCache: size=245760Kb used=71535Kb max_used=71554Kb free=174224Kb
 bounds [0x0000000002ae0000, 0x0000000007130000, 0x0000000011ae0000]
 total_blobs=20561 nmethods=19682 adapters=789
 compilation: enabled

Compilation events (10 events):
Event: 1494.302 Thread 0x00000000164ab800 26303       4       com.google.common.collect.ImmutableCollection::toArray (67 bytes)
Event: 1494.313 Thread 0x00000000164ab800 nmethod 26303 0x0000000006d0f590 code [0x0000000006d0f700, 0x0000000006d0fbd8]
Event: 1494.314 Thread 0x00000000164ab800 26304 %     4       org.objectweb.asm.ClassWriter::toByteArray @ 707 (1360 bytes)
Event: 1494.337 Thread 0x00000000178af000 26306       3       com.google.common.collect.SingletonImmutableSet::copyIntoArray (11 bytes)
Event: 1494.337 Thread 0x00000000178af000 nmethod 26306 0x0000000006d0f050 code [0x0000000006d0f1c0, 0x0000000006d0f470]
Event: 1494.343 Thread 0x00000000178af000 26307       1       com.android.zipflinger.CentralDirectoryRecord::getSize (10 bytes)
Event: 1494.344 Thread 0x00000000178af000 nmethod 26307 0x0000000006d2c950 code [0x0000000006d2caa0, 0x0000000006d2cbb0]
Event: 1494.357 Thread 0x00000000164ab800 nmethod 26304% 0x0000000006d04990 code [0x0000000006d04be0, 0x0000000006d05ab8]
Event: 1494.357 Thread 0x00000000164ab800 26305       4       java.io.InputStream::read (9 bytes)
Event: 1494.358 Thread 0x00000000164ab800 nmethod 26305 0x0000000006d16ad0 code [0x0000000006d16c20, 0x0000000006d16cb8]

GC Heap History (10 events):
Event: 1422.008 GC heap before
{Heap before GC invocations=38 (full 4):
 PSYoungGen      total 269824K, used 269819K [0x00000000e0000000, 0x00000000fab80000, 0x0000000100000000)
  eden space 197632K, 100% used [0x00000000e0000000,0x00000000ec100000,0x00000000ec100000)
  from space 72192K, 99% used [0x00000000ec100000,0x00000000f077edf0,0x00000000f0780000)
  to   space 99328K, 0% used [0x00000000f4a80000,0x00000000f4a80000,0x00000000fab80000)
 ParOldGen       total 224256K, used 141649K [0x00000000a0000000, 0x00000000adb00000, 0x00000000e0000000)
  object space 224256K, 63% used [0x00000000a0000000,0x00000000a8a54470,0x00000000adb00000)
 Metaspace       used 92287K, capacity 96824K, committed 97024K, reserved 1134592K
  class space    used 11891K, capacity 12714K, committed 12800K, reserved 1048576K
Event: 1422.480 GC heap after
Heap after GC invocations=38 (full 4):
 PSYoungGen      total 330240K, used 78584K [0x00000000e0000000, 0x00000000fbb80000, 0x0000000100000000)
  eden space 230912K, 0% used [0x00000000e0000000,0x00000000e0000000,0x00000000ee180000)
  from space 99328K, 79% used [0x00000000f4a80000,0x00000000f973e130,0x00000000fab80000)
  to   space 107520K, 0% used [0x00000000ee180000,0x00000000ee180000,0x00000000f4a80000)
 ParOldGen       total 224256K, used 166734K [0x00000000a0000000, 0x00000000adb00000, 0x00000000e0000000)
  object space 224256K, 74% used [0x00000000a0000000,0x00000000aa2d39f8,0x00000000adb00000)
 Metaspace       used 92287K, capacity 96824K, committed 97024K, reserved 1134592K
  class space    used 11891K, capacity 12714K, committed 12800K, reserved 1048576K
}
Event: 1425.144 GC heap before
{Heap before GC invocations=39 (full 4):
 PSYoungGen      total 330240K, used 309496K [0x00000000e0000000, 0x00000000fbb80000, 0x0000000100000000)
  eden space 230912K, 100% used [0x00000000e0000000,0x00000000ee180000,0x00000000ee180000)
  from space 99328K, 79% used [0x00000000f4a80000,0x00000000f973e130,0x00000000fab80000)
  to   space 107520K, 0% used [0x00000000ee180000,0x00000000ee180000,0x00000000f4a80000)
 ParOldGen       total 224256K, used 166734K [0x00000000a0000000, 0x00000000adb00000, 0x00000000e0000000)
  object space 224256K, 74% used [0x00000000a0000000,0x00000000aa2d39f8,0x00000000adb00000)
 Metaspace       used 92337K, capacity 96888K, committed 97280K, reserved 1134592K
  class space    used 11891K, capacity 12714K, committed 12800K, reserved 1048576K
Event: 1425.317 GC heap after
Heap after GC invocations=39 (full 4):
 PSYoungGen      total 338432K, used 19890K [0x00000000e0000000, 0x00000000fdd80000, 0x0000000100000000)
  eden space 230912K, 0% used [0x00000000e0000000,0x00000000e0000000,0x00000000ee180000)
  from space 107520K, 18% used [0x00000000ee180000,0x00000000ef4ec818,0x00000000f4a80000)
  to   space 105472K, 0% used [0x00000000f7680000,0x00000000f7680000,0x00000000fdd80000)
 ParOldGen       total 245248K, used 244740K [0x00000000a0000000, 0x00000000aef80000, 0x00000000e0000000)
  object space 245248K, 99% used [0x00000000a0000000,0x00000000aef01140,0x00000000aef80000)
 Metaspace       used 92337K, capacity 96888K, committed 97280K, reserved 1134592K
  class space    used 11891K, capacity 12714K, committed 12800K, reserved 1048576K
}
Event: 1425.319 GC heap before
{Heap before GC invocations=40 (full 5):
 PSYoungGen      total 338432K, used 19890K [0x00000000e0000000, 0x00000000fdd80000, 0x0000000100000000)
  eden space 230912K, 0% used [0x00000000e0000000,0x00000000e0000000,0x00000000ee180000)
  from space 107520K, 18% used [0x00000000ee180000,0x00000000ef4ec818,0x00000000f4a80000)
  to   space 105472K, 0% used [0x00000000f7680000,0x00000000f7680000,0x00000000fdd80000)
 ParOldGen       total 245248K, used 244740K [0x00000000a0000000, 0x00000000aef80000, 0x00000000e0000000)
  object space 245248K, 99% used [0x00000000a0000000,0x00000000aef01140,0x00000000aef80000)
 Metaspace       used 92337K, capacity 96888K, committed 97280K, reserved 1134592K
  class space    used 11891K, capacity 12714K, committed 12800K, reserved 1048576K
Event: 1428.420 GC heap after
Heap after GC invocations=40 (full 5):
 PSYoungGen      total 338432K, used 1367K [0x00000000e0000000, 0x00000000fdd80000, 0x0000000100000000)
  eden space 230912K, 0% used [0x00000000e0000000,0x00000000e0000000,0x00000000ee180000)
  from space 107520K, 1% used [0x00000000ee180000,0x00000000ee2d5c38,0x00000000f4a80000)
  to   space 105472K, 0% used [0x00000000f7680000,0x00000000f7680000,0x00000000fdd80000)
 ParOldGen       total 429056K, used 244980K [0x00000000a0000000, 0x00000000ba300000, 0x00000000e0000000)
  object space 429056K, 57% used [0x00000000a0000000,0x00000000aef3d0f0,0x00000000ba300000)
 Metaspace       used 92337K, capacity 96888K, committed 97280K, reserved 1134592K
  class space    used 11891K, capacity 12714K, committed 12800K, reserved 1048576K
}
Event: 1444.673 GC heap before
{Heap before GC invocations=41 (full 5):
 PSYoungGen      total 338432K, used 232279K [0x00000000e0000000, 0x00000000fdd80000, 0x0000000100000000)
  eden space 230912K, 100% used [0x00000000e0000000,0x00000000ee180000,0x00000000ee180000)
  from space 107520K, 1% used [0x00000000ee180000,0x00000000ee2d5c38,0x00000000f4a80000)
  to   space 105472K, 0% used [0x00000000f7680000,0x00000000f7680000,0x00000000fdd80000)
 ParOldGen       total 429056K, used 244980K [0x00000000a0000000, 0x00000000ba300000, 0x00000000e0000000)
  object space 429056K, 57% used [0x00000000a0000000,0x00000000aef3d0f0,0x00000000ba300000)
 Metaspace       used 93028K, capacity 97712K, committed 97920K, reserved 1134592K
  class space    used 11980K, capacity 12840K, committed 12928K, reserved 1048576K
Event: 1444.753 GC heap after
Heap after GC invocations=41 (full 5):
 PSYoungGen      total 349696K, used 2697K [0x00000000e0000000, 0x00000000fcd80000, 0x0000000100000000)
  eden space 260608K, 0% used [0x00000000e0000000,0x00000000e0000000,0x00000000efe80000)
  from space 89088K, 3% used [0x00000000f7680000,0x00000000f7922428,0x00000000fcd80000)
  to   space 105984K, 0% used [0x00000000efe80000,0x00000000efe80000,0x00000000f6600000)
 ParOldGen       total 429056K, used 246372K [0x00000000a0000000, 0x00000000ba300000, 0x00000000e0000000)
  object space 429056K, 57% used [0x00000000a0000000,0x00000000af099178,0x00000000ba300000)
 Metaspace       used 93028K, capacity 97712K, committed 97920K, reserved 1134592K
  class space    used 11980K, capacity 12840K, committed 12928K, reserved 1048576K
}
Event: 1483.908 GC heap before
{Heap before GC invocations=42 (full 5):
 PSYoungGen      total 349696K, used 263305K [0x00000000e0000000, 0x00000000fcd80000, 0x0000000100000000)
  eden space 260608K, 100% used [0x00000000e0000000,0x00000000efe80000,0x00000000efe80000)
  from space 89088K, 3% used [0x00000000f7680000,0x00000000f7922428,0x00000000fcd80000)
  to   space 105984K, 0% used [0x00000000efe80000,0x00000000efe80000,0x00000000f6600000)
 ParOldGen       total 429056K, used 246372K [0x00000000a0000000, 0x00000000ba300000, 0x00000000e0000000)
  object space 429056K, 57% used [0x00000000a0000000,0x00000000af099178,0x00000000ba300000)
 Metaspace       used 95521K, capacity 100318K, committed 100352K, reserved 1136640K
  class space    used 12421K, capacity 13293K, committed 13312K, reserved 1048576K
Event: 1483.968 GC heap after
Heap after GC invocations=42 (full 5):
 PSYoungGen      total 366592K, used 30290K [0x00000000e0000000, 0x00000000fcd80000, 0x0000000100000000)
  eden space 260608K, 0% used [0x00000000e0000000,0x00000000e0000000,0x00000000efe80000)
  from space 105984K, 28% used [0x00000000efe80000,0x00000000f1c14a98,0x00000000f6600000)
  to   space 89088K, 0% used [0x00000000f7680000,0x00000000f7680000,0x00000000fcd80000)
 ParOldGen       total 429056K, used 247780K [0x00000000a0000000, 0x00000000ba300000, 0x00000000e0000000)
  object space 429056K, 57% used [0x00000000a0000000,0x00000000af1f91d8,0x00000000ba300000)
 Metaspace       used 95521K, capacity 100318K, committed 100352K, reserved 1136640K
  class space    used 12421K, capacity 13293K, committed 13312K, reserved 1048576K
}

Deoptimization events (10 events):
Event: 1466.971 Thread 0x000000001aa93000 Uncommon trap: reason=class_check action=maybe_recompile pc=0x00000000067542dc method=java.util.Spliterators$ArraySpliterator.tryAdvance(Ljava/util/function/Consumer;)Z @ 49
Event: 1467.064 Thread 0x000000001aa93000 Uncommon trap: reason=class_check action=maybe_recompile pc=0x00000000067542dc method=java.util.Spliterators$ArraySpliterator.tryAdvance(Ljava/util/function/Consumer;)Z @ 49
Event: 1470.128 Thread 0x000000001aa95000 Uncommon trap: reason=unstable_if action=reinterpret pc=0x0000000002fe3108 method=com.google.common.cache.LongAdder.add(J)V @ 95
Event: 1482.506 Thread 0x000000001aa93000 Uncommon trap: reason=null_check action=make_not_entrant pc=0x0000000002eb80d8 method=com.sun.org.apache.xerces.internal.dom.NamedNodeMapImpl.findNamePoint(Ljava/lang/String;Ljava/lang/String;)I @ 105
Event: 1483.344 Thread 0x000000001aa93000 Uncommon trap: reason=null_check action=make_not_entrant pc=0x0000000006fadd30 method=com.android.manifmerger.XmlElement.<init>(Lorg/w3c/dom/Element;Lcom/android/manifmerger/XmlDocument;)V @ 86
Event: 1484.027 Thread 0x000000001aa93000 Uncommon trap: reason=speculate_class_check action=maybe_recompile pc=0x00000000045d0c14 method=com.sun.org.apache.xerces.internal.dom.ElementImpl.getNodeName()Ljava/lang/String; @ 8
Event: 1484.110 Thread 0x000000001aa93000 Uncommon trap: reason=null_check action=make_not_entrant pc=0x0000000004c93598 method=com.sun.org.apache.xerces.internal.dom.NamedNodeMapImpl.findNamePoint(Ljava/lang/String;Ljava/lang/String;)I @ 105
Event: 1484.234 Thread 0x000000001aa93000 Uncommon trap: reason=class_check action=maybe_recompile pc=0x0000000004827758 method=com.android.manifmerger.XmlNode$NamespaceAwareName.equals(Ljava/lang/Object;)Z @ 1
Event: 1484.234 Thread 0x000000001aa93000 Uncommon trap: reason=class_check action=maybe_recompile pc=0x0000000004827758 method=com.android.manifmerger.XmlNode$NamespaceAwareName.equals(Ljava/lang/Object;)Z @ 1
Event: 1485.543 Thread 0x000000001aa93000 Uncommon trap: reason=bimorphic action=maybe_recompile pc=0x00000000036273ac method=java.util.stream.SortedOps$SizedRefSortingSink.end()V @ 25

Classes redefined (0 events):
No events

Internal exceptions (10 events):
Event: 1444.858 Thread 0x000000001edde800 Exception <a 'sun/nio/fs/WindowsException'> (0x00000000e01c2148) thrown at [C:\re\workspace\8-2-build-windows-amd64-cygwin\jdk8u201\12322\hotspot\src\share\vm\prims\jni.cpp, line 709]
Event: 1444.858 Thread 0x000000001edde800 Exception <a 'sun/nio/fs/WindowsException'> (0x00000000e01c2a20) thrown at [C:\re\workspace\8-2-build-windows-amd64-cygwin\jdk8u201\12322\hotspot\src\share\vm\prims\jni.cpp, line 709]
Event: 1444.871 Thread 0x000000001edde800 Exception <a 'java/lang/NoSuchMethodError': java.lang.Object.lambda$static$0(Lcom/android/apksig/util/RunnablesProvider;)V> (0x00000000e021bdf8) thrown at [C:\re\workspace\8-2-build-windows-amd64-cygwin\jdk8u201\12322\hotspot\src\share\vm\interpreter\link
Event: 1446.762 Thread 0x000000001aa93000 Exception <a 'sun/nio/fs/WindowsException'> (0x00000000e4d55198) thrown at [C:\re\workspace\8-2-build-windows-amd64-cygwin\jdk8u201\12322\hotspot\src\share\vm\prims\jni.cpp, line 709]
Event: 1466.732 Thread 0x000000001aa93000 Exception <a 'sun/nio/fs/WindowsException'> (0x00000000e61ff7f8) thrown at [C:\re\workspace\8-2-build-windows-amd64-cygwin\jdk8u201\12322\hotspot\src\share\vm\prims\jni.cpp, line 709]
Event: 1482.506 Thread 0x000000001aa93000 Implicit null exception at 0x0000000002eb7d84 to 0x0000000002eb80c5
Event: 1484.110 Thread 0x000000001aa93000 Implicit null exception at 0x0000000004c93174 to 0x0000000004c9357d
Event: 1493.837 Thread 0x000000001aa96000 Exception <a 'sun/nio/fs/WindowsException'> (0x00000000e399d328) thrown at [C:\re\workspace\8-2-build-windows-amd64-cygwin\jdk8u201\12322\hotspot\src\share\vm\prims\jni.cpp, line 709]
Event: 1493.838 Thread 0x000000001aa96000 Exception <a 'sun/nio/fs/WindowsException'> (0x00000000e399d9e8) thrown at [C:\re\workspace\8-2-build-windows-amd64-cygwin\jdk8u201\12322\hotspot\src\share\vm\prims\jni.cpp, line 709]
Event: 1494.343 Thread 0x000000001aa96000 Exception <a 'java/lang/OutOfMemoryError'> (0x00000000e5335818) thrown at [C:\re\workspace\8-2-build-windows-amd64-cygwin\jdk8u201\12322\hotspot\src\share\vm\prims\jni.cpp, line 735]

Events (10 events):
Event: 1485.585 Executing VM operation: RevokeBias done
Event: 1485.604 Thread 0x000000001aa96800 Thread added: 0x000000001aa96800
Event: 1485.617 Thread 0x000000001aa90800 Thread added: 0x000000001aa90800
Event: 1485.617 Thread 0x000000001aa98000 Thread added: 0x000000001aa98000
Event: 1493.684 Thread 0x000000001aa96000 DEOPT PACKING pc=0x0000000005425f23 sp=0x000000002c87dd40
Event: 1493.684 Thread 0x000000001aa96000 DEOPT UNPACKING pc=0x0000000002b27890 sp=0x000000002c87da68 mode 0
Event: 1493.705 Thread 0x000000001aa96000 DEOPT PACKING pc=0x00000000047b7033 sp=0x000000002c87da80
Event: 1493.705 Thread 0x000000001aa96000 DEOPT UNPACKING pc=0x0000000002b27890 sp=0x000000002c87d6c8 mode 0
Event: 1493.817 Thread 0x000000001aa96000 DEOPT PACKING pc=0x000000000380c3c4 sp=0x000000002c87da00
Event: 1493.817 Thread 0x000000001aa96000 DEOPT UNPACKING pc=0x0000000002b27890 sp=0x000000002c87d798 mode 0


Dynamic libraries:
0x00007ff77db70000 - 0x00007ff77dba7000 	C:\Program Files\Java\jdk1.8.0_201\bin\java.exe
0x00007ff9072c0000 - 0x00007ff9074b0000 	C:\WINDOWS\SYSTEM32\ntdll.dll
0x00007ff905c20000 - 0x00007ff905cd2000 	C:\WINDOWS\System32\KERNEL32.DLL
0x00007ff904cc0000 - 0x00007ff904f64000 	C:\WINDOWS\System32\KERNELBASE.dll
0x00007ff906360000 - 0x00007ff906403000 	C:\WINDOWS\System32\ADVAPI32.dll
0x00007ff9070c0000 - 0x00007ff90715e000 	C:\WINDOWS\System32\msvcrt.dll
0x00007ff905e80000 - 0x00007ff905f17000 	C:\WINDOWS\System32\sechost.dll
0x00007ff906fa0000 - 0x00007ff9070c0000 	C:\WINDOWS\System32\RPCRT4.dll
0x00007ff9066c0000 - 0x00007ff906854000 	C:\WINDOWS\System32\USER32.dll
0x00007ff904250000 - 0x00007ff904271000 	C:\WINDOWS\System32\win32u.dll
0x00007ff906860000 - 0x00007ff906886000 	C:\WINDOWS\System32\GDI32.dll
0x00007ff904f70000 - 0x00007ff905104000 	C:\WINDOWS\System32\gdi32full.dll
0x00007ff904c20000 - 0x00007ff904cbe000 	C:\WINDOWS\System32\msvcp_win.dll
0x00007ff905140000 - 0x00007ff90523a000 	C:\WINDOWS\System32\ucrtbase.dll
0x00007ff8f4ac0000 - 0x00007ff8f4d44000 	C:\WINDOWS\WinSxS\amd64_microsoft.windows.common-controls_6595b64144ccf1df_6.0.18362.836_none_e6c4b943130f18ed\COMCTL32.dll
0x00007ff905f30000 - 0x00007ff906266000 	C:\WINDOWS\System32\combase.dll
0x00007ff9052f0000 - 0x00007ff905370000 	C:\WINDOWS\System32\bcryptPrimitives.dll
0x00007ff906d60000 - 0x00007ff906d8e000 	C:\WINDOWS\System32\IMM32.DLL
0x000000006e6b0000 - 0x000000006e781000 	C:\Program Files\Java\jdk1.8.0_201\jre\bin\msvcr100.dll
0x000000006de00000 - 0x000000006e6a4000 	C:\Program Files\Java\jdk1.8.0_201\jre\bin\server\jvm.dll
0x00007ff905da0000 - 0x00007ff905da8000 	C:\WINDOWS\System32\PSAPI.DLL
0x00007ff8f43e0000 - 0x00007ff8f43e9000 	C:\WINDOWS\SYSTEM32\WSOCK32.dll
0x00007ff907160000 - 0x00007ff9071cf000 	C:\WINDOWS\System32\WS2_32.dll
0x00007ff8f5590000 - 0x00007ff8f55b4000 	C:\WINDOWS\SYSTEM32\WINMM.dll
0x00007ff8fa120000 - 0x00007ff8fa12a000 	C:\WINDOWS\SYSTEM32\VERSION.dll
0x00007ff8f5560000 - 0x00007ff8f558d000 	C:\WINDOWS\SYSTEM32\winmmbase.dll
0x00007ff904280000 - 0x00007ff9042ca000 	C:\WINDOWS\System32\cfgmgr32.dll
0x00007ff8f47a0000 - 0x00007ff8f47af000 	C:\Program Files\Java\jdk1.8.0_201\jre\bin\verify.dll
0x00007ff8d4f50000 - 0x00007ff8d4f79000 	C:\Program Files\Java\jdk1.8.0_201\jre\bin\java.dll
0x00007ff8d59f0000 - 0x00007ff8d5a06000 	C:\Program Files\Java\jdk1.8.0_201\jre\bin\zip.dll
0x00007ff905370000 - 0x00007ff905a54000 	C:\WINDOWS\System32\SHELL32.dll
0x00007ff9071d0000 - 0x00007ff907279000 	C:\WINDOWS\System32\shcore.dll
0x00007ff904420000 - 0x00007ff904b9e000 	C:\WINDOWS\System32\windows.storage.dll
0x00007ff904220000 - 0x00007ff904243000 	C:\WINDOWS\System32\profapi.dll
0x00007ff9041b0000 - 0x00007ff9041fa000 	C:\WINDOWS\System32\powrprof.dll
0x00007ff904180000 - 0x00007ff904190000 	C:\WINDOWS\System32\UMPDC.dll
0x00007ff906d00000 - 0x00007ff906d52000 	C:\WINDOWS\System32\shlwapi.dll
0x00007ff904190000 - 0x00007ff9041a1000 	C:\WINDOWS\System32\kernel.appcore.dll
0x00007ff904c00000 - 0x00007ff904c17000 	C:\WINDOWS\System32\cryptsp.dll
0x00007ff8d5620000 - 0x00007ff8d563a000 	C:\Program Files\Java\jdk1.8.0_201\jre\bin\net.dll
0x00007ff8f5230000 - 0x00007ff8f5406000 	C:\WINDOWS\SYSTEM32\urlmon.dll
0x00007ff8f4e10000 - 0x00007ff8f50b6000 	C:\WINDOWS\SYSTEM32\iertutil.dll
0x00007ff903bc0000 - 0x00007ff903bcc000 	C:\WINDOWS\SYSTEM32\CRYPTBASE.DLL
0x00007ff9039f0000 - 0x00007ff903a57000 	C:\WINDOWS\system32\mswsock.dll
0x00007ff8d51c0000 - 0x00007ff8d51d1000 	C:\Program Files\Java\jdk1.8.0_201\jre\bin\nio.dll
0x00007ff8db720000 - 0x00007ff8db746000 	C:\Users\kymsd\.gradle\native\30\windows-amd64\native-platform.dll
0x00007ff8f4620000 - 0x00007ff8f462d000 	C:\Program Files\Java\jdk1.8.0_201\jre\bin\management.dll
0x00007ff903560000 - 0x00007ff903593000 	C:\WINDOWS\system32\rsaenh.dll
0x00007ff905110000 - 0x00007ff905136000 	C:\WINDOWS\System32\bcrypt.dll
0x00007ff904070000 - 0x00007ff904095000 	C:\WINDOWS\SYSTEM32\USERENV.dll
0x00007ff903700000 - 0x00007ff90373a000 	C:\WINDOWS\SYSTEM32\IPHLPAPI.DLL
0x00007ff905c10000 - 0x00007ff905c18000 	C:\WINDOWS\System32\NSI.dll
0x00007ff8fa100000 - 0x00007ff8fa116000 	C:\WINDOWS\SYSTEM32\dhcpcsvc6.DLL
0x00007ff8fa760000 - 0x00007ff8fa77c000 	C:\WINDOWS\SYSTEM32\dhcpcsvc.DLL
0x00007ff903740000 - 0x00007ff90380b000 	C:\WINDOWS\SYSTEM32\DNSAPI.dll
0x00007ff9031e0000 - 0x00007ff903211000 	C:\WINDOWS\SYSTEM32\ntmarta.dll

VM Arguments:
jvm_args: -Xmx1536m -Dfile.encoding=x-windows-949 -Duser.country=KR -Duser.language=ko -Duser.variant 
java_command: org.gradle.launcher.daemon.bootstrap.GradleDaemon 5.6.4
java_class_path (initial): C:\Users\kymsd\.gradle\wrapper\dists\gradle-5.6.4-all\ankdp27end7byghfw1q2sw75f\gradle-5.6.4\lib\gradle-launcher-5.6.4.jar
Launcher Type: SUN_STANDARD

Environment Variables:
JAVA_HOME=C:\Program Files\Java\jdk1.8.0_241
PATH=C:\ProgramData\Miniconda3;C:\ProgramData\Miniconda3\Library\mingw-w64\bin;C:\ProgramData\Miniconda3\Library\usr\bin;C:\ProgramData\Miniconda3\Library\bin;C:\ProgramData\Miniconda3\Scripts;C:\oraclexe\app\oracle\product\11.2.0\server\bin;C:\app\kymsd\product\11.2.0\client_2;C:\app\kymsd\product\11.2.0\client_1;C:\app\kymsd\product\18.0.0\dbhomeXE\bin;C:\Program Files (x86)\Common Files\Oracle\Java\javapath;C:\Program Files (x86)\Intel\Intel(R) Management Engine Components\iCLS\;C:\Program Files\Intel\Intel(R) Management Engine Components\iCLS\;C:\WINDOWS\system32;C:\WINDOWS;C:\WINDOWS\System32\Wbem;C:\WINDOWS\System32\WindowsPowerShell\v1.0\;C:\WINDOWS\System32\OpenSSH\;C:\Program Files (x86)\Intel\Intel(R) Management Engine Components\DAL;C:\Program Files\Intel\Intel(R) Management Engine Components\DAL;C:\Program Files (x86)\Intel\Intel(R) Management Engine Components\IPT;C:\Program Files\Intel\Intel(R) Management Engine Components\IPT;C:\Program Files\Intel\WiFi\bin\;C:\Program Files\Common Files\Intel\WirelessCommon\;C:\WINDOWS\system32\config\systemprofile\.dnx\bin;C:\Program Files\Microsoft DNX\Dnvm\;C:\Program Files\Microsoft SQL Server\130\Tools\Binn\;c:\Program Files (x86)\Microsoft SQL Server\100\Tools\Binn\;c:\Program Files\Microsoft SQL Server\100\Tools\Binn\;c:\Program Files\Microsoft SQL Server\100\DTS\Binn\;c:\Program Files (x86)\Microsoft SQL Server\100\Tools\Binn\VSShell\Common7\IDE\;c:\Program Files (x86)\Microsoft SQL Server\100\DTS\Binn\;C:\Program Files\Microsoft SQL Server\Client SDK\ODBC\130\Tools\Binn\;C:\Program Files (x86)\Microsoft SQL Server\140\Tools\Binn\;C:\Program Files\Microsoft SQL Server\140\Tools\Binn\;C:\Program Files\Microsoft SQL Server\140\DTS\Binn\;C:\Program Files\OpenSSL-Win64\bin;C:\Program Files\Git\cmd;C:\Users\kymsd\AppData\Local\Microsoft\WindowsApps;C:\Program Files\Bandizip\;
USERNAME=kymsd
OS=Windows_NT
PROCESSOR_IDENTIFIER=Intel64 Family 6 Model 142 Stepping 10, GenuineIntel



---------------  S Y S T E M  ---------------

OS: Windows 10.0 , 64 bit Build 18362 (10.0.18362.778)

CPU:total 4 (initial active 4) (2 cores per cpu, 2 threads per core) family 6 model 142 stepping 10, cmov, cx8, fxsr, mmx, sse, sse2, sse3, ssse3, sse4.1, sse4.2, popcnt, avx, avx2, aes, clmul, erms, 3dnowpref, lzcnt, ht, tsc, tscinvbit, bmi1, bmi2, adx

Memory: 4k page, physical 8302052k(674548k free), swap 14671332k(3108k free)

vm_info: Java HotSpot(TM) 64-Bit Server VM (25.201-b09) for windows-amd64 JRE (1.8.0_201-b09), built on Dec 15 2018 18:36:39 by "java_re" with MS VC++ 10.0 (VS2010)

time: Mon Jun 08 13:39:45 2020
timezone: 대한민국 표준시
elapsed time: 1494 seconds (0d 0h 24m 54s)

