#
# A fatal error has been detected by the Java Runtime Environment:
#
#  EXCEPTION_ACCESS_VIOLATION (0xc0000005) at pc=0x0000000059b74e07, pid=21752, tid=0x0000000000004c10
#
# JRE version: Java(TM) SE Runtime Environment (8.0_201-b09) (build 1.8.0_201-b09)
# Java VM: Java HotSpot(TM) 64-Bit Server VM (25.201-b09 mixed mode windows-amd64 compressed oops)
# Problematic frame:
# V  [jvm.dll+0x214e07]
#
# Failed to write core dump. Minidumps are not enabled by default on client versions of Windows
#
# If you would like to submit a bug report, please visit:
#   http://bugreport.java.com/bugreport/crash.jsp
#

---------------  T H R E A D  ---------------

Current thread (0x000000001f5e5800):  JavaThread "Cache worker for file content cache (C:\Users\kymsd\AndroidStudioProjects\anjane\.gradle\5.6.4\fileContent)" [_thread_in_vm, id=19472, stack(0x0000000021580000,0x0000000021680000)]

siginfo: ExceptionCode=0xc0000005, writing address 0x000000002167a720

Registers:
RAX=0x000000002167a720, RBX=0x0000000000000006, RCX=0x0000000000005000, RDX=0x0000000000000006
RSP=0x000000002167f720, RBP=0x0000000000000000, RSI=0x000000002167f720, RDI=0x0000000000000006
R8 =0x0000000000000006, R9 =0x00000000190ba750, R10=0x00000000161be1d8, R11=0x000000002158a148
R12=0x00000000190ba750, R13=0x000000001f5e5800, R14=0x000000002167f7e8, R15=0x00000000161be1d8
RIP=0x0000000059b74e07, EFLAGS=0x0000000000010202

Top of Stack: (sp=0x000000002167f720)
0x000000002167f720:   00007ffaaae02e4d 0000000100006bd0
0x000000002167f730:   000000001f5e5800 00000000190ba750
0x000000002167f740:   00000000ffffffff 0000000059b75d37
0x000000002167f750:   000000002167f850 00000000161be1d8
0x000000002167f760:   000000001f5e5800 0000000059a21163
0x000000002167f770:   000000002167f7b0 000000001f5e5800
0x000000002167f780:   000000002167f840 000000001f5e5800
0x000000002167f790:   00000000161be1d8 000000001f5e5800
0x000000002167f7a0:   00000000031d3be0 000000001f5e5800
0x000000002167f7b0:   00000000161be1d8 000000001f5e5800
0x000000002167f7c0:   00000000161be1d8 000000001f5e5800
0x000000002167f7d0:   0000000000000001 00000000161be1d8
0x000000002167f7e0:   000000001f5e5800 000000001f913120
0x000000002167f7f0:   000000001f5e5800 0000000059a228cd
0x000000002167f800:   000000002167fb08 0000000100006bd0
0x000000002167f810:   0000000100006bd0 0000000000000000 

Instructions: (pc=0x0000000059b74e07)
0x0000000059b74de7:   48 89 6c 24 30 33 ed 66 90 e8 0b 5d 08 00 ff c3
0x0000000059b74df7:   48 63 c8 48 8b c6 48 0f af cf 48 ff c7 48 2b c1
0x0000000059b74e07:   89 28 48 63 c3 48 3b 05 95 9a 59 00 7e db 48 8b
0x0000000059b74e17:   6c 24 30 48 8b 5c 24 38 48 8b 74 24 40 48 83 c4 


Register to memory mapping:

RAX=0x000000002167a720 is pointing into the stack for thread: 0x000000001f5e5800
RBX=0x0000000000000006 is an unknown value
RCX=0x0000000000005000 is an unknown value
RDX=0x0000000000000006 is an unknown value
RSP=0x000000002167f720 is pointing into the stack for thread: 0x000000001f5e5800
RBP=0x0000000000000000 is an unknown value
RSI=0x000000002167f720 is pointing into the stack for thread: 0x000000001f5e5800
RDI=0x0000000000000006 is an unknown value
R8 =0x0000000000000006 is an unknown value
R9 =0x00000000190ba750 is an unknown value
R10={method} {0x00000000161be1e0} 'run' '()V' in 'java/lang/Thread'
R11=0x000000002158a148 is pointing into the stack for thread: 0x000000001f5e5800
R12=0x00000000190ba750 is an unknown value
R13=0x000000001f5e5800 is a thread
R14=0x000000002167f7e8 is pointing into the stack for thread: 0x000000001f5e5800
R15={method} {0x00000000161be1e0} 'run' '()V' in 'java/lang/Thread'


Stack: [0x0000000021580000,0x0000000021680000],  sp=0x000000002167f720,  free space=1021k
Native frames: (J=compiled Java code, j=interpreted, Vv=VM code, C=native code)


---------------  P R O C E S S  ---------------

Java Threads: ( => current thread )
=>0x000000001f5e5800 JavaThread "Cache worker for file content cache (C:\Users\kymsd\AndroidStudioProjects\anjane\.gradle\5.6.4\fileContent)" [_thread_in_vm, id=19472, stack(0x0000000021580000,0x0000000021680000)]
  0x000000001f5ea800 JavaThread "Cache worker for Build Output Cleanup Cache (C:\Users\kymsd\AndroidStudioProjects\anjane\.gradle\buildOutputCleanup)" [_thread_blocked, id=19536, stack(0x0000000021280000,0x0000000021380000)]
  0x0000000019b6f000 JavaThread "pool-5-thread-1" [_thread_blocked, id=12888, stack(0x0000000020d80000,0x0000000020e80000)]
  0x0000000019b75800 JavaThread "Build operations Thread 4" [_thread_blocked, id=14732, stack(0x0000000020c80000,0x0000000020d80000)]
  0x0000000019b72800 JavaThread "Build operations Thread 3" [_thread_blocked, id=2008, stack(0x0000000020b80000,0x0000000020c80000)]
  0x0000000019b6e000 JavaThread "Build operations Thread 2" [_thread_blocked, id=20848, stack(0x0000000020a80000,0x0000000020b80000)]
  0x0000000019b6f800 JavaThread "Build operations" [_thread_blocked, id=1684, stack(0x0000000020680000,0x0000000020780000)]
  0x0000000019b75000 JavaThread "Cache worker for cache directory md-rule (C:\Users\kymsd\.gradle\caches\5.6.4\md-rule)" [_thread_blocked, id=19268, stack(0x000000001ef40000,0x000000001f040000)]
  0x0000000019b72000 JavaThread "Cache worker for cache directory md-supplier (C:\Users\kymsd\.gradle\caches\5.6.4\md-supplier)" [_thread_blocked, id=20712, stack(0x000000001e7b0000,0x000000001e8b0000)]
  0x0000000019b74000 JavaThread "Cache worker for file hash cache (C:\Users\kymsd\AndroidStudioProjects\anjane\.gradle\5.6.4\fileHashes)" [_thread_blocked, id=9732, stack(0x000000001bf10000,0x000000001c010000)]
  0x0000000019b73800 JavaThread "Thread-67" [_thread_blocked, id=10188, stack(0x000000001be10000,0x000000001bf10000)]
  0x0000000019b70800 JavaThread "Stdin handler" [_thread_blocked, id=24452, stack(0x000000001bd10000,0x000000001be10000)]
  0x0000000019b71000 JavaThread "Asynchronous log dispatcher for DefaultDaemonConnection: socket connection from /127.0.0.1:5270 to /127.0.0.1:6032" [_thread_blocked, id=24316, stack(0x000000001bc10000,0x000000001bd10000)]
  0x0000000019b66800 JavaThread "Daemon worker Thread 3" [_thread_in_Java, id=22512, stack(0x000000001bb10000,0x000000001bc10000)]
  0x0000000019b6d800 JavaThread "Cancel handler" [_thread_blocked, id=18544, stack(0x000000001b810000,0x000000001b910000)]
  0x0000000019b6c000 JavaThread "Handler for socket connection from /127.0.0.1:5270 to /127.0.0.1:6032" [_thread_in_native, id=15264, stack(0x000000001b710000,0x000000001b810000)]
  0x0000000019b6b000 JavaThread "Daemon Thread 3" [_thread_blocked, id=24572, stack(0x0000000001250000,0x0000000001350000)]
  0x000000001f5f0800 JavaThread "Cache worker for Java compile cache (C:\Users\kymsd\.gradle\caches\5.6.4\javaCompile)" [_thread_blocked, id=13004, stack(0x0000000026080000,0x0000000026180000)]
  0x000000001f5f0000 JavaThread "Cache worker for file content cache (C:\Users\kymsd\.gradle\caches\5.6.4\fileContent)" [_thread_blocked, id=11636, stack(0x0000000023180000,0x0000000023280000)]
  0x000000001f5ef000 JavaThread "Memory manager" [_thread_blocked, id=15344, stack(0x0000000021880000,0x0000000021980000)]
  0x000000001f5e3000 JavaThread "Cache worker for execution history cache (C:\Users\kymsd\.gradle\caches\5.6.4\executionHistory)" [_thread_blocked, id=24324, stack(0x0000000020780000,0x0000000020880000)]
  0x0000000017ea8000 JavaThread "Cache worker for journal cache (C:\Users\kymsd\.gradle\caches\journal-1)" [_thread_blocked, id=17380, stack(0x000000001c410000,0x000000001c510000)]
  0x0000000017eac800 JavaThread "File lock request listener" [_thread_in_native, id=15396, stack(0x000000001c310000,0x000000001c410000)]
  0x0000000017ea7000 JavaThread "Cache worker for file hash cache (C:\Users\kymsd\.gradle\caches\5.6.4\fileHashes)" [_thread_blocked, id=23840, stack(0x000000001c210000,0x000000001c310000)]
  0x000000001a1e6800 JavaThread "Daemon periodic checks" [_thread_blocked, id=16260, stack(0x000000001b610000,0x000000001b710000)]
  0x0000000018015800 JavaThread "Incoming local TCP Connector on port 5270" [_thread_in_native, id=18624, stack(0x000000001b430000,0x000000001b530000)]
  0x0000000018a53000 JavaThread "Daemon health stats" [_thread_blocked, id=19828, stack(0x000000001b130000,0x000000001b230000)]
  0x0000000017f29000 JavaThread "Service Thread" daemon [_thread_blocked, id=6576, stack(0x0000000018790000,0x0000000018890000)]
  0x0000000017ea6800 JavaThread "C1 CompilerThread2" daemon [_thread_blocked, id=24388, stack(0x0000000018690000,0x0000000018790000)]
  0x0000000017e9d800 JavaThread "C2 CompilerThread1" daemon [_thread_in_native, id=15184, stack(0x0000000018590000,0x0000000018690000)]
  0x0000000016b8c800 JavaThread "C2 CompilerThread0" daemon [_thread_in_native, id=8312, stack(0x0000000018490000,0x0000000018590000)]
  0x0000000016b40000 JavaThread "Attach Listener" daemon [_thread_blocked, id=8320, stack(0x0000000018390000,0x0000000018490000)]
  0x0000000017e98800 JavaThread "Signal Dispatcher" daemon [_thread_blocked, id=20852, stack(0x0000000018290000,0x0000000018390000)]
  0x00000000031bc000 JavaThread "Finalizer" daemon [_thread_blocked, id=19080, stack(0x0000000017d90000,0x0000000017e90000)]
  0x00000000031b2000 JavaThread "Reference Handler" daemon [_thread_blocked, id=10568, stack(0x0000000017c90000,0x0000000017d90000)]
  0x00000000030c2800 JavaThread "main" [_thread_blocked, id=10572, stack(0x0000000002fc0000,0x00000000030c0000)]

Other Threads:
  0x0000000016af8000 VMThread [stack: 0x0000000017b90000,0x0000000017c90000] [id=12500]
  0x0000000017f43000 WatcherThread [stack: 0x0000000018890000,0x0000000018990000] [id=16992]

VM state:not at safepoint (normal execution)

VM Mutex/Monitor currently owned by a thread: None

heap address: 0x00000000a0000000, size: 1536 MB, Compressed Oops mode: 32-bit
Narrow klass base: 0x0000000000000000, Narrow klass shift: 3
Compressed class space size: 1073741824 Address: 0x0000000100000000

Heap:
 PSYoungGen      total 333824K, used 132337K [0x00000000e0000000, 0x00000000f9480000, 0x0000000100000000)
  eden space 270848K, 41% used [0x00000000e0000000,0x00000000e6d531b8,0x00000000f0880000)
  from space 62976K, 32% used [0x00000000f5700000,0x00000000f6ae9500,0x00000000f9480000)
  to   space 71680K, 0% used [0x00000000f0880000,0x00000000f0880000,0x00000000f4e80000)
 ParOldGen       total 291840K, used 242031K [0x00000000a0000000, 0x00000000b1d00000, 0x00000000e0000000)
  object space 291840K, 82% used [0x00000000a0000000,0x00000000aec5be48,0x00000000b1d00000)
 Metaspace       used 87155K, capacity 90776K, committed 91008K, reserved 1130496K
  class space    used 11656K, capacity 12382K, committed 12416K, reserved 1048576K

Card table byte_map: [0x0000000012580000,0x0000000012890000] byte_map_base: 0x0000000012080000

Marking Bits: (ParMarkBitMap*) 0x000000005a184ce0
 Begin Bits: [0x0000000012e90000, 0x0000000014690000)
 End Bits:   [0x0000000014690000, 0x0000000015e90000)

Polling page: 0x0000000001390000

CodeCache: size=245760Kb used=50751Kb max_used=52813Kb free=195008Kb
 bounds [0x00000000031c0000, 0x00000000065c0000, 0x00000000121c0000]
 total_blobs=15269 nmethods=14411 adapters=767
 compilation: enabled

Compilation events (10 events):
Event: 1045.043 Thread 0x0000000017ea6800 18472       3       org.gradle.api.internal.provider.DefaultProviderFactory::provider (23 bytes)
Event: 1045.044 Thread 0x0000000017ea6800 nmethod 18472 0x0000000005f38290 code [0x0000000005f38420, 0x0000000005f38848]
Event: 1045.045 Thread 0x0000000017ea6800 18474       1       org.gradle.internal.graph.CachingDirectedGraphWalker$GraphWithEmptyEdges::getEdgeValues (1 bytes)
Event: 1045.045 Thread 0x0000000017ea6800 nmethod 18474 0x0000000006086210 code [0x0000000006086360, 0x0000000006086470]
Event: 1045.046 Thread 0x0000000017ea6800 18475       3       org.gradle.api.internal.file.DefaultFilePropertyFactory$DefaultRegularFileVar::set (35 bytes)
Event: 1045.047 Thread 0x0000000016b8c800 18477 %     4       org.gradle.internal.graph.CachingDirectedGraphWalker::doSearch @ 298 (659 bytes)
Event: 1045.047 Thread 0x0000000017ea6800 nmethod 18475 0x0000000005f374d0 code [0x0000000005f376a0, 0x0000000005f37f08]
Event: 1045.047 Thread 0x0000000017ea6800 18476       3       org.gradle.api.internal.file.DefaultFilePropertyFactory$FixedFile::<init> (6 bytes)
Event: 1045.048 Thread 0x0000000017ea6800 nmethod 18476 0x000000000382d150 code [0x000000000382d2c0, 0x000000000382d4f0]
Event: 1045.050 Thread 0x0000000017e9d800 nmethod 18470 0x00000000043d0d50 code [0x00000000043d0ec0, 0x00000000043d1348]

GC Heap History (10 events):
Event: 106.503 GC heap before
{Heap before GC invocations=26 (full 4):
 PSYoungGen      total 195072K, used 181559K [0x00000000e0000000, 0x00000000f3c80000, 0x0000000100000000)
  eden space 168448K, 100% used [0x00000000e0000000,0x00000000ea480000,0x00000000ea480000)
  from space 26624K, 49% used [0x00000000ea480000,0x00000000eb14de38,0x00000000ebe80000)
  to   space 57856K, 0% used [0x00000000f0400000,0x00000000f0400000,0x00000000f3c80000)
 ParOldGen       total 291840K, used 134672K [0x00000000a0000000, 0x00000000b1d00000, 0x00000000e0000000)
  object space 291840K, 46% used [0x00000000a0000000,0x00000000a8384048,0x00000000b1d00000)
 Metaspace       used 71202K, capacity 74216K, committed 74880K, reserved 1114112K
  class space    used 9822K, capacity 10440K, committed 10624K, reserved 1048576K
Event: 106.831 GC heap after
Heap after GC invocations=26 (full 4):
 PSYoungGen      total 247808K, used 57847K [0x00000000e0000000, 0x00000000f5c80000, 0x0000000100000000)
  eden space 189952K, 0% used [0x00000000e0000000,0x00000000e0000000,0x00000000eb980000)
  from space 57856K, 99% used [0x00000000f0400000,0x00000000f3c7df58,0x00000000f3c80000)
  to   space 76288K, 0% used [0x00000000eb980000,0x00000000eb980000,0x00000000f0400000)
 ParOldGen       total 291840K, used 156708K [0x00000000a0000000, 0x00000000b1d00000, 0x00000000e0000000)
  object space 291840K, 53% used [0x00000000a0000000,0x00000000a9909170,0x00000000b1d00000)
 Metaspace       used 71202K, capacity 74216K, committed 74880K, reserved 1114112K
  class space    used 9822K, capacity 10440K, committed 10624K, reserved 1048576K
}
Event: 114.641 GC heap before
{Heap before GC invocations=27 (full 4):
 PSYoungGen      total 247808K, used 247531K [0x00000000e0000000, 0x00000000f5c80000, 0x0000000100000000)
  eden space 189952K, 99% used [0x00000000e0000000,0x00000000eb93cd18,0x00000000eb980000)
  from space 57856K, 99% used [0x00000000f0400000,0x00000000f3c7df58,0x00000000f3c80000)
  to   space 76288K, 0% used [0x00000000eb980000,0x00000000eb980000,0x00000000f0400000)
 ParOldGen       total 291840K, used 156708K [0x00000000a0000000, 0x00000000b1d00000, 0x00000000e0000000)
  object space 291840K, 53% used [0x00000000a0000000,0x00000000a9909170,0x00000000b1d00000)
 Metaspace       used 71210K, capacity 74216K, committed 74880K, reserved 1114112K
  class space    used 9822K, capacity 10440K, committed 10624K, reserved 1048576K
Event: 115.777 GC heap after
Heap after GC invocations=27 (full 4):
 PSYoungGen      total 266240K, used 44378K [0x00000000e0000000, 0x00000000f7f80000, 0x0000000100000000)
  eden space 189952K, 0% used [0x00000000e0000000,0x00000000e0000000,0x00000000eb980000)
  from space 76288K, 58% used [0x00000000eb980000,0x00000000ee4d69f8,0x00000000f0400000)
  to   space 78336K, 0% used [0x00000000f3300000,0x00000000f3300000,0x00000000f7f80000)
 ParOldGen       total 291840K, used 214714K [0x00000000a0000000, 0x00000000b1d00000, 0x00000000e0000000)
  object space 291840K, 73% used [0x00000000a0000000,0x00000000ad1ae978,0x00000000b1d00000)
 Metaspace       used 71210K, capacity 74216K, committed 74880K, reserved 1114112K
  class space    used 9822K, capacity 10440K, committed 10624K, reserved 1048576K
}
Event: 124.419 GC heap before
{Heap before GC invocations=28 (full 4):
 PSYoungGen      total 266240K, used 234330K [0x00000000e0000000, 0x00000000f7f80000, 0x0000000100000000)
  eden space 189952K, 100% used [0x00000000e0000000,0x00000000eb980000,0x00000000eb980000)
  from space 76288K, 58% used [0x00000000eb980000,0x00000000ee4d69f8,0x00000000f0400000)
  to   space 78336K, 0% used [0x00000000f3300000,0x00000000f3300000,0x00000000f7f80000)
 ParOldGen       total 291840K, used 214714K [0x00000000a0000000, 0x00000000b1d00000, 0x00000000e0000000)
  object space 291840K, 73% used [0x00000000a0000000,0x00000000ad1ae978,0x00000000b1d00000)
 Metaspace       used 72901K, capacity 76020K, committed 76672K, reserved 1116160K
  class space    used 10061K, capacity 10700K, committed 10880K, reserved 1048576K
Event: 125.162 GC heap after
Heap after GC invocations=28 (full 4):
 PSYoungGen      total 313344K, used 3329K [0x00000000e0000000, 0x00000000f7e00000, 0x0000000100000000)
  eden space 236544K, 0% used [0x00000000e0000000,0x00000000e0000000,0x00000000ee700000)
  from space 76800K, 4% used [0x00000000f3300000,0x00000000f36407b8,0x00000000f7e00000)
  to   space 77312K, 0% used [0x00000000ee700000,0x00000000ee700000,0x00000000f3280000)
 ParOldGen       total 291840K, used 228035K [0x00000000a0000000, 0x00000000b1d00000, 0x00000000e0000000)
  object space 291840K, 78% used [0x00000000a0000000,0x00000000adeb0ed0,0x00000000b1d00000)
 Metaspace       used 72901K, capacity 76020K, committed 76672K, reserved 1116160K
  class space    used 10061K, capacity 10700K, committed 10880K, reserved 1048576K
}
Event: 777.690 GC heap before
{Heap before GC invocations=29 (full 4):
 PSYoungGen      total 313344K, used 239873K [0x00000000e0000000, 0x00000000f7e00000, 0x0000000100000000)
  eden space 236544K, 100% used [0x00000000e0000000,0x00000000ee700000,0x00000000ee700000)
  from space 76800K, 4% used [0x00000000f3300000,0x00000000f36407b8,0x00000000f7e00000)
  to   space 77312K, 0% used [0x00000000ee700000,0x00000000ee700000,0x00000000f3280000)
 ParOldGen       total 291840K, used 228035K [0x00000000a0000000, 0x00000000b1d00000, 0x00000000e0000000)
  object space 291840K, 78% used [0x00000000a0000000,0x00000000adeb0ed0,0x00000000b1d00000)
 Metaspace       used 80573K, capacity 84072K, committed 84352K, reserved 1122304K
  class space    used 10910K, capacity 11636K, committed 11648K, reserved 1048576K
Event: 778.612 GC heap after
Heap after GC invocations=29 (full 4):
 PSYoungGen      total 313856K, used 34904K [0x00000000e0000000, 0x00000000fa100000, 0x0000000100000000)
  eden space 236544K, 0% used [0x00000000e0000000,0x00000000e0000000,0x00000000ee700000)
  from space 77312K, 45% used [0x00000000ee700000,0x00000000f0916360,0x00000000f3280000)
  to   space 75776K, 0% used [0x00000000f5700000,0x00000000f5700000,0x00000000fa100000)
 ParOldGen       total 291840K, used 229139K [0x00000000a0000000, 0x00000000b1d00000, 0x00000000e0000000)
  object space 291840K, 78% used [0x00000000a0000000,0x00000000adfc4ef0,0x00000000b1d00000)
 Metaspace       used 80573K, capacity 84072K, committed 84352K, reserved 1122304K
  class space    used 10910K, capacity 11636K, committed 11648K, reserved 1048576K
}
Event: 806.231 GC heap before
{Heap before GC invocations=30 (full 4):
 PSYoungGen      total 313856K, used 271448K [0x00000000e0000000, 0x00000000fa100000, 0x0000000100000000)
  eden space 236544K, 100% used [0x00000000e0000000,0x00000000ee700000,0x00000000ee700000)
  from space 77312K, 45% used [0x00000000ee700000,0x00000000f0916360,0x00000000f3280000)
  to   space 75776K, 0% used [0x00000000f5700000,0x00000000f5700000,0x00000000fa100000)
 ParOldGen       total 291840K, used 229139K [0x00000000a0000000, 0x00000000b1d00000, 0x00000000e0000000)
  object space 291840K, 78% used [0x00000000a0000000,0x00000000adfc4ef0,0x00000000b1d00000)
 Metaspace       used 86700K, capacity 90214K, committed 90496K, reserved 1128448K
  class space    used 11629K, capacity 12355K, committed 12416K, reserved 1048576K
Event: 806.429 GC heap after
Heap after GC invocations=30 (full 4):
 PSYoungGen      total 333824K, used 20389K [0x00000000e0000000, 0x00000000f9480000, 0x0000000100000000)
  eden space 270848K, 0% used [0x00000000e0000000,0x00000000e0000000,0x00000000f0880000)
  from space 62976K, 32% used [0x00000000f5700000,0x00000000f6ae9500,0x00000000f9480000)
  to   space 71680K, 0% used [0x00000000f0880000,0x00000000f0880000,0x00000000f4e80000)
 ParOldGen       total 291840K, used 242031K [0x00000000a0000000, 0x00000000b1d00000, 0x00000000e0000000)
  object space 291840K, 82% used [0x00000000a0000000,0x00000000aec5be48,0x00000000b1d00000)
 Metaspace       used 86700K, capacity 90214K, committed 90496K, reserved 1128448K
  class space    used 11629K, capacity 12355K, committed 12416K, reserved 1048576K
}

Deoptimization events (10 events):
Event: 1043.688 Thread 0x0000000019b6c000 Uncommon trap: reason=class_check action=maybe_recompile pc=0x00000000053ac9e0 method=java.lang.reflect.Array.newInstance(Ljava/lang/Class;I)Ljava/lang/Object; @ 2
Event: 1043.710 Thread 0x0000000019b66800 Uncommon trap: reason=class_check action=maybe_recompile pc=0x0000000004ced5a4 method=org.gradle.launcher.daemon.server.SynchronizedDispatchConnection.dispatch(Ljava/lang/Object;)V @ 1
Event: 1043.775 Thread 0x0000000019b66800 Uncommon trap: reason=array_check action=maybe_recompile pc=0x0000000005dddc94 method=com.google.common.collect.ImmutableSet.construct(I[Ljava/lang/Object;)Lcom/google/common/collect/ImmutableSet; @ 122
Event: 1043.777 Thread 0x0000000019b66800 Uncommon trap: reason=array_check action=maybe_recompile pc=0x0000000005dddc94 method=com.google.common.collect.ImmutableSet.construct(I[Ljava/lang/Object;)Lcom/google/common/collect/ImmutableSet; @ 122
Event: 1043.778 Thread 0x0000000019b66800 Uncommon trap: reason=array_check action=maybe_recompile pc=0x0000000005dddc94 method=com.google.common.collect.ImmutableSet.construct(I[Ljava/lang/Object;)Lcom/google/common/collect/ImmutableSet; @ 122
Event: 1043.778 Thread 0x0000000019b66800 Uncommon trap: reason=array_check action=maybe_recompile pc=0x0000000005dddc94 method=com.google.common.collect.ImmutableSet.construct(I[Ljava/lang/Object;)Lcom/google/common/collect/ImmutableSet; @ 122
Event: 1043.884 Thread 0x0000000019b66800 Uncommon trap: reason=bimorphic action=maybe_recompile pc=0x0000000004b1b2d4 method=java.util.stream.ReduceOps$ReduceOp.evaluateSequential(Ljava/util/stream/PipelineHelper;Ljava/util/Spliterator;)Ljava/lang/Object; @ 2
Event: 1043.945 Thread 0x0000000019b66800 Uncommon trap: reason=bimorphic action=maybe_recompile pc=0x00000000043e7e10 method=org.gradle.api.internal.attributes.DefaultImmutableAttributes.get()Ljava/lang/Object; @ 4
Event: 1043.945 Thread 0x0000000019b66800 Uncommon trap: reason=bimorphic action=maybe_recompile pc=0x000000000493f274 method=org.gradle.api.internal.attributes.DefaultAttributesSchema$MergedSchema.matchValue(Lorg/gradle/api/attributes/Attribute;Ljava/lang/Object;Ljava/lang/Object;)Z @ 2
Event: 1044.674 Thread 0x0000000019b66800 Uncommon trap: reason=bimorphic action=maybe_recompile pc=0x0000000004b1b2d4 method=java.util.stream.ReduceOps$ReduceOp.evaluateSequential(Ljava/util/stream/PipelineHelper;Ljava/util/Spliterator;)Ljava/lang/Object; @ 2

Classes redefined (0 events):
No events

Internal exceptions (10 events):
Event: 768.196 Thread 0x0000000019b71000 Implicit null exception at 0x00000000035dd52b to 0x00000000035df595
Event: 769.513 Thread 0x0000000019b71000 Exception <a 'sun/nio/fs/WindowsException'> (0x00000000e936b8c8) thrown at [C:\re\workspace\8-2-build-windows-amd64-cygwin\jdk8u201\12322\hotspot\src\share\vm\prims\jni.cpp, line 709]
Event: 787.863 Thread 0x000000001f5e4800 Exception <a 'java/lang/NoSuchMethodError': java.lang.Object.lambda$comparingByKey$bbdbfea9$1(Ljava/util/Map$Entry;Ljava/util/Map$Entry;)I> (0x00000000e4264788) thrown at [C:\re\workspace\8-2-build-windows-amd64-cygwin\jdk8u201\12322\hotspot\src\share\vm\
Event: 808.598 Thread 0x000000001f889000 Exception <a 'sun/nio/fs/WindowsException'> (0x00000000e0c6fc78) thrown at [C:\re\workspace\8-2-build-windows-amd64-cygwin\jdk8u201\12322\hotspot\src\share\vm\prims\jni.cpp, line 709]
Event: 809.687 Thread 0x000000001f889000 Exception <a 'sun/nio/fs/WindowsException'> (0x00000000e16e6ae8) thrown at [C:\re\workspace\8-2-build-windows-amd64-cygwin\jdk8u201\12322\hotspot\src\share\vm\prims\jni.cpp, line 709]
Event: 812.716 Thread 0x000000001f5e4800 Exception <a 'java/io/FileNotFoundException'> (0x00000000e24aa538) thrown at [C:\re\workspace\8-2-build-windows-amd64-cygwin\jdk8u201\12322\hotspot\src\share\vm\prims\jni.cpp, line 709]
Event: 812.916 Thread 0x0000000017ead000 Exception <a 'sun/nio/fs/WindowsException'> (0x00000000e268a470) thrown at [C:\re\workspace\8-2-build-windows-amd64-cygwin\jdk8u201\12322\hotspot\src\share\vm\prims\jni.cpp, line 709]
Event: 813.491 Thread 0x000000001f88a000 Exception <a 'sun/nio/fs/WindowsException'> (0x00000000e47b33f8) thrown at [C:\re\workspace\8-2-build-windows-amd64-cygwin\jdk8u201\12322\hotspot\src\share\vm\prims\jni.cpp, line 709]
Event: 814.943 Thread 0x0000000019b71000 Exception <a 'sun/nio/fs/WindowsException'> (0x00000000e4e83470) thrown at [C:\re\workspace\8-2-build-windows-amd64-cygwin\jdk8u201\12322\hotspot\src\share\vm\prims\jni.cpp, line 709]
Event: 1044.675 Thread 0x0000000019b66800 Exception <a 'sun/nio/fs/WindowsException'> (0x00000000e651ebf0) thrown at [C:\re\workspace\8-2-build-windows-amd64-cygwin\jdk8u201\12322\hotspot\src\share\vm\prims\jni.cpp, line 709]

Events (10 events):
Event: 1044.630 Thread 0x0000000017ea6800 flushing nmethod 0x00000000058f3ad0
Event: 1044.630 Thread 0x0000000017ea6800 flushing nmethod 0x0000000005902690
Event: 1044.651 Thread 0x0000000017ea6800 flushing nmethod 0x00000000064f8350
Event: 1044.651 Thread 0x0000000017ea6800 flushing nmethod 0x000000000650d990
Event: 1044.674 Thread 0x0000000019b66800 Uncommon trap: trap_request=0xffffffc6 fr.pc=0x0000000004b1b2d4
Event: 1044.674 Thread 0x0000000019b66800 DEOPT PACKING pc=0x0000000004b1b2d4 sp=0x000000001bc0a330
Event: 1044.674 Thread 0x0000000019b66800 DEOPT UNPACKING pc=0x000000000320583b sp=0x000000001bc0a2b8 mode 2
Event: 1044.679 Thread 0x0000000019b6f000 Thread added: 0x0000000019b6f000
Event: 1044.701 Thread 0x000000001f5ea800 Thread added: 0x000000001f5ea800
Event: 1045.056 Thread 0x000000001f5e5800 Thread added: 0x000000001f5e5800


Dynamic libraries:
0x00007ff74e750000 - 0x00007ff74e787000 	C:\Program Files\Java\jdk1.8.0_201\bin\java.exe
0x00007ffaaade0000 - 0x00007ffaaafd0000 	C:\WINDOWS\SYSTEM32\ntdll.dll
0x00007ffaaa570000 - 0x00007ffaaa622000 	C:\WINDOWS\System32\KERNEL32.DLL
0x00007ffaa8790000 - 0x00007ffaa8a33000 	C:\WINDOWS\System32\KERNELBASE.dll
0x00007ffaaa6b0000 - 0x00007ffaaa753000 	C:\WINDOWS\System32\ADVAPI32.dll
0x00007ffaaa470000 - 0x00007ffaaa50e000 	C:\WINDOWS\System32\msvcrt.dll
0x00007ffaa8e90000 - 0x00007ffaa8f27000 	C:\WINDOWS\System32\sechost.dll
0x00007ffaaa820000 - 0x00007ffaaa940000 	C:\WINDOWS\System32\RPCRT4.dll
0x00007ffaaa2b0000 - 0x00007ffaaa444000 	C:\WINDOWS\System32\USER32.dll
0x00007ffaa7d70000 - 0x00007ffaa7d91000 	C:\WINDOWS\System32\win32u.dll
0x00007ffaa9700000 - 0x00007ffaa9726000 	C:\WINDOWS\System32\GDI32.dll
0x00007ffaa8b20000 - 0x00007ffaa8cb4000 	C:\WINDOWS\System32\gdi32full.dll
0x00007ffaa7e70000 - 0x00007ffaa7f0e000 	C:\WINDOWS\System32\msvcp_win.dll
0x00007ffaa7f10000 - 0x00007ffaa800a000 	C:\WINDOWS\System32\ucrtbase.dll
0x00007ffa9f970000 - 0x00007ffa9fbf5000 	C:\WINDOWS\WinSxS\amd64_microsoft.windows.common-controls_6595b64144ccf1df_6.0.18362.778_none_e6c6b761130d4fb8\COMCTL32.dll
0x00007ffaa9870000 - 0x00007ffaa9ba6000 	C:\WINDOWS\System32\combase.dll
0x00007ffaa7da0000 - 0x00007ffaa7e20000 	C:\WINDOWS\System32\bcryptPrimitives.dll
0x00007ffaa9410000 - 0x00007ffaa943e000 	C:\WINDOWS\System32\IMM32.DLL
0x000000005a210000 - 0x000000005a2e1000 	C:\Program Files\Java\jdk1.8.0_201\jre\bin\msvcr100.dll
0x0000000059960000 - 0x000000005a204000 	C:\Program Files\Java\jdk1.8.0_201\jre\bin\server\jvm.dll
0x00007ffaaacc0000 - 0x00007ffaaacc8000 	C:\WINDOWS\System32\PSAPI.DLL
0x00007ffa9e180000 - 0x00007ffa9e1a4000 	C:\WINDOWS\SYSTEM32\WINMM.dll
0x00007ffaa34b0000 - 0x00007ffaa34ba000 	C:\WINDOWS\SYSTEM32\VERSION.dll
0x00007ffa9bdc0000 - 0x00007ffa9bdc9000 	C:\WINDOWS\SYSTEM32\WSOCK32.dll
0x00007ffaaac50000 - 0x00007ffaaacbf000 	C:\WINDOWS\System32\WS2_32.dll
0x00007ffa9e150000 - 0x00007ffa9e17d000 	C:\WINDOWS\SYSTEM32\winmmbase.dll
0x00007ffaa7e20000 - 0x00007ffaa7e6a000 	C:\WINDOWS\System32\cfgmgr32.dll
0x00007ffaa3f80000 - 0x00007ffaa3f8f000 	C:\Program Files\Java\jdk1.8.0_201\jre\bin\verify.dll
0x00007ffa800f0000 - 0x00007ffa80119000 	C:\Program Files\Java\jdk1.8.0_201\jre\bin\java.dll
0x00007ffa82840000 - 0x00007ffa82856000 	C:\Program Files\Java\jdk1.8.0_201\jre\bin\zip.dll
0x00007ffaa9bc0000 - 0x00007ffaaa2a5000 	C:\WINDOWS\System32\SHELL32.dll
0x00007ffaa9650000 - 0x00007ffaa96f9000 	C:\WINDOWS\System32\shcore.dll
0x00007ffaa8010000 - 0x00007ffaa8790000 	C:\WINDOWS\System32\windows.storage.dll
0x00007ffaa7cd0000 - 0x00007ffaa7cf3000 	C:\WINDOWS\System32\profapi.dll
0x00007ffaa7d00000 - 0x00007ffaa7d4a000 	C:\WINDOWS\System32\powrprof.dll
0x00007ffaa7ca0000 - 0x00007ffaa7cb0000 	C:\WINDOWS\System32\UMPDC.dll
0x00007ffaaa7c0000 - 0x00007ffaaa812000 	C:\WINDOWS\System32\shlwapi.dll
0x00007ffaa7cb0000 - 0x00007ffaa7cc1000 	C:\WINDOWS\System32\kernel.appcore.dll
0x00007ffaa8cc0000 - 0x00007ffaa8cd7000 	C:\WINDOWS\System32\cryptsp.dll
0x00007ffa813a0000 - 0x00007ffa813ba000 	C:\Program Files\Java\jdk1.8.0_201\jre\bin\net.dll
0x00007ffa9dbd0000 - 0x00007ffa9dda5000 	C:\WINDOWS\SYSTEM32\urlmon.dll
0x00007ffa9d180000 - 0x00007ffa9d426000 	C:\WINDOWS\SYSTEM32\iertutil.dll
0x00007ffaa76e0000 - 0x00007ffaa76ec000 	C:\WINDOWS\SYSTEM32\CRYPTBASE.DLL
0x00007ffaa7510000 - 0x00007ffaa7577000 	C:\WINDOWS\system32\mswsock.dll
0x00007ffa79ad0000 - 0x00007ffa79ae1000 	C:\Program Files\Java\jdk1.8.0_201\jre\bin\nio.dll
0x00007ffa7ffd0000 - 0x00007ffa7fff6000 	C:\Users\kymsd\.gradle\native\30\windows-amd64\native-platform.dll
0x00007ffa7abd0000 - 0x00007ffa7abdd000 	C:\Program Files\Java\jdk1.8.0_201\jre\bin\management.dll
0x00007ffaa7080000 - 0x00007ffaa70b3000 	C:\WINDOWS\system32\rsaenh.dll
0x00007ffaa8a40000 - 0x00007ffaa8a66000 	C:\WINDOWS\System32\bcrypt.dll
0x00007ffaa7bc0000 - 0x00007ffaa7be5000 	C:\WINDOWS\SYSTEM32\USERENV.dll
0x00007ffaa7220000 - 0x00007ffaa725a000 	C:\WINDOWS\SYSTEM32\IPHLPAPI.DLL
0x00007ffaa94c0000 - 0x00007ffaa94c8000 	C:\WINDOWS\System32\NSI.dll
0x00007ffaa0900000 - 0x00007ffaa0916000 	C:\WINDOWS\SYSTEM32\dhcpcsvc6.DLL
0x00007ffaa08e0000 - 0x00007ffaa08fc000 	C:\WINDOWS\SYSTEM32\dhcpcsvc.DLL
0x00007ffaa7260000 - 0x00007ffaa732a000 	C:\WINDOWS\SYSTEM32\DNSAPI.dll
0x00007ffaa5bd0000 - 0x00007ffaa5dc4000 	C:\WINDOWS\SYSTEM32\dbghelp.dll

VM Arguments:
jvm_args: -Xmx1536m -Dfile.encoding=x-windows-949 -Duser.country=KR -Duser.language=ko -Duser.variant 
java_command: org.gradle.launcher.daemon.bootstrap.GradleDaemon 5.6.4
java_class_path (initial): C:\Users\kymsd\.gradle\wrapper\dists\gradle-5.6.4-all\ankdp27end7byghfw1q2sw75f\gradle-5.6.4\lib\gradle-launcher-5.6.4.jar
Launcher Type: SUN_STANDARD

Environment Variables:
JAVA_HOME=C:\Program Files\Java\jdk1.8.0_241
PATH=C:\ProgramData\Miniconda3;C:\ProgramData\Miniconda3\Library\mingw-w64\bin;C:\ProgramData\Miniconda3\Library\usr\bin;C:\ProgramData\Miniconda3\Library\bin;C:\ProgramData\Miniconda3\Scripts;C:\oraclexe\app\oracle\product\11.2.0\server\bin;C:\app\kymsd\product\11.2.0\client_2;C:\app\kymsd\product\11.2.0\client_1;C:\app\kymsd\product\18.0.0\dbhomeXE\bin;C:\Program Files (x86)\Common Files\Oracle\Java\javapath;C:\Program Files (x86)\Intel\Intel(R) Management Engine Components\iCLS\;C:\Program Files\Intel\Intel(R) Management Engine Components\iCLS\;C:\WINDOWS\system32;C:\WINDOWS;C:\WINDOWS\System32\Wbem;C:\WINDOWS\System32\WindowsPowerShell\v1.0\;C:\WINDOWS\System32\OpenSSH\;C:\Program Files (x86)\Intel\Intel(R) Management Engine Components\DAL;C:\Program Files\Intel\Intel(R) Management Engine Components\DAL;C:\Program Files (x86)\Intel\Intel(R) Management Engine Components\IPT;C:\Program Files\Intel\Intel(R) Management Engine Components\IPT;C:\Program Files\Intel\WiFi\bin\;C:\Program Files\Common Files\Intel\WirelessCommon\;C:\WINDOWS\system32\config\systemprofile\.dnx\bin;C:\Program Files\Microsoft DNX\Dnvm\;C:\Program Files\Microsoft SQL Server\130\Tools\Binn\;c:\Program Files (x86)\Microsoft SQL Server\100\Tools\Binn\;c:\Program Files\Microsoft SQL Server\100\Tools\Binn\;c:\Program Files\Microsoft SQL Server\100\DTS\Binn\;c:\Program Files (x86)\Microsoft SQL Server\100\Tools\Binn\VSShell\Common7\IDE\;c:\Program Files (x86)\Microsoft SQL Server\100\DTS\Binn\;C:\Program Files\Microsoft SQL Server\Client SDK\ODBC\130\Tools\Binn\;C:\Program Files (x86)\Microsoft SQL Server\140\Tools\Binn\;C:\Program Files\Microsoft SQL Server\140\Tools\Binn\;C:\Program Files\Microsoft SQL Server\140\DTS\Binn\;C:\Program Files\OpenSSL-Win64\bin;C:\Program Files\Git\cmd;C:\Users\kymsd\AppData\Local\Microsoft\WindowsApps;C:\Program Files\Bandizip\;
USERNAME=kymsd
OS=Windows_NT
PROCESSOR_IDENTIFIER=Intel64 Family 6 Model 142 Stepping 10, GenuineIntel



---------------  S Y S T E M  ---------------

OS: Windows 10.0 , 64 bit Build 18362 (10.0.18362.778)

CPU:total 4 (initial active 4) (2 cores per cpu, 2 threads per core) family 6 model 142 stepping 10, cmov, cx8, fxsr, mmx, sse, sse2, sse3, ssse3, sse4.1, sse4.2, popcnt, avx, avx2, aes, clmul, erms, 3dnowpref, lzcnt, ht, tsc, tscinvbit, bmi1, bmi2, adx

Memory: 4k page, physical 8302052k(404108k free), swap 14671332k(0k free)

vm_info: Java HotSpot(TM) 64-Bit Server VM (25.201-b09) for windows-amd64 JRE (1.8.0_201-b09), built on Dec 15 2018 18:36:39 by "java_re" with MS VC++ 10.0 (VS2010)

time: Fri Apr 17 15:05:37 2020
timezone: 대한민국 표준시
elapsed time: 1045 seconds (0d 0h 17m 25s)

