#
# There is insufficient memory for the Java Runtime Environment to continue.
# Native memory allocation (malloc) failed to allocate 1094416 bytes for Chunk::new
# Possible reasons:
#   The system is out of physical RAM or swap space
#   The process is running with CompressedOops enabled, and the Java Heap may be blocking the growth of the native heap
# Possible solutions:
#   Reduce memory load on the system
#   Increase physical memory or swap space
#   Check if swap backing store is full
#   Decrease Java heap size (-Xmx/-Xms)
#   Decrease number of Java threads
#   Decrease Java thread stack sizes (-Xss)
#   Set larger code cache with -XX:ReservedCodeCacheSize=
#   JVM is running with Unscaled Compressed Oops mode in which the Java heap is
#     placed in the first 4GB address space. The Java Heap base address is the
#     maximum limit for the native heap growth. Please use -XX:HeapBaseMinAddress
#     to set the Java Heap base and to place the Java Heap above 4GB virtual address.
# This output file may be truncated or incomplete.
#
#  Out of Memory Error (allocation.cpp:390), pid=25692, tid=0x00000000000024a8
#
# JRE version: Java(TM) SE Runtime Environment (8.0_201-b09) (build 1.8.0_201-b09)
# Java VM: Java HotSpot(TM) 64-Bit Server VM (25.201-b09 mixed mode windows-amd64 compressed oops)
# Failed to write core dump. Minidumps are not enabled by default on client versions of Windows
#

---------------  T H R E A D  ---------------

Current thread (0x0000000016cb3000):  JavaThread "C2 CompilerThread0" daemon [_thread_in_native, id=9384, stack(0x0000000018650000,0x0000000018750000)]

Stack: [0x0000000018650000,0x0000000018750000]
[error occurred during error reporting (printing stack bounds), id 0xc0000005]

Native frames: (J=compiled Java code, j=interpreted, Vv=VM code, C=native code)


Current CompileTask:
C2:  78100 11586   !   4       java.net.URLClassLoader$1::run (63 bytes)


---------------  P R O C E S S  ---------------

Java Threads: ( => current thread )
  0x000000001db77000 JavaThread "Cache worker for Java compile cache (C:\Users\kymsd\AndroidStudioProjects\anjane\.gradle\5.6.4\javaCompile)" [_thread_blocked, id=26604, stack(0x000000002c510000,0x000000002c610000)]
  0x000000001db7a000 JavaThread "Cache worker for Java compile cache (C:\Users\kymsd\.gradle\caches\5.6.4\javaCompile)" [_thread_blocked, id=28496, stack(0x000000001b000000,0x000000001b100000)]
  0x000000001db79800 JavaThread "WorkerExecutor Queue Thread 3" [_thread_blocked, id=38772, stack(0x0000000025150000,0x0000000025250000)]
  0x000000001db76800 JavaThread "stdout" [_thread_in_native, id=29140, stack(0x0000000025360000,0x0000000025460000)]
  0x000000001db73800 JavaThread "stderr" [_thread_in_native, id=18628, stack(0x0000000025260000,0x0000000025360000)]
  0x000000001db75800 JavaThread "stdout" [_thread_in_native, id=36752, stack(0x0000000025050000,0x0000000025150000)]
  0x000000001c773000 JavaThread "stderr" [_thread_in_native, id=9512, stack(0x0000000024f50000,0x0000000025050000)]
  0x000000001c771800 JavaThread "pool-2-thread-1" [_thread_blocked, id=36924, stack(0x0000000024a50000,0x0000000024b50000)]
  0x000000001c772000 JavaThread "WorkerExecutor Queue Thread 2" [_thread_blocked, id=31108, stack(0x0000000024e50000,0x0000000024f50000)]
  0x000000001c770800 JavaThread "WorkerExecutor Queue" [_thread_blocked, id=38020, stack(0x0000000024d50000,0x0000000024e50000)]
  0x000000001c770000 JavaThread "Cache worker for execution history cache (C:\Users\kymsd\AndroidStudioProjects\anjane\.gradle\5.6.4\executionHistory)" [_thread_blocked, id=33940, stack(0x0000000024750000,0x0000000024850000)]
  0x000000001c76d000 JavaThread "Execution worker for ':' Thread 3" [_thread_blocked, id=20632, stack(0x0000000024450000,0x0000000024550000)]
  0x000000001c765800 JavaThread "Execution worker for ':' Thread 2" [_thread_in_native, id=15144, stack(0x0000000024350000,0x0000000024450000)]
  0x000000001c76a800 JavaThread "Execution worker for ':'" [_thread_blocked, id=25936, stack(0x0000000024250000,0x0000000024350000)]
  0x000000001c76c000 JavaThread "Cache worker for file content cache (C:\Users\kymsd\AndroidStudioProjects\anjane\.gradle\5.6.4\fileContent)" [_thread_blocked, id=22204, stack(0x0000000023950000,0x0000000023a50000)]
  0x000000001c769000 JavaThread "Cache worker for file content cache (C:\Users\kymsd\.gradle\caches\5.6.4\fileContent)" [_thread_blocked, id=32236, stack(0x0000000023850000,0x0000000023950000)]
  0x000000001c76b800 JavaThread "Memory manager" [_thread_blocked, id=34076, stack(0x0000000022b50000,0x0000000022c50000)]
  0x000000001c766000 JavaThread "Cache worker for Build Output Cleanup Cache (C:\Users\kymsd\AndroidStudioProjects\anjane\.gradle\buildOutputCleanup)" [_thread_blocked, id=38664, stack(0x0000000022850000,0x0000000022950000)]
  0x000000001c764000 JavaThread "pool-1-thread-1" [_thread_blocked, id=26532, stack(0x0000000022550000,0x0000000022650000)]
  0x000000001c764800 JavaThread "Build operations Thread 4" [_thread_blocked, id=36784, stack(0x0000000022050000,0x0000000022150000)]
  0x000000001c767800 JavaThread "Build operations Thread 3" [_thread_blocked, id=30160, stack(0x0000000020d80000,0x0000000020e80000)]
  0x000000001c768800 JavaThread "Build operations Thread 2" [_thread_blocked, id=7156, stack(0x0000000020c80000,0x0000000020d80000)]
  0x000000001c76a000 JavaThread "Build operations" [_thread_blocked, id=29832, stack(0x0000000020b80000,0x0000000020c80000)]
  0x0000000019e4e800 JavaThread "Cache worker for execution history cache (C:\Users\kymsd\.gradle\caches\5.6.4\executionHistory)" [_thread_blocked, id=24780, stack(0x0000000020880000,0x0000000020980000)]
  0x0000000019e4e000 JavaThread "Cache worker for cache directory md-rule (C:\Users\kymsd\.gradle\caches\5.6.4\md-rule)" [_thread_blocked, id=18588, stack(0x0000000020780000,0x0000000020880000)]
  0x0000000019e4b800 JavaThread "Cache worker for cache directory md-supplier (C:\Users\kymsd\.gradle\caches\5.6.4\md-supplier)" [_thread_blocked, id=11152, stack(0x000000001fba0000,0x000000001fca0000)]
  0x0000000019e51000 JavaThread "Cache worker for file hash cache (C:\Users\kymsd\AndroidStudioProjects\anjane\.gradle\5.6.4\fileHashes)" [_thread_blocked, id=37256, stack(0x000000001ea30000,0x000000001eb30000)]
  0x0000000019e4f800 JavaThread "Cache worker for journal cache (C:\Users\kymsd\.gradle\caches\journal-1)" [_thread_blocked, id=14068, stack(0x000000001b600000,0x000000001b700000)]
  0x0000000019e4c800 JavaThread "File lock request listener" [_thread_in_native, id=35564, stack(0x000000001b500000,0x000000001b600000)]
  0x0000000019e50000 JavaThread "Cache worker for file hash cache (C:\Users\kymsd\.gradle\caches\5.6.4\fileHashes)" [_thread_blocked, id=35132, stack(0x000000001b400000,0x000000001b500000)]
  0x0000000019d95800 JavaThread "Thread-9" [_thread_blocked, id=35416, stack(0x000000001b100000,0x000000001b200000)]
  0x0000000019d5e800 JavaThread "Asynchronous log dispatcher for DefaultDaemonConnection: socket connection from /127.0.0.1:12760 to /127.0.0.1:12761" [_thread_blocked, id=20308, stack(0x000000001af00000,0x000000001b000000)]
  0x0000000019d5d000 JavaThread "Daemon worker" [_thread_blocked, id=30816, stack(0x000000001ae00000,0x000000001af00000)]
  0x0000000019dc1800 JavaThread "Cancel handler" [_thread_blocked, id=13020, stack(0x000000001ad00000,0x000000001ae00000)]
  0x0000000019ae6000 JavaThread "Handler for socket connection from /127.0.0.1:12760 to /127.0.0.1:12761" [_thread_in_native, id=32624, stack(0x000000001aa00000,0x000000001ab00000)]
  0x0000000019348000 JavaThread "Daemon" [_thread_blocked, id=25712, stack(0x000000001a900000,0x000000001aa00000)]
  0x0000000019d2e800 JavaThread "Daemon periodic checks" [_thread_blocked, id=21156, stack(0x000000001a800000,0x000000001a900000)]
  0x0000000019d34800 JavaThread "Incoming local TCP Connector on port 12760" [_thread_in_native, id=38172, stack(0x000000001a620000,0x000000001a720000)]
  0x0000000018121000 JavaThread "Daemon health stats" [_thread_blocked, id=13676, stack(0x000000001a320000,0x000000001a420000)]
  0x00000000180ad800 JavaThread "Service Thread" daemon [_thread_blocked, id=25556, stack(0x0000000018950000,0x0000000018a50000)]
  0x0000000016cbd800 JavaThread "C1 CompilerThread2" daemon [_thread_blocked, id=30772, stack(0x0000000018850000,0x0000000018950000)]
  0x0000000016cb7000 JavaThread "C2 CompilerThread1" daemon [_thread_blocked, id=38044, stack(0x0000000018750000,0x0000000018850000)]
=>0x0000000016cb3000 JavaThread "C2 CompilerThread0" daemon [_thread_in_native, id=9384, stack(0x0000000018650000,0x0000000018750000)]
  0x0000000016c70000 JavaThread "Attach Listener" daemon [_thread_blocked, id=23436, stack(0x0000000018550000,0x0000000018650000)]
  0x0000000018060800 JavaThread "Signal Dispatcher" daemon [_thread_blocked, id=19812, stack(0x0000000018450000,0x0000000018550000)]
  0x00000000032e5800 JavaThread "Finalizer" daemon [_thread_blocked, id=34080, stack(0x0000000017ec0000,0x0000000017fc0000)]
  0x00000000032e2000 JavaThread "Reference Handler" daemon [_thread_blocked, id=7136, stack(0x0000000017dc0000,0x0000000017ec0000)]
  0x00000000031f2800 JavaThread "main" [_thread_blocked, id=11292, stack(0x0000000002f80000,0x0000000003080000)]

Other Threads:
  0x0000000016c28000 VMThread [stack: 0x0000000017cc0000,0x0000000017dc0000] [id=9452]
  0x00000000180be800 WatcherThread [stack: 0x0000000018a50000,0x0000000018b50000] [id=25160]

VM state:not at safepoint (normal execution)

VM Mutex/Monitor currently owned by a thread: None

heap address: 0x00000000a0000000, size: 1536 MB, Compressed Oops mode: 32-bit
Narrow klass base: 0x0000000000000000, Narrow klass shift: 3
Compressed class space size: 1073741824 Address: 0x0000000100000000

Heap:
 PSYoungGen      total 261120K, used 247068K [0x00000000e0000000, 0x00000000f1880000, 0x0000000100000000)
  eden space 243200K, 97% used [0x00000000e0000000,0x00000000ee755140,0x00000000eed80000)
  from space 17920K, 56% used [0x00000000f0700000,0x00000000f10f22a0,0x00000000f1880000)
  to   space 22016K, 0% used [0x00000000eed80000,0x00000000eed80000,0x00000000f0300000)
 ParOldGen       total 129536K, used 53418K [0x00000000a0000000, 0x00000000a7e80000, 0x00000000e0000000)
  object space 129536K, 41% used [0x00000000a0000000,0x00000000a342a990,0x00000000a7e80000)
 Metaspace       used 75118K, capacity 77568K, committed 77696K, reserved 1116160K
  class space    used 10255K, capacity 10812K, committed 10880K, reserved 1048576K

Card table byte_map: [0x00000000126b0000,0x00000000129c0000] byte_map_base: 0x00000000121b0000

Marking Bits: (ParMarkBitMap*) 0x000000005a184ce0
 Begin Bits: [0x0000000012fc0000, 0x00000000147c0000)
 End Bits:   [0x00000000147c0000, 0x0000000015fc0000)

Polling page: 0x0000000001210000

CodeCache: size=245760Kb used=32292Kb max_used=32303Kb free=213467Kb
 bounds [0x00000000032f0000, 0x00000000052b0000, 0x00000000122f0000]
 total_blobs=10670 nmethods=9802 adapters=778
 compilation: enabled

Compilation events (10 events):
Event: 77.949 Thread 0x0000000016cbd800 11585       1       com.sun.tools.javac.util.List$1::isEmpty (2 bytes)
Event: 77.949 Thread 0x0000000016cbd800 nmethod 11585 0x0000000005299f50 code [0x000000000529a0a0, 0x000000000529a1b0]
Event: 77.971 Thread 0x0000000016cb7000 11587       4       java.lang.String::equalsIgnoreCase (48 bytes)
Event: 77.972 Thread 0x0000000016cbd800 11589       3       java.lang.CharacterData::of (120 bytes)
Event: 77.972 Thread 0x0000000016cbd800 nmethod 11589 0x000000000529a210 code [0x000000000529a3c0, 0x000000000529a8d0]
Event: 77.972 Thread 0x0000000016cbd800 11590       2       java.lang.String::toLowerCase (439 bytes)
Event: 77.974 Thread 0x0000000016cbd800 nmethod 11590 0x000000000529ab10 code [0x000000000529ad80, 0x000000000529b958]
Event: 77.982 Thread 0x0000000016cb7000 nmethod 11587 0x000000000529f7d0 code [0x000000000529f960, 0x00000000052a0058]
Event: 77.982 Thread 0x0000000016cb7000 11588       4       java.lang.Character::toLowerCase (9 bytes)
Event: 77.984 Thread 0x0000000016cb7000 nmethod 11588 0x000000000529e410 code [0x000000000529e620, 0x000000000529e778]

GC Heap History (10 events):
Event: 29.167 GC heap before
{Heap before GC invocations=13 (full 2):
 PSYoungGen      total 157184K, used 157168K [0x00000000e0000000, 0x00000000eae80000, 0x0000000100000000)
  eden space 144896K, 100% used [0x00000000e0000000,0x00000000e8d80000,0x00000000e8d80000)
  from space 12288K, 99% used [0x00000000ea280000,0x00000000eae7c2e8,0x00000000eae80000)
  to   space 14848K, 0% used [0x00000000e9180000,0x00000000e9180000,0x00000000ea000000)
 ParOldGen       total 84480K, used 20044K [0x00000000a0000000, 0x00000000a5280000, 0x00000000e0000000)
  object space 84480K, 23% used [0x00000000a0000000,0x00000000a1393280,0x00000000a5280000)
 Metaspace       used 54761K, capacity 56542K, committed 56576K, reserved 1097728K
  class space    used 7739K, capacity 8189K, committed 8192K, reserved 1048576K
Event: 29.397 GC heap after
Heap after GC invocations=13 (full 2):
 PSYoungGen      total 163840K, used 14844K [0x00000000e0000000, 0x00000000eed80000, 0x0000000100000000)
  eden space 148992K, 0% used [0x00000000e0000000,0x00000000e0000000,0x00000000e9180000)
  from space 14848K, 99% used [0x00000000e9180000,0x00000000e9fff2a0,0x00000000ea000000)
  to   space 19456K, 0% used [0x00000000eda80000,0x00000000eda80000,0x00000000eed80000)
 ParOldGen       total 84480K, used 27487K [0x00000000a0000000, 0x00000000a5280000, 0x00000000e0000000)
  object space 84480K, 32% used [0x00000000a0000000,0x00000000a1ad7d00,0x00000000a5280000)
 Metaspace       used 54761K, capacity 56542K, committed 56576K, reserved 1097728K
  class space    used 7739K, capacity 8189K, committed 8192K, reserved 1048576K
}
Event: 31.554 GC heap before
{Heap before GC invocations=14 (full 2):
 PSYoungGen      total 163840K, used 51802K [0x00000000e0000000, 0x00000000eed80000, 0x0000000100000000)
  eden space 148992K, 24% used [0x00000000e0000000,0x00000000e24178a0,0x00000000e9180000)
  from space 14848K, 99% used [0x00000000e9180000,0x00000000e9fff2a0,0x00000000ea000000)
  to   space 19456K, 0% used [0x00000000eda80000,0x00000000eda80000,0x00000000eed80000)
 ParOldGen       total 84480K, used 27487K [0x00000000a0000000, 0x00000000a5280000, 0x00000000e0000000)
  object space 84480K, 32% used [0x00000000a0000000,0x00000000a1ad7d00,0x00000000a5280000)
 Metaspace       used 57069K, capacity 58936K, committed 59008K, reserved 1099776K
  class space    used 8071K, capacity 8570K, committed 8576K, reserved 1048576K
Event: 31.619 GC heap after
Heap after GC invocations=14 (full 2):
 PSYoungGen      total 223744K, used 4095K [0x00000000e0000000, 0x00000000ef580000, 0x0000000100000000)
  eden space 204288K, 0% used [0x00000000e0000000,0x00000000e0000000,0x00000000ec780000)
  from space 19456K, 21% used [0x00000000eda80000,0x00000000ede7fe28,0x00000000eed80000)
  to   space 19456K, 0% used [0x00000000ec780000,0x00000000ec780000,0x00000000eda80000)
 ParOldGen       total 84480K, used 36262K [0x00000000a0000000, 0x00000000a5280000, 0x00000000e0000000)
  object space 84480K, 42% used [0x00000000a0000000,0x00000000a2369830,0x00000000a5280000)
 Metaspace       used 57069K, capacity 58936K, committed 59008K, reserved 1099776K
  class space    used 8071K, capacity 8570K, committed 8576K, reserved 1048576K
}
Event: 31.619 GC heap before
{Heap before GC invocations=15 (full 3):
 PSYoungGen      total 223744K, used 4095K [0x00000000e0000000, 0x00000000ef580000, 0x0000000100000000)
  eden space 204288K, 0% used [0x00000000e0000000,0x00000000e0000000,0x00000000ec780000)
  from space 19456K, 21% used [0x00000000eda80000,0x00000000ede7fe28,0x00000000eed80000)
  to   space 19456K, 0% used [0x00000000ec780000,0x00000000ec780000,0x00000000eda80000)
 ParOldGen       total 84480K, used 36262K [0x00000000a0000000, 0x00000000a5280000, 0x00000000e0000000)
  object space 84480K, 42% used [0x00000000a0000000,0x00000000a2369830,0x00000000a5280000)
 Metaspace       used 57069K, capacity 58936K, committed 59008K, reserved 1099776K
  class space    used 8071K, capacity 8570K, committed 8576K, reserved 1048576K
Event: 32.653 GC heap after
Heap after GC invocations=15 (full 3):
 PSYoungGen      total 223744K, used 0K [0x00000000e0000000, 0x00000000ef580000, 0x0000000100000000)
  eden space 204288K, 0% used [0x00000000e0000000,0x00000000e0000000,0x00000000ec780000)
  from space 19456K, 0% used [0x00000000eda80000,0x00000000eda80000,0x00000000eed80000)
  to   space 19456K, 0% used [0x00000000ec780000,0x00000000ec780000,0x00000000eda80000)
 ParOldGen       total 129536K, used 34015K [0x00000000a0000000, 0x00000000a7e80000, 0x00000000e0000000)
  object space 129536K, 26% used [0x00000000a0000000,0x00000000a2137c88,0x00000000a7e80000)
 Metaspace       used 57069K, capacity 58936K, committed 59008K, reserved 1099776K
  class space    used 8071K, capacity 8570K, committed 8576K, reserved 1048576K
}
Event: 48.901 GC heap before
{Heap before GC invocations=16 (full 3):
 PSYoungGen      total 223744K, used 204288K [0x00000000e0000000, 0x00000000ef580000, 0x0000000100000000)
  eden space 204288K, 100% used [0x00000000e0000000,0x00000000ec780000,0x00000000ec780000)
  from space 19456K, 0% used [0x00000000eda80000,0x00000000eda80000,0x00000000eed80000)
  to   space 19456K, 0% used [0x00000000ec780000,0x00000000ec780000,0x00000000eda80000)
 ParOldGen       total 129536K, used 34015K [0x00000000a0000000, 0x00000000a7e80000, 0x00000000e0000000)
  object space 129536K, 26% used [0x00000000a0000000,0x00000000a2137c88,0x00000000a7e80000)
 Metaspace       used 63265K, capacity 65458K, committed 65792K, reserved 1105920K
  class space    used 8806K, capacity 9363K, committed 9472K, reserved 1048576K
Event: 48.981 GC heap after
Heap after GC invocations=16 (full 3):
 PSYoungGen      total 223744K, used 19436K [0x00000000e0000000, 0x00000000f1d80000, 0x0000000100000000)
  eden space 204288K, 0% used [0x00000000e0000000,0x00000000e0000000,0x00000000ec780000)
  from space 19456K, 99% used [0x00000000ec780000,0x00000000eda7b228,0x00000000eda80000)
  to   space 23040K, 0% used [0x00000000f0700000,0x00000000f0700000,0x00000000f1d80000)
 ParOldGen       total 129536K, used 36161K [0x00000000a0000000, 0x00000000a7e80000, 0x00000000e0000000)
  object space 129536K, 27% used [0x00000000a0000000,0x00000000a2350538,0x00000000a7e80000)
 Metaspace       used 63265K, capacity 65458K, committed 65792K, reserved 1105920K
  class space    used 8806K, capacity 9363K, committed 9472K, reserved 1048576K
}
Event: 59.957 GC heap before
{Heap before GC invocations=17 (full 3):
 PSYoungGen      total 223744K, used 223724K [0x00000000e0000000, 0x00000000f1d80000, 0x0000000100000000)
  eden space 204288K, 100% used [0x00000000e0000000,0x00000000ec780000,0x00000000ec780000)
  from space 19456K, 99% used [0x00000000ec780000,0x00000000eda7b228,0x00000000eda80000)
  to   space 23040K, 0% used [0x00000000f0700000,0x00000000f0700000,0x00000000f1d80000)
 ParOldGen       total 129536K, used 36161K [0x00000000a0000000, 0x00000000a7e80000, 0x00000000e0000000)
  object space 129536K, 27% used [0x00000000a0000000,0x00000000a2350538,0x00000000a7e80000)
 Metaspace       used 66787K, capacity 69164K, committed 69248K, reserved 1107968K
  class space    used 9239K, capacity 9788K, committed 9856K, reserved 1048576K
Event: 60.062 GC heap after
Heap after GC invocations=17 (full 3):
 PSYoungGen      total 261120K, used 10184K [0x00000000e0000000, 0x00000000f1880000, 0x0000000100000000)
  eden space 243200K, 0% used [0x00000000e0000000,0x00000000e0000000,0x00000000eed80000)
  from space 17920K, 56% used [0x00000000f0700000,0x00000000f10f22a0,0x00000000f1880000)
  to   space 22016K, 0% used [0x00000000eed80000,0x00000000eed80000,0x00000000f0300000)
 ParOldGen       total 129536K, used 53418K [0x00000000a0000000, 0x00000000a7e80000, 0x00000000e0000000)
  object space 129536K, 41% used [0x00000000a0000000,0x00000000a342a990,0x00000000a7e80000)
 Metaspace       used 66787K, capacity 69164K, committed 69248K, reserved 1107968K
  class space    used 9239K, capacity 9788K, committed 9856K, reserved 1048576K
}

Deoptimization events (10 events):
Event: 74.650 Thread 0x000000001c765800 Uncommon trap: reason=unstable_if action=reinterpret pc=0x0000000003c41264 method=org.objectweb.asm.ClassReader.readUtf(II[C)Ljava/lang/String; @ 41
Event: 74.650 Thread 0x000000001c765800 Uncommon trap: reason=unstable_if action=reinterpret pc=0x00000000035a7a44 method=org.objectweb.asm.ClassReader.readUtf(II[C)Ljava/lang/String; @ 41
Event: 75.701 Thread 0x000000001c765800 Uncommon trap: reason=unstable_if action=reinterpret pc=0x00000000052140cc method=java.lang.String$CaseInsensitiveComparator.compare(Ljava/lang/String;Ljava/lang/String;)I @ 70
Event: 75.701 Thread 0x000000001c765800 Uncommon trap: reason=unstable_if action=reinterpret pc=0x000000000356037c method=java.lang.String$CaseInsensitiveComparator.compare(Ljava/lang/String;Ljava/lang/String;)I @ 70
Event: 77.098 Thread 0x000000001c765800 Uncommon trap: reason=class_check action=maybe_recompile pc=0x00000000043ed0b0 method=java.util.regex.Matcher.search(I)Z @ 86
Event: 77.105 Thread 0x000000001c765800 Uncommon trap: reason=class_check action=maybe_recompile pc=0x00000000043ed0b0 method=java.util.regex.Matcher.search(I)Z @ 86
Event: 77.107 Thread 0x000000001c765800 Uncommon trap: reason=class_check action=maybe_recompile pc=0x00000000043ed0b0 method=java.util.regex.Matcher.search(I)Z @ 86
Event: 77.107 Thread 0x000000001c765800 Uncommon trap: reason=class_check action=maybe_recompile pc=0x00000000043ed0b0 method=java.util.regex.Matcher.search(I)Z @ 86
Event: 77.107 Thread 0x000000001c765800 Uncommon trap: reason=class_check action=maybe_recompile pc=0x00000000043d9f4c method=java.util.regex.Matcher.search(I)Z @ 86
Event: 77.893 Thread 0x000000001c765800 Uncommon trap: reason=unstable_if action=reinterpret pc=0x0000000003ed1538 method=java.lang.CharacterData.of(I)Ljava/lang/CharacterData; @ 4

Classes redefined (0 events):
No events

Internal exceptions (10 events):
Event: 59.490 Thread 0x000000001c765800 Exception <a 'java/lang/NoSuchMethodError': <clinit>> (0x00000000ec2a0dc0) thrown at [C:\re\workspace\8-2-build-windows-amd64-cygwin\jdk8u201\12322\hotspot\src\share\vm\prims\jni.cpp, line 1613]
Event: 60.906 Thread 0x000000001c765800 Exception <a 'java/lang/NoSuchMethodError': <clinit>> (0x00000000e2888260) thrown at [C:\re\workspace\8-2-build-windows-amd64-cygwin\jdk8u201\12322\hotspot\src\share\vm\prims\jni.cpp, line 1613]
Event: 60.907 Thread 0x000000001c765800 Exception <a 'java/lang/NoSuchMethodError': <clinit>> (0x00000000e28a5ce8) thrown at [C:\re\workspace\8-2-build-windows-amd64-cygwin\jdk8u201\12322\hotspot\src\share\vm\prims\jni.cpp, line 1613]
Event: 60.909 Thread 0x000000001c765800 Exception <a 'java/lang/NoSuchMethodError': <clinit>> (0x00000000e28c8af0) thrown at [C:\re\workspace\8-2-build-windows-amd64-cygwin\jdk8u201\12322\hotspot\src\share\vm\prims\jni.cpp, line 1613]
Event: 60.978 Thread 0x000000001c765800 Exception <a 'java/lang/NoSuchMethodError': <clinit>> (0x00000000e29575f8) thrown at [C:\re\workspace\8-2-build-windows-amd64-cygwin\jdk8u201\12322\hotspot\src\share\vm\prims\jni.cpp, line 1613]
Event: 60.987 Thread 0x000000001c765800 Exception <a 'java/lang/NoSuchMethodError': <clinit>> (0x00000000e29b5098) thrown at [C:\re\workspace\8-2-build-windows-amd64-cygwin\jdk8u201\12322\hotspot\src\share\vm\prims\jni.cpp, line 1613]
Event: 62.181 Thread 0x000000001c772000 Exception <a 'java/lang/NoSuchMethodError': java.lang.Object.lambda$negate$1(Ljava/lang/Object;)Z> (0x00000000e2dda7a0) thrown at [C:\re\workspace\8-2-build-windows-amd64-cygwin\jdk8u201\12322\hotspot\src\share\vm\interpreter\linkResolver.cpp, line 620]
Event: 67.973 Thread 0x000000001c772000 Implicit null exception at 0x0000000004a9aca5 to 0x0000000004a9b020
Event: 68.760 Thread 0x000000001c772000 Exception <a 'sun/nio/fs/WindowsException'> (0x00000000e4c4b4d0) thrown at [C:\re\workspace\8-2-build-windows-amd64-cygwin\jdk8u201\12322\hotspot\src\share\vm\prims\jni.cpp, line 709]
Event: 68.761 Thread 0x000000001c772000 Exception <a 'sun/nio/fs/WindowsException'> (0x00000000e4c4bec8) thrown at [C:\re\workspace\8-2-build-windows-amd64-cygwin\jdk8u201\12322\hotspot\src\share\vm\prims\jni.cpp, line 709]

Events (10 events):
Event: 77.895 Executing VM operation: Deoptimize
Event: 77.898 Executing VM operation: Deoptimize done
Event: 77.927 loading class com/sun/tools/javac/util/Position
Event: 77.927 loading class com/sun/tools/javac/util/Position done
Event: 77.927 loading class com/sun/tools/javac/util/Position$LineMapImpl
Event: 77.927 loading class com/sun/tools/javac/util/Position$LineMapImpl done
Event: 77.928 loading class com/sun/tools/javac/util/Position$LineMap
Event: 77.928 loading class com/sun/tools/javac/util/Position$LineMap done
Event: 77.971 loading class com/sun/tools/javac/util/Position$LineTabMapImpl
Event: 77.971 loading class com/sun/tools/javac/util/Position$LineTabMapImpl done


Dynamic libraries:
0x00007ff7f7310000 - 0x00007ff7f7347000 	C:\Program Files\Java\jdk1.8.0_201\bin\java.exe
0x00007ffaaade0000 - 0x00007ffaaafd0000 	C:\WINDOWS\SYSTEM32\ntdll.dll
0x00007ffaaa570000 - 0x00007ffaaa622000 	C:\WINDOWS\System32\KERNEL32.DLL
0x00007ffaa8790000 - 0x00007ffaa8a33000 	C:\WINDOWS\System32\KERNELBASE.dll
0x00007ffaaa6b0000 - 0x00007ffaaa753000 	C:\WINDOWS\System32\ADVAPI32.dll
0x00007ffaaa470000 - 0x00007ffaaa50e000 	C:\WINDOWS\System32\msvcrt.dll
0x00007ffaa8e90000 - 0x00007ffaa8f27000 	C:\WINDOWS\System32\sechost.dll
0x00007ffaaa820000 - 0x00007ffaaa940000 	C:\WINDOWS\System32\RPCRT4.dll
0x00007ffaaa2b0000 - 0x00007ffaaa444000 	C:\WINDOWS\System32\USER32.dll
0x00007ffaa7d70000 - 0x00007ffaa7d91000 	C:\WINDOWS\System32\win32u.dll
0x00007ffaa9700000 - 0x00007ffaa9726000 	C:\WINDOWS\System32\GDI32.dll
0x00007ffaa8b20000 - 0x00007ffaa8cb4000 	C:\WINDOWS\System32\gdi32full.dll
0x00007ffaa7e70000 - 0x00007ffaa7f0e000 	C:\WINDOWS\System32\msvcp_win.dll
0x00007ffaa7f10000 - 0x00007ffaa800a000 	C:\WINDOWS\System32\ucrtbase.dll
0x00007ffa9f970000 - 0x00007ffa9fbf5000 	C:\WINDOWS\WinSxS\amd64_microsoft.windows.common-controls_6595b64144ccf1df_6.0.18362.778_none_e6c6b761130d4fb8\COMCTL32.dll
0x00007ffaa9870000 - 0x00007ffaa9ba6000 	C:\WINDOWS\System32\combase.dll
0x00007ffaa7da0000 - 0x00007ffaa7e20000 	C:\WINDOWS\System32\bcryptPrimitives.dll
0x00007ffaa9410000 - 0x00007ffaa943e000 	C:\WINDOWS\System32\IMM32.DLL
0x000000005a210000 - 0x000000005a2e1000 	C:\Program Files\Java\jdk1.8.0_201\jre\bin\msvcr100.dll
0x0000000059960000 - 0x000000005a204000 	C:\Program Files\Java\jdk1.8.0_201\jre\bin\server\jvm.dll
0x00007ffaaacc0000 - 0x00007ffaaacc8000 	C:\WINDOWS\System32\PSAPI.DLL
0x00007ffa9bdc0000 - 0x00007ffa9bdc9000 	C:\WINDOWS\SYSTEM32\WSOCK32.dll
0x00007ffaaac50000 - 0x00007ffaaacbf000 	C:\WINDOWS\System32\WS2_32.dll
0x00007ffa9e180000 - 0x00007ffa9e1a4000 	C:\WINDOWS\SYSTEM32\WINMM.dll
0x00007ffaa34b0000 - 0x00007ffaa34ba000 	C:\WINDOWS\SYSTEM32\VERSION.dll
0x00007ffa9e150000 - 0x00007ffa9e17d000 	C:\WINDOWS\SYSTEM32\WINMMBASE.dll
0x00007ffaa7e20000 - 0x00007ffaa7e6a000 	C:\WINDOWS\System32\cfgmgr32.dll
0x00007ffa81e80000 - 0x00007ffa81e8f000 	C:\Program Files\Java\jdk1.8.0_201\jre\bin\verify.dll
0x00007ffa70450000 - 0x00007ffa70479000 	C:\Program Files\Java\jdk1.8.0_201\jre\bin\java.dll
0x00007ffa75c00000 - 0x00007ffa75c16000 	C:\Program Files\Java\jdk1.8.0_201\jre\bin\zip.dll
0x00007ffaa9bc0000 - 0x00007ffaaa2a5000 	C:\WINDOWS\System32\SHELL32.dll
0x00007ffaa9650000 - 0x00007ffaa96f9000 	C:\WINDOWS\System32\shcore.dll
0x00007ffaa8010000 - 0x00007ffaa8790000 	C:\WINDOWS\System32\windows.storage.dll
0x00007ffaa7cd0000 - 0x00007ffaa7cf3000 	C:\WINDOWS\System32\profapi.dll
0x00007ffaa7d00000 - 0x00007ffaa7d4a000 	C:\WINDOWS\System32\powrprof.dll
0x00007ffaa7ca0000 - 0x00007ffaa7cb0000 	C:\WINDOWS\System32\UMPDC.dll
0x00007ffaaa7c0000 - 0x00007ffaaa812000 	C:\WINDOWS\System32\shlwapi.dll
0x00007ffaa7cb0000 - 0x00007ffaa7cc1000 	C:\WINDOWS\System32\kernel.appcore.dll
0x00007ffaa8cc0000 - 0x00007ffaa8cd7000 	C:\WINDOWS\System32\cryptsp.dll
0x00007ffa73440000 - 0x00007ffa7345a000 	C:\Program Files\Java\jdk1.8.0_201\jre\bin\net.dll
0x00007ffa9dbd0000 - 0x00007ffa9dda5000 	C:\WINDOWS\SYSTEM32\urlmon.dll
0x00007ffa9d180000 - 0x00007ffa9d426000 	C:\WINDOWS\SYSTEM32\iertutil.dll
0x00007ffaa76e0000 - 0x00007ffaa76ec000 	C:\WINDOWS\SYSTEM32\CRYPTBASE.DLL
0x00007ffaa7510000 - 0x00007ffaa7577000 	C:\WINDOWS\system32\mswsock.dll
0x00007ffa73340000 - 0x00007ffa73351000 	C:\Program Files\Java\jdk1.8.0_201\jre\bin\nio.dll
0x00007ffa79aa0000 - 0x00007ffa79ac6000 	C:\Users\kymsd\.gradle\native\30\windows-amd64\native-platform.dll
0x00007ffa81930000 - 0x00007ffa8193d000 	C:\Program Files\Java\jdk1.8.0_201\jre\bin\management.dll
0x00007ffaa7080000 - 0x00007ffaa70b3000 	C:\WINDOWS\system32\rsaenh.dll
0x00007ffaa8a40000 - 0x00007ffaa8a66000 	C:\WINDOWS\System32\bcrypt.dll
0x00007ffaa7bc0000 - 0x00007ffaa7be5000 	C:\WINDOWS\SYSTEM32\USERENV.dll
0x00007ffaa7220000 - 0x00007ffaa725a000 	C:\WINDOWS\SYSTEM32\IPHLPAPI.DLL
0x00007ffaa94c0000 - 0x00007ffaa94c8000 	C:\WINDOWS\System32\NSI.dll
0x00007ffaa0900000 - 0x00007ffaa0916000 	C:\WINDOWS\SYSTEM32\dhcpcsvc6.DLL
0x00007ffaa08e0000 - 0x00007ffaa08fc000 	C:\WINDOWS\SYSTEM32\dhcpcsvc.DLL
0x00007ffaa7260000 - 0x00007ffaa732a000 	C:\WINDOWS\SYSTEM32\DNSAPI.dll
0x00007ffa75500000 - 0x00007ffa75524000 	C:\Program Files\Java\jdk1.8.0_201\jre\bin\sunec.dll
0x00007ffaa08d0000 - 0x00007ffaa08da000 	C:\Windows\System32\rasadhlp.dll
0x00007ffaa0b90000 - 0x00007ffaa0c07000 	C:\WINDOWS\System32\fwpuclnt.dll
0x00007ffaa2af0000 - 0x00007ffaa2afb000 	C:\Program Files\Java\jdk1.8.0_201\jre\bin\sunmscapi.dll
0x00007ffaa8d40000 - 0x00007ffaa8e89000 	C:\WINDOWS\System32\CRYPT32.dll
0x00007ffaa7d50000 - 0x00007ffaa7d62000 	C:\WINDOWS\System32\MSASN1.dll

VM Arguments:
jvm_args: -Xmx1536m -Dfile.encoding=x-windows-949 -Duser.country=KR -Duser.language=ko -Duser.variant 
java_command: org.gradle.launcher.daemon.bootstrap.GradleDaemon 5.6.4
java_class_path (initial): C:\Users\kymsd\.gradle\wrapper\dists\gradle-5.6.4-all\ankdp27end7byghfw1q2sw75f\gradle-5.6.4\lib\gradle-launcher-5.6.4.jar
Launcher Type: SUN_STANDARD

Environment Variables:
JAVA_HOME=C:\Program Files\Java\jdk1.8.0_241
PATH=C:\ProgramData\Miniconda3;C:\ProgramData\Miniconda3\Library\mingw-w64\bin;C:\ProgramData\Miniconda3\Library\usr\bin;C:\ProgramData\Miniconda3\Library\bin;C:\ProgramData\Miniconda3\Scripts;C:\oraclexe\app\oracle\product\11.2.0\server\bin;C:\app\kymsd\product\11.2.0\client_2;C:\app\kymsd\product\11.2.0\client_1;C:\app\kymsd\product\18.0.0\dbhomeXE\bin;C:\Program Files (x86)\Common Files\Oracle\Java\javapath;C:\Program Files (x86)\Intel\Intel(R) Management Engine Components\iCLS\;C:\Program Files\Intel\Intel(R) Management Engine Components\iCLS\;C:\WINDOWS\system32;C:\WINDOWS;C:\WINDOWS\System32\Wbem;C:\WINDOWS\System32\WindowsPowerShell\v1.0\;C:\WINDOWS\System32\OpenSSH\;C:\Program Files (x86)\Intel\Intel(R) Management Engine Components\DAL;C:\Program Files\Intel\Intel(R) Management Engine Components\DAL;C:\Program Files (x86)\Intel\Intel(R) Management Engine Components\IPT;C:\Program Files\Intel\Intel(R) Management Engine Components\IPT;C:\Program Files\Intel\WiFi\bin\;C:\Program Files\Common Files\Intel\WirelessCommon\;C:\WINDOWS\system32\config\systemprofile\.dnx\bin;C:\Program Files\Microsoft DNX\Dnvm\;C:\Program Files\Microsoft SQL Server\130\Tools\Binn\;c:\Program Files (x86)\Microsoft SQL Server\100\Tools\Binn\;c:\Program Files\Microsoft SQL Server\100\Tools\Binn\;c:\Program Files\Microsoft SQL Server\100\DTS\Binn\;c:\Program Files (x86)\Microsoft SQL Server\100\Tools\Binn\VSShell\Common7\IDE\;c:\Program Files (x86)\Microsoft SQL Server\100\DTS\Binn\;C:\Program Files\Microsoft SQL Server\Client SDK\ODBC\130\Tools\Binn\;C:\Program Files (x86)\Microsoft SQL Server\140\Tools\Binn\;C:\Program Files\Microsoft SQL Server\140\Tools\Binn\;C:\Program Files\Microsoft SQL Server\140\DTS\Binn\;C:\Program Files\OpenSSL-Win64\bin;C:\Program Files\Git\cmd;C:\Users\kymsd\AppData\Local\Microsoft\WindowsApps;C:\Program Files\Bandizip\;
USERNAME=kymsd
OS=Windows_NT
PROCESSOR_IDENTIFIER=Intel64 Family 6 Model 142 Stepping 10, GenuineIntel



---------------  S Y S T E M  ---------------

OS: Windows 10.0 , 64 bit Build 18362 (10.0.18362.778)

CPU:total 4 (initial active 4) (2 cores per cpu, 2 threads per core) family 6 model 142 stepping 10, cmov, cx8, fxsr, mmx, sse, sse2, sse3, ssse3, sse4.1, sse4.2, popcnt, avx, avx2, aes, clmul, erms, 3dnowpref, lzcnt, ht, tsc, tscinvbit, bmi1, bmi2, adx

Memory: 4k page, physical 8302052k(143052k free), swap 14671332k(5444k free)

vm_info: Java HotSpot(TM) 64-Bit Server VM (25.201-b09) for windows-amd64 JRE (1.8.0_201-b09), built on Dec 15 2018 18:36:39 by "java_re" with MS VC++ 10.0 (VS2010)

time: Sun May 10 11:14:19 2020
timezone: 대한민국 표준시
elapsed time: 78 seconds (0d 0h 1m 18s)

