#
# There is insufficient memory for the Java Runtime Environment to continue.
# Native memory allocation (malloc) failed to allocate 32744 bytes for ChunkPool::allocate
# Possible reasons:
#   The system is out of physical RAM or swap space
#   The process is running with CompressedOops enabled, and the Java Heap may be blocking the growth of the native heap
# Possible solutions:
#   Reduce memory load on the system
#   Increase physical memory or swap space
#   Check if swap backing store is full
#   Decrease Java heap size (-Xmx/-Xms)
#   Decrease number of Java threads
#   Decrease Java thread stack sizes (-Xss)
#   Set larger code cache with -XX:ReservedCodeCacheSize=
#   JVM is running with Unscaled Compressed Oops mode in which the Java heap is
#     placed in the first 4GB address space. The Java Heap base address is the
#     maximum limit for the native heap growth. Please use -XX:HeapBaseMinAddress
#     to set the Java Heap base and to place the Java Heap above 4GB virtual address.
# This output file may be truncated or incomplete.
#
#  Out of Memory Error (allocation.cpp:273), pid=20156, tid=0x0000000000004b80
#
# JRE version: Java(TM) SE Runtime Environment (8.0_201-b09) (build 1.8.0_201-b09)
# Java VM: Java HotSpot(TM) 64-Bit Server VM (25.201-b09 mixed mode windows-amd64 compressed oops)
# Failed to write core dump. Minidumps are not enabled by default on client versions of Windows
#

---------------  T H R E A D  ---------------

Current thread (0x000000001682b800):  JavaThread "C2 CompilerThread0" daemon [_thread_in_native, id=19328, stack(0x00000000181b0000,0x00000000182b0000)]

Stack: [0x00000000181b0000,0x00000000182b0000]
[error occurred during error reporting (printing stack bounds), id 0xc0000005]

Native frames: (J=compiled Java code, j=interpreted, Vv=VM code, C=native code)


Current CompileTask:
C2:7786174 27557       4       com.android.tools.r8.u.b.T::x (314 bytes)


---------------  P R O C E S S  ---------------

Java Threads: ( => current thread )
  0x000000001e35c800 JavaThread "WorkerExecutor Queue Thread 5" [_thread_blocked, id=6260, stack(0x0000000030b50000,0x0000000030c50000)]
  0x000000001e355000 JavaThread "WorkerExecutor Queue Thread 4" [_thread_in_native, id=21064, stack(0x00000000307f0000,0x00000000308f0000)]
  0x000000001e35a000 JavaThread "Cache worker for Java compile cache (C:\Users\kymsd\AndroidStudioProjects\anjane\.gradle\5.6.4\javaCompile)" [_thread_blocked, id=22588, stack(0x0000000030cf0000,0x0000000030df0000)]
  0x000000001e359800 JavaThread "WorkerExecutor Queue Thread 3" [_thread_in_native, id=22916, stack(0x00000000306f0000,0x00000000307f0000)]
  0x000000001e35b800 JavaThread "stdout" [_thread_in_native, id=15628, stack(0x00000000305f0000,0x00000000306f0000)]
  0x000000001e358800 JavaThread "stderr" [_thread_in_native, id=23080, stack(0x0000000024790000,0x0000000024890000)]
  0x000000001e354000 JavaThread "stdout" [_thread_in_native, id=8352, stack(0x00000000302c0000,0x00000000303c0000)]
  0x000000001e357000 JavaThread "stderr" [_thread_in_native, id=12932, stack(0x000000002dbf0000,0x000000002dcf0000)]
  0x000000001e353800 JavaThread "pool-35-thread-1" [_thread_blocked, id=19804, stack(0x000000002d4f0000,0x000000002d5f0000)]
  0x000000001e356800 JavaThread "WorkerExecutor Queue Thread 2" [_thread_in_vm, id=22744, stack(0x0000000024690000,0x0000000024790000)]
  0x000000001e358000 JavaThread "WorkerExecutor Queue" [_thread_in_native, id=5984, stack(0x0000000024590000,0x0000000024690000)]
  0x000000001e355800 JavaThread "Cache worker for execution history cache (C:\Users\kymsd\AndroidStudioProjects\anjane\.gradle\5.6.4\executionHistory)" [_thread_blocked, id=1352, stack(0x0000000024490000,0x0000000024590000)]
  0x000000001c23a000 JavaThread "Execution worker for ':' Thread 3" [_thread_blocked, id=16828, stack(0x000000002d3f0000,0x000000002d4f0000)]
  0x000000001c23f000 JavaThread "Execution worker for ':' Thread 2" [_thread_blocked, id=12376, stack(0x000000002bf20000,0x000000002c020000)]
  0x000000001c237800 JavaThread "Execution worker for ':'" [_thread_blocked, id=15064, stack(0x00000000248d0000,0x00000000249d0000)]
  0x000000001c23d000 JavaThread "Cache worker for file content cache (C:\Users\kymsd\AndroidStudioProjects\anjane\.gradle\5.6.4\fileContent)" [_thread_blocked, id=9856, stack(0x0000000023d90000,0x0000000023e90000)]
  0x000000001c23d800 JavaThread "Cache worker for Build Output Cleanup Cache (C:\Users\kymsd\AndroidStudioProjects\anjane\.gradle\buildOutputCleanup)" [_thread_blocked, id=8920, stack(0x0000000023a90000,0x0000000023b90000)]
  0x000000001c238800 JavaThread "pool-34-thread-1" [_thread_blocked, id=20752, stack(0x0000000023990000,0x0000000023a90000)]
  0x000000001c23b800 JavaThread "Build operations Thread 4" [_thread_blocked, id=13112, stack(0x0000000022fd0000,0x00000000230d0000)]
  0x000000001c23e800 JavaThread "Build operations Thread 3" [_thread_blocked, id=11344, stack(0x0000000022ed0000,0x0000000022fd0000)]
  0x000000001c239000 JavaThread "Build operations Thread 2" [_thread_blocked, id=14184, stack(0x0000000020f30000,0x0000000021030000)]
  0x000000001c23c000 JavaThread "Build operations" [_thread_blocked, id=18776, stack(0x0000000020e30000,0x0000000020f30000)]
  0x000000001c23a800 JavaThread "Cache worker for cache directory md-rule (C:\Users\kymsd\.gradle\caches\5.6.4\md-rule)" [_thread_blocked, id=16176, stack(0x0000000020a00000,0x0000000020b00000)]
  0x000000001c234800 JavaThread "Cache worker for cache directory md-supplier (C:\Users\kymsd\.gradle\caches\5.6.4\md-supplier)" [_thread_blocked, id=7512, stack(0x0000000020900000,0x0000000020a00000)]
  0x000000001c231000 JavaThread "Cache worker for file hash cache (C:\Users\kymsd\AndroidStudioProjects\anjane\.gradle\5.6.4\fileHashes)" [_thread_blocked, id=16516, stack(0x0000000020400000,0x0000000020500000)]
  0x000000001c237000 JavaThread "Thread-395" [_thread_blocked, id=3196, stack(0x000000001e660000,0x000000001e760000)]
  0x000000001c234000 JavaThread "Stdin handler" [_thread_blocked, id=1300, stack(0x000000001d500000,0x000000001d600000)]
  0x000000001c233000 JavaThread "Asynchronous log dispatcher for DefaultDaemonConnection: socket connection from /127.0.0.1:2247 to /127.0.0.1:5039" [_thread_blocked, id=13552, stack(0x000000001ac60000,0x000000001ad60000)]
  0x000000001c231800 JavaThread "Daemon worker Thread 14" [_thread_blocked, id=18788, stack(0x000000001a960000,0x000000001aa60000)]
  0x000000001c230000 JavaThread "Cancel handler" [_thread_blocked, id=11744, stack(0x000000001a860000,0x000000001a960000)]
  0x000000001c232800 JavaThread "Handler for socket connection from /127.0.0.1:2247 to /127.0.0.1:5039" [_thread_in_native, id=4468, stack(0x000000001a560000,0x000000001a660000)]
  0x000000001c235800 JavaThread "Daemon Thread 14" [_thread_blocked, id=7608, stack(0x000000001a460000,0x000000001a560000)]
  0x000000001c676800 JavaThread "Cache worker for Java compile cache (C:\Users\kymsd\.gradle\caches\5.6.4\javaCompile)" [_thread_blocked, id=11860, stack(0x000000002be20000,0x000000002bf20000)]
  0x000000001c678000 JavaThread "Cache worker for file content cache (C:\Users\kymsd\.gradle\caches\5.6.4\fileContent)" [_thread_blocked, id=18188, stack(0x0000000022dd0000,0x0000000022ed0000)]
  0x000000001c677000 JavaThread "Memory manager" [_thread_blocked, id=14252, stack(0x00000000216e0000,0x00000000217e0000)]
  0x000000001c675000 JavaThread "Cache worker for execution history cache (C:\Users\kymsd\.gradle\caches\5.6.4\executionHistory)" [_thread_blocked, id=12460, stack(0x0000000020d30000,0x0000000020e30000)]
  0x0000000017d13000 JavaThread "Cache worker for journal cache (C:\Users\kymsd\.gradle\caches\journal-1)" [_thread_blocked, id=14844, stack(0x000000001b160000,0x000000001b260000)]
  0x0000000017d12800 JavaThread "File lock request listener" [_thread_in_native, id=20692, stack(0x000000001b060000,0x000000001b160000)]
  0x0000000017d15800 JavaThread "Cache worker for file hash cache (C:\Users\kymsd\.gradle\caches\5.6.4\fileHashes)" [_thread_blocked, id=7176, stack(0x000000001af60000,0x000000001b060000)]
  0x0000000017bc6000 JavaThread "Daemon periodic checks" [_thread_blocked, id=20012, stack(0x000000001a360000,0x000000001a460000)]
  0x0000000019829000 JavaThread "Incoming local TCP Connector on port 2247" [_thread_in_native, id=11896, stack(0x000000001a180000,0x000000001a280000)]
  0x0000000017e2a800 JavaThread "Daemon health stats" [_thread_blocked, id=17380, stack(0x0000000019e80000,0x0000000019f80000)]
  0x0000000017c3e000 JavaThread "Service Thread" daemon [_thread_blocked, id=16108, stack(0x00000000184b0000,0x00000000185b0000)]
  0x0000000017bc2000 JavaThread "C1 CompilerThread2" daemon [_thread_in_native, id=23840, stack(0x00000000183b0000,0x00000000184b0000)]
  0x0000000017bbd800 JavaThread "C2 CompilerThread1" daemon [_thread_in_native, id=23256, stack(0x00000000182b0000,0x00000000183b0000)]
=>0x000000001682b800 JavaThread "C2 CompilerThread0" daemon [_thread_in_native, id=19328, stack(0x00000000181b0000,0x00000000182b0000)]
  0x00000000167df000 JavaThread "Attach Listener" daemon [_thread_blocked, id=19980, stack(0x00000000180b0000,0x00000000181b0000)]
  0x0000000017bb8800 JavaThread "Signal Dispatcher" daemon [_thread_blocked, id=22352, stack(0x0000000017fb0000,0x00000000180b0000)]
  0x0000000002e5b000 JavaThread "Finalizer" daemon [_thread_blocked, id=21360, stack(0x0000000017a20000,0x0000000017b20000)]
  0x0000000002e52000 JavaThread "Reference Handler" daemon [_thread_blocked, id=23576, stack(0x0000000017920000,0x0000000017a20000)]
  0x0000000002d62800 JavaThread "main" [_thread_blocked, id=23216, stack(0x0000000002c60000,0x0000000002d60000)]

Other Threads:
  0x0000000016798000 VMThread [stack: 0x0000000017820000,0x0000000017920000] [id=12268]
  0x0000000017c5b800 WatcherThread [stack: 0x00000000185b0000,0x00000000186b0000] [id=15396]

VM state:not at safepoint (normal execution)

VM Mutex/Monitor currently owned by a thread: None

heap address: 0x00000000a0000000, size: 1536 MB, Compressed Oops mode: 32-bit
Narrow klass base: 0x0000000000000000, Narrow klass shift: 3
Compressed class space size: 1073741824 Address: 0x0000000100000000

Heap:
 PSYoungGen      total 436224K, used 359888K [0x00000000e0000000, 0x0000000100000000, 0x0000000100000000)
  eden space 351232K, 87% used [0x00000000e0000000,0x00000000f2dabfc8,0x00000000f5700000)
  from space 84992K, 59% used [0x00000000f5700000,0x00000000f88c8110,0x00000000faa00000)
  to   space 84992K, 0% used [0x00000000fad00000,0x00000000fad00000,0x0000000100000000)
 ParOldGen       total 380928K, used 198329K [0x00000000a0000000, 0x00000000b7400000, 0x00000000e0000000)
  object space 380928K, 52% used [0x00000000a0000000,0x00000000ac1ae778,0x00000000b7400000)
 Metaspace       used 95367K, capacity 101894K, committed 102144K, reserved 1138688K
  class space    used 12452K, capacity 13525K, committed 13568K, reserved 1048576K

Card table byte_map: [0x0000000012220000,0x0000000012530000] byte_map_base: 0x0000000011d20000

Marking Bits: (ParMarkBitMap*) 0x000000005a184ce0
 Begin Bits: [0x0000000012b30000, 0x0000000014330000)
 End Bits:   [0x0000000014330000, 0x0000000015b30000)

Polling page: 0x0000000001070000

CodeCache: size=245760Kb used=74048Kb max_used=75685Kb free=171711Kb
 bounds [0x0000000002e60000, 0x00000000078d0000, 0x0000000011e60000]
 total_blobs=21428 nmethods=20552 adapters=784
 compilation: enabled

Compilation events (10 events):
Event: 7786.092 Thread 0x000000001682b800 nmethod 27553 0x00000000060c18d0 code [0x00000000060c1a20, 0x00000000060c1d18]
Event: 7786.092 Thread 0x000000001682b800 27557       4       com.android.tools.r8.u.b.T::x (314 bytes)
Event: 7786.113 Thread 0x0000000017bbd800 nmethod 27547 0x00000000072f5110 code [0x00000000072f5660, 0x00000000072f7c80]
Event: 7786.113 Thread 0x0000000017bbd800 27563       4       com.android.tools.r8.u.c.M::a (319 bytes)
Event: 7786.125 Thread 0x0000000017bc2000 nmethod 27565% 0x0000000006d25450 code [0x0000000006d26d80, 0x0000000006d38be8]
Event: 7786.130 Thread 0x0000000017bc2000 27569       3       com.android.tools.r8.code.M0::c (6 bytes)
Event: 7786.131 Thread 0x0000000017bc2000 nmethod 27569 0x00000000072f4d10 code [0x00000000072f4e60, 0x00000000072f4fb0]
Event: 7786.133 Thread 0x0000000017bc2000 27571       2       com.android.tools.r8.ir.optimize.b::a (33 bytes)
Event: 7786.136 Thread 0x0000000017bc2000 nmethod 27571 0x0000000005b03290 code [0x0000000005b03440, 0x0000000005b03878]
Event: 7786.139 Thread 0x0000000017bc2000 27574       3       com.android.tools.r8.u.c.M::a (3068 bytes)

GC Heap History (10 events):
Event: 4693.851 GC heap before
{Heap before GC invocations=38 (full 5):
 PSYoungGen      total 403968K, used 377699K [0x00000000e0000000, 0x00000000ff080000, 0x0000000100000000)
  eden space 318464K, 100% used [0x00000000e0000000,0x00000000f3700000,0x00000000f3700000)
  from space 85504K, 69% used [0x00000000f8f00000,0x00000000fc8d8f38,0x00000000fe280000)
  to   space 90112K, 0% used [0x00000000f3700000,0x00000000f3700000,0x00000000f8f00000)
 ParOldGen       total 380928K, used 198321K [0x00000000a0000000, 0x00000000b7400000, 0x00000000e0000000)
  object space 380928K, 52% used [0x00000000a0000000,0x00000000ac1ac778,0x00000000b7400000)
 Metaspace       used 93717K, capacity 98668K, committed 99456K, reserved 1136640K
  class space    used 12185K, capacity 13054K, committed 13184K, reserved 1048576K
Event: 4693.981 GC heap after
Heap after GC invocations=38 (full 5):
 PSYoungGen      total 408576K, used 53090K [0x00000000e0000000, 0x0000000100000000, 0x0000000100000000)
  eden space 318464K, 0% used [0x00000000e0000000,0x00000000e0000000,0x00000000f3700000)
  from space 90112K, 58% used [0x00000000f3700000,0x00000000f6ad8a70,0x00000000f8f00000)
  to   space 91136K, 0% used [0x00000000fa700000,0x00000000fa700000,0x0000000100000000)
 ParOldGen       total 380928K, used 198321K [0x00000000a0000000, 0x00000000b7400000, 0x00000000e0000000)
  object space 380928K, 52% used [0x00000000a0000000,0x00000000ac1ac778,0x00000000b7400000)
 Metaspace       used 93717K, capacity 98668K, committed 99456K, reserved 1136640K
  class space    used 12185K, capacity 13054K, committed 13184K, reserved 1048576K
}
Event: 5077.869 GC heap before
{Heap before GC invocations=39 (full 5):
 PSYoungGen      total 408576K, used 371448K [0x00000000e0000000, 0x0000000100000000, 0x0000000100000000)
  eden space 318464K, 99% used [0x00000000e0000000,0x00000000f36e5910,0x00000000f3700000)
  from space 90112K, 58% used [0x00000000f3700000,0x00000000f6ad8a70,0x00000000f8f00000)
  to   space 91136K, 0% used [0x00000000fa700000,0x00000000fa700000,0x0000000100000000)
 ParOldGen       total 380928K, used 198321K [0x00000000a0000000, 0x00000000b7400000, 0x00000000e0000000)
  object space 380928K, 52% used [0x00000000a0000000,0x00000000ac1ac778,0x00000000b7400000)
 Metaspace       used 93824K, capacity 98760K, committed 99456K, reserved 1136640K
  class space    used 12187K, capacity 13058K, committed 13184K, reserved 1048576K
Event: 5078.054 GC heap after
Heap after GC invocations=39 (full 5):
 PSYoungGen      total 424960K, used 37240K [0x00000000e0000000, 0x00000000ff700000, 0x0000000100000000)
  eden space 343040K, 0% used [0x00000000e0000000,0x00000000e0000000,0x00000000f4f00000)
  from space 81920K, 45% used [0x00000000fa700000,0x00000000fcb5e040,0x00000000ff700000)
  to   space 86016K, 0% used [0x00000000f4f00000,0x00000000f4f00000,0x00000000fa300000)
 ParOldGen       total 380928K, used 198321K [0x00000000a0000000, 0x00000000b7400000, 0x00000000e0000000)
  object space 380928K, 52% used [0x00000000a0000000,0x00000000ac1ac778,0x00000000b7400000)
 Metaspace       used 93824K, capacity 98760K, committed 99456K, reserved 1136640K
  class space    used 12187K, capacity 13058K, committed 13184K, reserved 1048576K
}
Event: 5367.694 GC heap before
{Heap before GC invocations=40 (full 5):
 PSYoungGen      total 424960K, used 380280K [0x00000000e0000000, 0x00000000ff700000, 0x0000000100000000)
  eden space 343040K, 100% used [0x00000000e0000000,0x00000000f4f00000,0x00000000f4f00000)
  from space 81920K, 45% used [0x00000000fa700000,0x00000000fcb5e040,0x00000000ff700000)
  to   space 86016K, 0% used [0x00000000f4f00000,0x00000000f4f00000,0x00000000fa300000)
 ParOldGen       total 380928K, used 198321K [0x00000000a0000000, 0x00000000b7400000, 0x00000000e0000000)
  object space 380928K, 52% used [0x00000000a0000000,0x00000000ac1ac778,0x00000000b7400000)
 Metaspace       used 94754K, capacity 100954K, committed 101248K, reserved 1136640K
  class space    used 12379K, capacity 13401K, committed 13440K, reserved 1048576K
Event: 5367.823 GC heap after
Heap after GC invocations=40 (full 5):
 PSYoungGen      total 429056K, used 52266K [0x00000000e0000000, 0x0000000100000000, 0x0000000100000000)
  eden space 343040K, 0% used [0x00000000e0000000,0x00000000e0000000,0x00000000f4f00000)
  from space 86016K, 60% used [0x00000000f4f00000,0x00000000f820abb0,0x00000000fa300000)
  to   space 87040K, 0% used [0x00000000fab00000,0x00000000fab00000,0x0000000100000000)
 ParOldGen       total 380928K, used 198321K [0x00000000a0000000, 0x00000000b7400000, 0x00000000e0000000)
  object space 380928K, 52% used [0x00000000a0000000,0x00000000ac1ac778,0x00000000b7400000)
 Metaspace       used 94754K, capacity 100954K, committed 101248K, reserved 1136640K
  class space    used 12379K, capacity 13401K, committed 13440K, reserved 1048576K
}
Event: 6218.894 GC heap before
{Heap before GC invocations=41 (full 5):
 PSYoungGen      total 429056K, used 395306K [0x00000000e0000000, 0x0000000100000000, 0x0000000100000000)
  eden space 343040K, 100% used [0x00000000e0000000,0x00000000f4f00000,0x00000000f4f00000)
  from space 86016K, 60% used [0x00000000f4f00000,0x00000000f820abb0,0x00000000fa300000)
  to   space 87040K, 0% used [0x00000000fab00000,0x00000000fab00000,0x0000000100000000)
 ParOldGen       total 380928K, used 198321K [0x00000000a0000000, 0x00000000b7400000, 0x00000000e0000000)
  object space 380928K, 52% used [0x00000000a0000000,0x00000000ac1ac778,0x00000000b7400000)
 Metaspace       used 95030K, capacity 101324K, committed 101632K, reserved 1136640K
  class space    used 12410K, capacity 13452K, committed 13568K, reserved 1048576K
Event: 6218.967 GC heap after
Heap after GC invocations=41 (full 5):
 PSYoungGen      total 435200K, used 46831K [0x00000000e0000000, 0x00000000ffd00000, 0x0000000100000000)
  eden space 351232K, 0% used [0x00000000e0000000,0x00000000e0000000,0x00000000f5700000)
  from space 83968K, 55% used [0x00000000fab00000,0x00000000fd8bbd28,0x00000000ffd00000)
  to   space 84992K, 0% used [0x00000000f5700000,0x00000000f5700000,0x00000000faa00000)
 ParOldGen       total 380928K, used 198321K [0x00000000a0000000, 0x00000000b7400000, 0x00000000e0000000)
  object space 380928K, 52% used [0x00000000a0000000,0x00000000ac1ac778,0x00000000b7400000)
 Metaspace       used 95030K, capacity 101324K, committed 101632K, reserved 1136640K
  class space    used 12410K, capacity 13452K, committed 13568K, reserved 1048576K
}
Event: 7752.205 GC heap before
{Heap before GC invocations=42 (full 5):
 PSYoungGen      total 435200K, used 398063K [0x00000000e0000000, 0x00000000ffd00000, 0x0000000100000000)
  eden space 351232K, 100% used [0x00000000e0000000,0x00000000f5700000,0x00000000f5700000)
  from space 83968K, 55% used [0x00000000fab00000,0x00000000fd8bbd28,0x00000000ffd00000)
  to   space 84992K, 0% used [0x00000000f5700000,0x00000000f5700000,0x00000000faa00000)
 ParOldGen       total 380928K, used 198321K [0x00000000a0000000, 0x00000000b7400000, 0x00000000e0000000)
  object space 380928K, 52% used [0x00000000a0000000,0x00000000ac1ac778,0x00000000b7400000)
 Metaspace       used 95292K, capacity 101820K, committed 101888K, reserved 1138688K
  class space    used 12451K, capacity 13524K, committed 13568K, reserved 1048576K
Event: 7752.394 GC heap after
Heap after GC invocations=42 (full 5):
 PSYoungGen      total 436224K, used 50976K [0x00000000e0000000, 0x0000000100000000, 0x0000000100000000)
  eden space 351232K, 0% used [0x00000000e0000000,0x00000000e0000000,0x00000000f5700000)
  from space 84992K, 59% used [0x00000000f5700000,0x00000000f88c8110,0x00000000faa00000)
  to   space 84992K, 0% used [0x00000000fad00000,0x00000000fad00000,0x0000000100000000)
 ParOldGen       total 380928K, used 198329K [0x00000000a0000000, 0x00000000b7400000, 0x00000000e0000000)
  object space 380928K, 52% used [0x00000000a0000000,0x00000000ac1ae778,0x00000000b7400000)
 Metaspace       used 95292K, capacity 101820K, committed 101888K, reserved 1138688K
  class space    used 12451K, capacity 13524K, committed 13568K, reserved 1048576K
}

Deoptimization events (10 events):
Event: 5376.762 Thread 0x000000001e35a000 Uncommon trap: reason=unstable_if action=reinterpret pc=0x0000000004745ddc method=java.util.concurrent.locks.AbstractQueuedSynchronizer$ConditionObject.awaitNanos(J)J @ 115
Event: 6211.186 Thread 0x000000001e35a000 Uncommon trap: reason=null_check action=make_not_entrant pc=0x000000000755b29c method=java.io.ObjectStreamClass.getField(Ljava/lang/String;Ljava/lang/Class;)Ljava/io/ObjectStreamField; @ 67
Event: 6216.629 Thread 0x000000001c231800 Uncommon trap: reason=null_check action=make_not_entrant pc=0x00000000038cb318 method=org.gradle.api.internal.tasks.properties.bean.AbstractNestedRuntimeBeanNode$BeanPropertyValue.isConfigurable()Z @ 9
Event: 7753.228 Thread 0x000000001c237800 Uncommon trap: reason=class_check action=maybe_recompile pc=0x00000000030b50d4 method=kotlin.comparisons.ComparisonsKt__ComparisonsKt.compareValues(Ljava/lang/Comparable;Ljava/lang/Comparable;)I @ 21
Event: 7755.262 Thread 0x000000001c23f000 Uncommon trap: reason=class_check action=maybe_recompile pc=0x00000000052e3578 method=java.util.Collections$UnmodifiableMap$UnmodifiableEntrySet$UnmodifiableEntry.<init>(Ljava/util/Map$Entry;)V @ 9
Event: 7755.262 Thread 0x000000001c23f000 Uncommon trap: reason=class_check action=maybe_recompile pc=0x00000000052e3578 method=java.util.Collections$UnmodifiableMap$UnmodifiableEntrySet$UnmodifiableEntry.<init>(Ljava/util/Map$Entry;)V @ 9
Event: 7755.262 Thread 0x000000001c23f000 Uncommon trap: reason=class_check action=maybe_recompile pc=0x00000000052e3578 method=java.util.Collections$UnmodifiableMap$UnmodifiableEntrySet$UnmodifiableEntry.<init>(Ljava/util/Map$Entry;)V @ 9
Event: 7755.262 Thread 0x000000001c23f000 Uncommon trap: reason=class_check action=maybe_recompile pc=0x00000000052e3578 method=java.util.Collections$UnmodifiableMap$UnmodifiableEntrySet$UnmodifiableEntry.<init>(Ljava/util/Map$Entry;)V @ 9
Event: 7768.368 Thread 0x000000001c231800 Uncommon trap: reason=unstable_if action=reinterpret pc=0x0000000004e746b4 method=org.objectweb.asm.ClassReader.readUtf(II[C)Ljava/lang/String; @ 41
Event: 7778.677 Thread 0x000000001c231800 Uncommon trap: reason=bimorphic action=maybe_recompile pc=0x0000000006d99c68 method=com.sun.tools.javac.code.Type$ClassType.map(Lcom/sun/tools/javac/code/Type$Mapping;)Lcom/sun/tools/javac/code/Type; @ 1

Classes redefined (0 events):
No events

Internal exceptions (10 events):
Event: 6212.000 Thread 0x000000001e353800 Exception <a 'sun/nio/fs/WindowsException'> (0x00000000ec888bd0) thrown at [C:\re\workspace\8-2-build-windows-amd64-cygwin\jdk8u201\12322\hotspot\src\share\vm\prims\jni.cpp, line 709]
Event: 6223.112 Thread 0x000000001c231000 Exception <a 'sun/nio/fs/WindowsException'> (0x00000000e70c66d8) thrown at [C:\re\workspace\8-2-build-windows-amd64-cygwin\jdk8u201\12322\hotspot\src\share\vm\prims\jni.cpp, line 709]
Event: 6223.174 Thread 0x000000001c231000 Exception <a 'sun/nio/fs/WindowsException'> (0x00000000e7c17778) thrown at [C:\re\workspace\8-2-build-windows-amd64-cygwin\jdk8u201\12322\hotspot\src\share\vm\prims\jni.cpp, line 709]
Event: 6224.317 Thread 0x000000001c231800 Exception <a 'java/io/FileNotFoundException'> (0x00000000e8b28530) thrown at [C:\re\workspace\8-2-build-windows-amd64-cygwin\jdk8u201\12322\hotspot\src\share\vm\prims\jni.cpp, line 709]
Event: 6224.398 Thread 0x000000001c239000 Exception <a 'sun/nio/fs/WindowsException'> (0x00000000e8bfc0f0) thrown at [C:\re\workspace\8-2-build-windows-amd64-cygwin\jdk8u201\12322\hotspot\src\share\vm\prims\jni.cpp, line 709]
Event: 6224.619 Thread 0x000000001c232800 Exception <a 'sun/nio/fs/WindowsException'> (0x00000000ead60338) thrown at [C:\re\workspace\8-2-build-windows-amd64-cygwin\jdk8u201\12322\hotspot\src\share\vm\prims\jni.cpp, line 709]
Event: 6225.027 Thread 0x000000001e353800 Exception <a 'sun/nio/fs/WindowsException'> (0x00000000eb9a3358) thrown at [C:\re\workspace\8-2-build-windows-amd64-cygwin\jdk8u201\12322\hotspot\src\share\vm\prims\jni.cpp, line 709]
Event: 7740.636 Thread 0x000000001c231800 Exception <a 'sun/nio/fs/WindowsException'> (0x00000000ed385278) thrown at [C:\re\workspace\8-2-build-windows-amd64-cygwin\jdk8u201\12322\hotspot\src\share\vm\prims\jni.cpp, line 709]
Event: 7765.537 Thread 0x000000001e358000 Exception <a 'sun/nio/fs/WindowsException'> (0x00000000e48fc580) thrown at [C:\re\workspace\8-2-build-windows-amd64-cygwin\jdk8u201\12322\hotspot\src\share\vm\prims\jni.cpp, line 709]
Event: 7765.538 Thread 0x000000001e358000 Exception <a 'sun/nio/fs/WindowsException'> (0x00000000e48fcc10) thrown at [C:\re\workspace\8-2-build-windows-amd64-cygwin\jdk8u201\12322\hotspot\src\share\vm\prims\jni.cpp, line 709]

Events (10 events):
Event: 7768.368 Thread 0x000000001c231800 Uncommon trap: trap_request=0xffffff65 fr.pc=0x0000000004e746b4
Event: 7768.368 Thread 0x000000001c231800 DEOPT PACKING pc=0x0000000004e746b4 sp=0x000000001aa58aa0
Event: 7768.368 Thread 0x000000001c231800 DEOPT UNPACKING pc=0x0000000002ea583b sp=0x000000001aa58958 mode 2
Event: 7778.677 Thread 0x000000001c231800 Uncommon trap: trap_request=0xffffffc6 fr.pc=0x0000000006d99c68
Event: 7778.677 Thread 0x000000001c231800 DEOPT PACKING pc=0x0000000006d99c68 sp=0x000000001aa58240
Event: 7778.677 Thread 0x000000001c231800 DEOPT UNPACKING pc=0x0000000002ea583b sp=0x000000001aa58228 mode 2
Event: 7780.936 Thread 0x0000000017bc2000 flushing nmethod 0x0000000003dea5d0
Event: 7781.214 Thread 0x0000000017bc2000 flushing nmethod 0x000000000519e290
Event: 7785.170 Thread 0x000000001e355000 Thread added: 0x000000001e355000
Event: 7785.180 Thread 0x000000001e35c800 Thread added: 0x000000001e35c800


Dynamic libraries:
0x00007ff74e750000 - 0x00007ff74e787000 	C:\Program Files\Java\jdk1.8.0_201\bin\java.exe
0x00007ffaaade0000 - 0x00007ffaaafd0000 	C:\WINDOWS\SYSTEM32\ntdll.dll
0x00007ffaaa570000 - 0x00007ffaaa622000 	C:\WINDOWS\System32\KERNEL32.DLL
0x00007ffaa8790000 - 0x00007ffaa8a33000 	C:\WINDOWS\System32\KERNELBASE.dll
0x00007ffaaa6b0000 - 0x00007ffaaa753000 	C:\WINDOWS\System32\ADVAPI32.dll
0x00007ffaaa470000 - 0x00007ffaaa50e000 	C:\WINDOWS\System32\msvcrt.dll
0x00007ffaa8e90000 - 0x00007ffaa8f27000 	C:\WINDOWS\System32\sechost.dll
0x00007ffaaa820000 - 0x00007ffaaa940000 	C:\WINDOWS\System32\RPCRT4.dll
0x00007ffaaa2b0000 - 0x00007ffaaa444000 	C:\WINDOWS\System32\USER32.dll
0x00007ffaa7d70000 - 0x00007ffaa7d91000 	C:\WINDOWS\System32\win32u.dll
0x00007ffaa9700000 - 0x00007ffaa9726000 	C:\WINDOWS\System32\GDI32.dll
0x00007ffaa8b20000 - 0x00007ffaa8cb4000 	C:\WINDOWS\System32\gdi32full.dll
0x00007ffaa7e70000 - 0x00007ffaa7f0e000 	C:\WINDOWS\System32\msvcp_win.dll
0x00007ffaa7f10000 - 0x00007ffaa800a000 	C:\WINDOWS\System32\ucrtbase.dll
0x00007ffa9f970000 - 0x00007ffa9fbf5000 	C:\WINDOWS\WinSxS\amd64_microsoft.windows.common-controls_6595b64144ccf1df_6.0.18362.778_none_e6c6b761130d4fb8\COMCTL32.dll
0x00007ffaa9870000 - 0x00007ffaa9ba6000 	C:\WINDOWS\System32\combase.dll
0x00007ffaa7da0000 - 0x00007ffaa7e20000 	C:\WINDOWS\System32\bcryptPrimitives.dll
0x00007ffaa9410000 - 0x00007ffaa943e000 	C:\WINDOWS\System32\IMM32.DLL
0x000000005a210000 - 0x000000005a2e1000 	C:\Program Files\Java\jdk1.8.0_201\jre\bin\msvcr100.dll
0x0000000059960000 - 0x000000005a204000 	C:\Program Files\Java\jdk1.8.0_201\jre\bin\server\jvm.dll
0x00007ffaaacc0000 - 0x00007ffaaacc8000 	C:\WINDOWS\System32\PSAPI.DLL
0x00007ffa9bdc0000 - 0x00007ffa9bdc9000 	C:\WINDOWS\SYSTEM32\WSOCK32.dll
0x00007ffaaac50000 - 0x00007ffaaacbf000 	C:\WINDOWS\System32\WS2_32.dll
0x00007ffa9e180000 - 0x00007ffa9e1a4000 	C:\WINDOWS\SYSTEM32\WINMM.dll
0x00007ffaa34b0000 - 0x00007ffaa34ba000 	C:\WINDOWS\SYSTEM32\VERSION.dll
0x00007ffa9e150000 - 0x00007ffa9e17d000 	C:\WINDOWS\SYSTEM32\WINMMBASE.dll
0x00007ffaa7e20000 - 0x00007ffaa7e6a000 	C:\WINDOWS\System32\cfgmgr32.dll
0x00007ffa80100000 - 0x00007ffa8010f000 	C:\Program Files\Java\jdk1.8.0_201\jre\bin\verify.dll
0x00007ffa79af0000 - 0x00007ffa79b19000 	C:\Program Files\Java\jdk1.8.0_201\jre\bin\java.dll
0x00007ffa7fb40000 - 0x00007ffa7fb56000 	C:\Program Files\Java\jdk1.8.0_201\jre\bin\zip.dll
0x00007ffaa9bc0000 - 0x00007ffaaa2a5000 	C:\WINDOWS\System32\SHELL32.dll
0x00007ffaa9650000 - 0x00007ffaa96f9000 	C:\WINDOWS\System32\shcore.dll
0x00007ffaa8010000 - 0x00007ffaa8790000 	C:\WINDOWS\System32\windows.storage.dll
0x00007ffaa7cd0000 - 0x00007ffaa7cf3000 	C:\WINDOWS\System32\profapi.dll
0x00007ffaa7d00000 - 0x00007ffaa7d4a000 	C:\WINDOWS\System32\powrprof.dll
0x00007ffaa7ca0000 - 0x00007ffaa7cb0000 	C:\WINDOWS\System32\UMPDC.dll
0x00007ffaaa7c0000 - 0x00007ffaaa812000 	C:\WINDOWS\System32\shlwapi.dll
0x00007ffaa7cb0000 - 0x00007ffaa7cc1000 	C:\WINDOWS\System32\kernel.appcore.dll
0x00007ffaa8cc0000 - 0x00007ffaa8cd7000 	C:\WINDOWS\System32\cryptsp.dll
0x00007ffa7d620000 - 0x00007ffa7d63a000 	C:\Program Files\Java\jdk1.8.0_201\jre\bin\net.dll
0x00007ffa9dbd0000 - 0x00007ffa9dda5000 	C:\WINDOWS\SYSTEM32\urlmon.dll
0x00007ffa9d180000 - 0x00007ffa9d426000 	C:\WINDOWS\SYSTEM32\iertutil.dll
0x00007ffaa76e0000 - 0x00007ffaa76ec000 	C:\WINDOWS\SYSTEM32\CRYPTBASE.DLL
0x00007ffaa7510000 - 0x00007ffaa7577000 	C:\WINDOWS\system32\mswsock.dll
0x00007ffa79ad0000 - 0x00007ffa79ae1000 	C:\Program Files\Java\jdk1.8.0_201\jre\bin\nio.dll
0x00007ffa7ffd0000 - 0x00007ffa7fff6000 	C:\Users\kymsd\.gradle\native\30\windows-amd64\native-platform.dll
0x00007ffa800f0000 - 0x00007ffa800fd000 	C:\Program Files\Java\jdk1.8.0_201\jre\bin\management.dll
0x00007ffaa7080000 - 0x00007ffaa70b3000 	C:\WINDOWS\system32\rsaenh.dll
0x00007ffaa8a40000 - 0x00007ffaa8a66000 	C:\WINDOWS\System32\bcrypt.dll
0x00007ffaa7bc0000 - 0x00007ffaa7be5000 	C:\WINDOWS\SYSTEM32\USERENV.dll
0x00007ffaa7220000 - 0x00007ffaa725a000 	C:\WINDOWS\SYSTEM32\IPHLPAPI.DLL
0x00007ffaa94c0000 - 0x00007ffaa94c8000 	C:\WINDOWS\System32\NSI.dll
0x00007ffaa0900000 - 0x00007ffaa0916000 	C:\WINDOWS\SYSTEM32\dhcpcsvc6.DLL
0x00007ffaa08e0000 - 0x00007ffaa08fc000 	C:\WINDOWS\SYSTEM32\dhcpcsvc.DLL
0x00007ffaa7260000 - 0x00007ffaa732a000 	C:\WINDOWS\SYSTEM32\DNSAPI.dll

VM Arguments:
jvm_args: -Xmx1536m -Dfile.encoding=x-windows-949 -Duser.country=KR -Duser.language=ko -Duser.variant 
java_command: org.gradle.launcher.daemon.bootstrap.GradleDaemon 5.6.4
java_class_path (initial): C:\Users\kymsd\.gradle\wrapper\dists\gradle-5.6.4-all\ankdp27end7byghfw1q2sw75f\gradle-5.6.4\lib\gradle-launcher-5.6.4.jar
Launcher Type: SUN_STANDARD

Environment Variables:
JAVA_HOME=C:\Program Files\Java\jdk1.8.0_241
PATH=C:\ProgramData\Miniconda3;C:\ProgramData\Miniconda3\Library\mingw-w64\bin;C:\ProgramData\Miniconda3\Library\usr\bin;C:\ProgramData\Miniconda3\Library\bin;C:\ProgramData\Miniconda3\Scripts;C:\oraclexe\app\oracle\product\11.2.0\server\bin;C:\app\kymsd\product\11.2.0\client_2;C:\app\kymsd\product\11.2.0\client_1;C:\app\kymsd\product\18.0.0\dbhomeXE\bin;C:\Program Files (x86)\Common Files\Oracle\Java\javapath;C:\Program Files (x86)\Intel\Intel(R) Management Engine Components\iCLS\;C:\Program Files\Intel\Intel(R) Management Engine Components\iCLS\;C:\WINDOWS\system32;C:\WINDOWS;C:\WINDOWS\System32\Wbem;C:\WINDOWS\System32\WindowsPowerShell\v1.0\;C:\WINDOWS\System32\OpenSSH\;C:\Program Files (x86)\Intel\Intel(R) Management Engine Components\DAL;C:\Program Files\Intel\Intel(R) Management Engine Components\DAL;C:\Program Files (x86)\Intel\Intel(R) Management Engine Components\IPT;C:\Program Files\Intel\Intel(R) Management Engine Components\IPT;C:\Program Files\Intel\WiFi\bin\;C:\Program Files\Common Files\Intel\WirelessCommon\;C:\WINDOWS\system32\config\systemprofile\.dnx\bin;C:\Program Files\Microsoft DNX\Dnvm\;C:\Program Files\Microsoft SQL Server\130\Tools\Binn\;c:\Program Files (x86)\Microsoft SQL Server\100\Tools\Binn\;c:\Program Files\Microsoft SQL Server\100\Tools\Binn\;c:\Program Files\Microsoft SQL Server\100\DTS\Binn\;c:\Program Files (x86)\Microsoft SQL Server\100\Tools\Binn\VSShell\Common7\IDE\;c:\Program Files (x86)\Microsoft SQL Server\100\DTS\Binn\;C:\Program Files\Microsoft SQL Server\Client SDK\ODBC\130\Tools\Binn\;C:\Program Files (x86)\Microsoft SQL Server\140\Tools\Binn\;C:\Program Files\Microsoft SQL Server\140\Tools\Binn\;C:\Program Files\Microsoft SQL Server\140\DTS\Binn\;C:\Program Files\OpenSSL-Win64\bin;C:\Program Files\Git\cmd;C:\Users\kymsd\AppData\Local\Microsoft\WindowsApps;C:\Program Files\Bandizip\;
USERNAME=kymsd
OS=Windows_NT
PROCESSOR_IDENTIFIER=Intel64 Family 6 Model 142 Stepping 10, GenuineIntel



---------------  S Y S T E M  ---------------

OS: Windows 10.0 , 64 bit Build 18362 (10.0.18362.778)

CPU:total 4 (initial active 4) (2 cores per cpu, 2 threads per core) family 6 model 142 stepping 10, cmov, cx8, fxsr, mmx, sse, sse2, sse3, ssse3, sse4.1, sse4.2, popcnt, avx, avx2, aes, clmul, erms, 3dnowpref, lzcnt, ht, tsc, tscinvbit, bmi1, bmi2, adx

Memory: 4k page, physical 8302052k(424924k free), swap 14671332k(0k free)

vm_info: Java HotSpot(TM) 64-Bit Server VM (25.201-b09) for windows-amd64 JRE (1.8.0_201-b09), built on Dec 15 2018 18:36:39 by "java_re" with MS VC++ 10.0 (VS2010)

time: Fri Apr 17 14:47:42 2020
timezone: 대한민국 표준시
elapsed time: 7786 seconds (0d 2h 9m 46s)

