#
# A fatal error has been detected by the Java Runtime Environment:
#
#  EXCEPTION_ACCESS_VIOLATION (0xc0000005) at pc=0x0000000059b74e07, pid=30936, tid=0x0000000000007644
#
# JRE version: Java(TM) SE Runtime Environment (8.0_201-b09) (build 1.8.0_201-b09)
# Java VM: Java HotSpot(TM) 64-Bit Server VM (25.201-b09 mixed mode windows-amd64 compressed oops)
# Problematic frame:
# V  [jvm.dll+0x214e07]
#
# Failed to write core dump. Minidumps are not enabled by default on client versions of Windows
#
# If you would like to submit a bug report, please visit:
#   http://bugreport.java.com/bugreport/crash.jsp
#

---------------  T H R E A D  ---------------

Current thread (0x00000000280c7800):  JavaThread "Build operations Thread 3" [_thread_in_vm, id=30276, stack(0x00000000206d0000,0x00000000207d0000)]

siginfo: ExceptionCode=0xc0000005, writing address 0x00000000207c5e50

Registers:
RAX=0x00000000207c5e50, RBX=0x0000000000000007, RCX=0x0000000000006000, RDX=0x0000000000000013
RSP=0x00000000207cbe50, RBP=0x0000000000000000, RSI=0x00000000207cbe50, RDI=0x0000000000000007
R8 =0x0000000000000013, R9 =0x000000001c7fdb60, R10=0x0000000015f1faf8, R11=0x00000000206da148
R12=0x000000001c7fdb60, R13=0x00000000280c7800, R14=0x00000000207cbf18, R15=0x0000000015f1faf8
RIP=0x0000000059b74e07, EFLAGS=0x0000000000010206

Top of Stack: (sp=0x00000000207cbe50)
0x00000000207cbe50:   0000000000000000 0000000000000000
0x00000000207cbe60:   00000000280c7800 000000001c7fdb60
0x00000000207cbe70:   00000000ffffffff 0000000059b75d37
0x00000000207cbe80:   00000000207cbf80 0000000015f1faf8
0x00000000207cbe90:   00000000280c7800 0000000000000000
0x00000000207cbea0:   0000000000000000 0000000000000000
0x00000000207cbeb0:   0000000000000000 0000000000000000
0x00000000207cbec0:   0000000015f1faf8 00000000280c7800
0x00000000207cbed0:   0000000002d86e60 0000000000000000
0x00000000207cbee0:   0000000000000000 0000000000000000
0x00000000207cbef0:   0000000000000000 0000000000000000
0x00000000207cbf00:   0000000000000000 0000000015f1faf8
0x00000000207cbf10:   00000000280c7800 000000001d3b26b0
0x00000000207cbf20:   0000000000000000 0000000000000000
0x00000000207cbf30:   00000000207cc0d8 0000000000000000
0x00000000207cbf40:   0000000000000000 0000000000000000 

Instructions: (pc=0x0000000059b74e07)
0x0000000059b74de7:   48 89 6c 24 30 33 ed 66 90 e8 0b 5d 08 00 ff c3
0x0000000059b74df7:   48 63 c8 48 8b c6 48 0f af cf 48 ff c7 48 2b c1
0x0000000059b74e07:   89 28 48 63 c3 48 3b 05 95 9a 59 00 7e db 48 8b
0x0000000059b74e17:   6c 24 30 48 8b 5c 24 38 48 8b 74 24 40 48 83 c4 


Register to memory mapping:

RAX=0x00000000207c5e50 is pointing into the stack for thread: 0x00000000280c7800
RBX=0x0000000000000007 is an unknown value
RCX=0x0000000000006000 is an unknown value
RDX=0x0000000000000013 is an unknown value
RSP=0x00000000207cbe50 is pointing into the stack for thread: 0x00000000280c7800
RBP=0x0000000000000000 is an unknown value
RSI=0x00000000207cbe50 is pointing into the stack for thread: 0x00000000280c7800
RDI=0x0000000000000007 is an unknown value
R8 =0x0000000000000013 is an unknown value
R9 =0x000000001c7fdb60 is an unknown value
R10={method} {0x0000000015f1fb00} 'run' '()Ljava/lang/Object;' in 'java/net/URLClassLoader$1'
R11=0x00000000206da148 is pointing into the stack for thread: 0x00000000280c7800
R12=0x000000001c7fdb60 is an unknown value
R13=0x00000000280c7800 is a thread
R14=0x00000000207cbf18 is pointing into the stack for thread: 0x00000000280c7800
R15={method} {0x0000000015f1fb00} 'run' '()Ljava/lang/Object;' in 'java/net/URLClassLoader$1'


Stack: [0x00000000206d0000,0x00000000207d0000],  sp=0x00000000207cbe50,  free space=1007k
Native frames: (J=compiled Java code, j=interpreted, Vv=VM code, C=native code)

Java frames: (J=compiled Java code, j=interpreted, Vv=VM code)
J 268  java.security.AccessController.doPrivileged(Ljava/security/PrivilegedExceptionAction;Ljava/security/AccessControlContext;)Ljava/lang/Object; (0 bytes) @ 0x0000000002edfa66 [0x0000000002edfa00+0x66]
J 1445 C2 java.net.URLClassLoader.findClass(Ljava/lang/String;)Ljava/lang/Class; (47 bytes) @ 0x000000000324ed30 [0x000000000324eca0+0x90]
J 2587 C2 java.lang.ClassLoader.loadClass(Ljava/lang/String;Z)Ljava/lang/Class; (122 bytes) @ 0x0000000003274084 [0x0000000003273c80+0x404]
J 2587 C2 java.lang.ClassLoader.loadClass(Ljava/lang/String;Z)Ljava/lang/Class; (122 bytes) @ 0x0000000003273f80 [0x0000000003273c80+0x300]
J 2587 C2 java.lang.ClassLoader.loadClass(Ljava/lang/String;Z)Ljava/lang/Class; (122 bytes) @ 0x0000000003273f80 [0x0000000003273c80+0x300]
J 2511 C2 java.lang.ClassLoader.loadClass(Ljava/lang/String;)Ljava/lang/Class; (7 bytes) @ 0x00000000032ef180 [0x00000000032ef140+0x40]
v  ~StubRoutines::call_stub
j  com.google.common.util.concurrent.AbstractFuture.setException(Ljava/lang/Throwable;)Z+0
j  com.google.common.util.concurrent.SettableFuture.setException(Ljava/lang/Throwable;)Z+2
j  com.google.common.cache.LocalCache$LoadingValueReference.setException(Ljava/lang/Throwable;)Z+5
J 8257 C2 com.google.common.cache.LocalCache$Segment.lockedGetOrLoad(Ljava/lang/Object;ILcom/google/common/cache/CacheLoader;)Ljava/lang/Object; (447 bytes) @ 0x00000000043f14e0 [0x00000000043ef2a0+0x2240]
J 11722 C2 com.google.common.cache.LocalCache$Segment.get(Ljava/lang/Object;ILcom/google/common/cache/CacheLoader;)Ljava/lang/Object; (210 bytes) @ 0x0000000004daaf14 [0x0000000004daade0+0x134]
J 24547 C1 org.gradle.internal.work.DefaultWorkerLeaseService$WorkerLeaseLockRegistry.getResourceLock(Lorg/gradle/internal/work/DefaultWorkerLeaseService$LeaseHolder;ILjava/lang/Thread;)Lorg/gradle/internal/work/DefaultWorkerLeaseService$DefaultWorkerLease; (50 bytes) @ 0x00000000061f3954 [0x00000000061f2620+0x1334]
J 24546 C1 org.gradle.internal.work.DefaultWorkerLeaseService.getWorkerLease(Lorg/gradle/internal/work/DefaultWorkerLeaseService$LeaseHolder;)Lorg/gradle/internal/work/DefaultWorkerLeaseService$DefaultWorkerLease; (27 bytes) @ 0x00000000036186fc [0x0000000003618580+0x17c]
j  org.gradle.internal.work.DefaultWorkerLeaseService.access$800(Lorg/gradle/internal/work/DefaultWorkerLeaseService;Lorg/gradle/internal/work/DefaultWorkerLeaseService$LeaseHolder;)Lorg/gradle/internal/work/DefaultWorkerLeaseService$DefaultWorkerLease;+2
j  org.gradle.internal.work.DefaultWorkerLeaseService$DefaultWorkerLease.createChild()Lorg/gradle/internal/work/WorkerLeaseRegistry$WorkerLease;+5
j  org.gradle.internal.operations.DefaultBuildOperationQueue$WorkerRunnable.runBatch(Lorg/gradle/internal/operations/BuildOperation;)V+18
J 11013 C1 org.gradle.internal.operations.DefaultBuildOperationQueue$WorkerRunnable.run()V (22 bytes) @ 0x0000000004b3aa6c [0x0000000004b3a9e0+0x8c]
J 22661 C2 org.gradle.internal.concurrent.ManagedExecutorImpl$1.run()V (59 bytes) @ 0x000000000319c018 [0x000000000319bee0+0x138]
j  java.util.concurrent.ThreadPoolExecutor.runWorker(Ljava/util/concurrent/ThreadPoolExecutor$Worker;)V+95
j  java.util.concurrent.ThreadPoolExecutor$Worker.run()V+5
j  org.gradle.internal.concurrent.ThreadFactoryImpl$ManagedThreadRunnable.run()V+7
j  java.lang.Thread.run()V+11
v  ~StubRoutines::call_stub

---------------  P R O C E S S  ---------------

Java Threads: ( => current thread )
  0x00000000280d2000 JavaThread "Cache worker for execution history cache (C:\Users\kymsd\AndroidStudioProjects\anjane\.gradle\5.6.4\executionHistory)" [_thread_blocked, id=9568, stack(0x00000000225d0000,0x00000000226d0000)]
  0x00000000280d0800 JavaThread "Execution worker for ':' Thread 3" [_thread_blocked, id=21492, stack(0x00000000220d0000,0x00000000221d0000)]
  0x00000000280d4800 JavaThread "Execution worker for ':' Thread 2" [_thread_blocked, id=29460, stack(0x00000000216f0000,0x00000000217f0000)]
  0x00000000280d3800 JavaThread "Execution worker for ':'" [_thread_blocked, id=9588, stack(0x00000000213d0000,0x00000000214d0000)]
  0x00000000280d3000 JavaThread "Cache worker for file content cache (C:\Users\kymsd\AndroidStudioProjects\anjane\.gradle\5.6.4\fileContent)" [_thread_blocked, id=13000, stack(0x00000000210d0000,0x00000000211d0000)]
  0x00000000280d0000 JavaThread "Cache worker for Build Output Cleanup Cache (C:\Users\kymsd\AndroidStudioProjects\anjane\.gradle\buildOutputCleanup)" [_thread_blocked, id=13016, stack(0x0000000020dd0000,0x0000000020ed0000)]
  0x00000000280ca800 JavaThread "pool-9-thread-1" [_thread_blocked, id=25344, stack(0x00000000208d0000,0x00000000209d0000)]
  0x00000000280d1800 JavaThread "Build operations Thread 4" [_thread_blocked, id=30388, stack(0x00000000207d0000,0x00000000208d0000)]
=>0x00000000280c7800 JavaThread "Build operations Thread 3" [_thread_in_vm, id=30276, stack(0x00000000206d0000,0x00000000207d0000)]
  0x00000000280ce000 JavaThread "Build operations Thread 2" [_thread_blocked, id=5672, stack(0x00000000205d0000,0x00000000206d0000)]
  0x00000000280cd800 JavaThread "Build operations" [_thread_blocked, id=30520, stack(0x00000000201d0000,0x00000000202d0000)]
  0x00000000280cc800 JavaThread "Cache worker for cache directory md-rule (C:\Users\kymsd\.gradle\caches\5.6.4\md-rule)" [_thread_blocked, id=32460, stack(0x00000000200d0000,0x00000000201d0000)]
  0x00000000280cb000 JavaThread "Cache worker for cache directory md-supplier (C:\Users\kymsd\.gradle\caches\5.6.4\md-supplier)" [_thread_blocked, id=16408, stack(0x000000001e320000,0x000000001e420000)]
  0x00000000280cf000 JavaThread "Cache worker for file hash cache (C:\Users\kymsd\AndroidStudioProjects\anjane\.gradle\5.6.4\fileHashes)" [_thread_blocked, id=23408, stack(0x000000001aab0000,0x000000001abb0000)]
  0x00000000280c6000 JavaThread "Thread-94" [_thread_blocked, id=22460, stack(0x000000001a9b0000,0x000000001aab0000)]
  0x00000000280c9800 JavaThread "Stdin handler" [_thread_blocked, id=15576, stack(0x000000001a8b0000,0x000000001a9b0000)]
  0x00000000280c9000 JavaThread "Asynchronous log dispatcher for DefaultDaemonConnection: socket connection from /127.0.0.1:1185 to /127.0.0.1:2290" [_thread_blocked, id=1604, stack(0x000000001a7b0000,0x000000001a8b0000)]
  0x00000000280c8000 JavaThread "Daemon worker Thread 3" [_thread_blocked, id=16964, stack(0x000000001a6b0000,0x000000001a7b0000)]
  0x00000000280c5000 JavaThread "Cancel handler" [_thread_blocked, id=12828, stack(0x0000000002b40000,0x0000000002c40000)]
  0x00000000280cc000 JavaThread "Handler for socket connection from /127.0.0.1:1185 to /127.0.0.1:2290" [_thread_in_native, id=18212, stack(0x0000000002470000,0x0000000002570000)]
  0x00000000280c6800 JavaThread "Daemon Thread 3" [_thread_blocked, id=10584, stack(0x0000000000bd0000,0x0000000000cd0000)]
  0x000000001b400800 JavaThread "Cache worker for Java compile cache (C:\Users\kymsd\.gradle\caches\5.6.4\javaCompile)" [_thread_blocked, id=20476, stack(0x0000000023630000,0x0000000023730000)]
  0x000000001b6ee000 JavaThread "Cache worker for file content cache (C:\Users\kymsd\.gradle\caches\5.6.4\fileContent)" [_thread_blocked, id=15440, stack(0x0000000021cf0000,0x0000000021df0000)]
  0x000000001b6f0000 JavaThread "Memory manager" [_thread_blocked, id=10672, stack(0x0000000021bf0000,0x0000000021cf0000)]
  0x00000000198a4800 JavaThread "Cache worker for execution history cache (C:\Users\kymsd\.gradle\caches\5.6.4\executionHistory)" [_thread_blocked, id=31252, stack(0x00000000202d0000,0x00000000203d0000)]
  0x00000000198a5800 JavaThread "Cache worker for journal cache (C:\Users\kymsd\.gradle\caches\journal-1)" [_thread_blocked, id=31284, stack(0x000000001afb0000,0x000000001b0b0000)]
  0x00000000198a1800 JavaThread "File lock request listener" [_thread_in_native, id=15028, stack(0x000000001aeb0000,0x000000001afb0000)]
  0x00000000198a1000 JavaThread "Cache worker for file hash cache (C:\Users\kymsd\.gradle\caches\5.6.4\fileHashes)" [_thread_blocked, id=14896, stack(0x000000001adb0000,0x000000001aeb0000)]
  0x000000001958f800 JavaThread "Daemon periodic checks" [_thread_blocked, id=10888, stack(0x000000001a1b0000,0x000000001a2b0000)]
  0x0000000017af0000 JavaThread "Incoming local TCP Connector on port 1185" [_thread_in_native, id=4244, stack(0x0000000019fd0000,0x000000001a0d0000)]
  0x0000000017c88000 JavaThread "Daemon health stats" [_thread_blocked, id=13392, stack(0x0000000019cd0000,0x0000000019dd0000)]
  0x0000000017a63000 JavaThread "Service Thread" daemon [_thread_blocked, id=23684, stack(0x0000000018300000,0x0000000018400000)]
  0x0000000017a5b000 JavaThread "C1 CompilerThread2" daemon [_thread_blocked, id=9348, stack(0x0000000018200000,0x0000000018300000)]
  0x0000000017a57800 JavaThread "C2 CompilerThread1" daemon [_thread_blocked, id=17540, stack(0x0000000018100000,0x0000000018200000)]
  0x000000001670b800 JavaThread "C2 CompilerThread0" daemon [_thread_blocked, id=27764, stack(0x0000000018000000,0x0000000018100000)]
  0x00000000166bf000 JavaThread "Attach Listener" daemon [_thread_blocked, id=2416, stack(0x0000000017f00000,0x0000000018000000)]
  0x0000000017a08800 JavaThread "Signal Dispatcher" daemon [_thread_blocked, id=13692, stack(0x0000000017e00000,0x0000000017f00000)]
  0x0000000002d3b000 JavaThread "Finalizer" daemon [_thread_blocked, id=21716, stack(0x0000000017900000,0x0000000017a00000)]
  0x0000000002d32000 JavaThread "Reference Handler" daemon [_thread_blocked, id=1040, stack(0x0000000017800000,0x0000000017900000)]
  0x0000000002c42800 JavaThread "main" [_thread_blocked, id=14396, stack(0x0000000002940000,0x0000000002a40000)]

Other Threads:
  0x0000000016678000 VMThread [stack: 0x0000000017700000,0x0000000017800000] [id=19744]
  0x0000000017a77800 WatcherThread [stack: 0x0000000018400000,0x0000000018500000] [id=30228]

VM state:synchronizing (normal execution)

VM Mutex/Monitor currently owned by a thread:  ([mutex/lock_event])
[0x0000000002b3e3e0] Threads_lock - owner thread: 0x0000000016678000

OutOfMemory and StackOverflow Exception counts:
StackOverflowErrors=1

heap address: 0x00000000a0000000, size: 1536 MB, Compressed Oops mode: 32-bit
Narrow klass base: 0x0000000000000000, Narrow klass shift: 3
Compressed class space size: 1073741824 Address: 0x0000000100000000

Heap:
 PSYoungGen      total 444928K, used 141347K [0x00000000e0000000, 0x00000000ffd00000, 0x0000000100000000)
  eden space 374784K, 36% used [0x00000000e0000000,0x00000000e84d9958,0x00000000f6e00000)
  from space 70144K, 7% used [0x00000000fb880000,0x00000000fbdaf340,0x00000000ffd00000)
  to   space 73216K, 0% used [0x00000000f6e00000,0x00000000f6e00000,0x00000000fb580000)
 ParOldGen       total 364032K, used 251149K [0x00000000a0000000, 0x00000000b6380000, 0x00000000e0000000)
  object space 364032K, 68% used [0x00000000a0000000,0x00000000af543758,0x00000000b6380000)
 Metaspace       used 94327K, capacity 98606K, committed 98688K, reserved 1134592K
  class space    used 12310K, capacity 13115K, committed 13184K, reserved 1048576K

Card table byte_map: [0x0000000012100000,0x0000000012410000] byte_map_base: 0x0000000011c00000

Marking Bits: (ParMarkBitMap*) 0x000000005a184ce0
 Begin Bits: [0x0000000012a10000, 0x0000000014210000)
 End Bits:   [0x0000000014210000, 0x0000000015a10000)

Polling page: 0x0000000002590000

CodeCache: size=245760Kb used=65469Kb max_used=67104Kb free=180290Kb
 bounds [0x0000000002d40000, 0x0000000006fa0000, 0x0000000011d40000]
 total_blobs=19383 nmethods=18502 adapters=789
 compilation: enabled

Compilation events (10 events):
Event: 4254.234 Thread 0x000000001670b800 24543   !   4       org.gradle.internal.snapshot.impl.DirectorySnapshotter::snapshot (80 bytes)
Event: 4254.271 Thread 0x000000001670b800 nmethod 24543 0x0000000004023510 code [0x0000000004023720, 0x0000000004024328]
Event: 4254.880 Thread 0x0000000017a5b000 24544       3       org.gradle.execution.plan.LocalTaskNode::getNodeFailure (13 bytes)
Event: 4254.880 Thread 0x0000000017a5b000 nmethod 24544 0x00000000030b16d0 code [0x00000000030b1840, 0x00000000030b1a88]
Event: 4254.895 Thread 0x0000000017a57800 24545       4       org.gradle.api.internal.artifacts.transform.AttributeMatchingVariantSelector$$Lambda$315/1986811157::test (12 bytes)
Event: 4254.897 Thread 0x0000000017a57800 nmethod 24545 0x00000000040203d0 code [0x0000000004020520, 0x0000000004020648]
Event: 4254.994 Thread 0x0000000017a5b000 24546  s    3       org.gradle.internal.work.DefaultWorkerLeaseService::getWorkerLease (27 bytes)
Event: 4254.996 Thread 0x0000000017a5b000 nmethod 24546 0x0000000003618410 code [0x0000000003618580, 0x00000000036188a8]
Event: 4255.002 Thread 0x0000000017a5b000 24547       3       org.gradle.internal.work.DefaultWorkerLeaseService$WorkerLeaseLockRegistry::getResourceLock (50 bytes)
Event: 4255.004 Thread 0x0000000017a5b000 nmethod 24547 0x00000000061f2310 code [0x00000000061f2620, 0x00000000061f4098]

GC Heap History (10 events):
Event: 232.649 GC heap before
{Heap before GC invocations=30 (full 4):
 PSYoungGen      total 288256K, used 254464K [0x00000000e0000000, 0x00000000fc180000, 0x0000000100000000)
  eden space 254464K, 100% used [0x00000000e0000000,0x00000000ef880000,0x00000000ef880000)
  from space 33792K, 0% used [0x00000000ef880000,0x00000000ef880000,0x00000000f1980000)
  to   space 79360K, 0% used [0x00000000f7400000,0x00000000f7400000,0x00000000fc180000)
 ParOldGen       total 364032K, used 199910K [0x00000000a0000000, 0x00000000b6380000, 0x00000000e0000000)
  object space 364032K, 54% used [0x00000000a0000000,0x00000000ac339b20,0x00000000b6380000)
 Metaspace       used 89684K, capacity 93244K, committed 93696K, reserved 1130496K
  class space    used 11694K, capacity 12410K, committed 12544K, reserved 1048576K
Event: 232.728 GC heap after
Heap after GC invocations=30 (full 4):
 PSYoungGen      total 374784K, used 58472K [0x00000000e0000000, 0x00000000fcd80000, 0x0000000100000000)
  eden space 295424K, 0% used [0x00000000e0000000,0x00000000e0000000,0x00000000f2080000)
  from space 79360K, 73% used [0x00000000f7400000,0x00000000fad1a140,0x00000000fc180000)
  to   space 85504K, 0% used [0x00000000f2080000,0x00000000f2080000,0x00000000f7400000)
 ParOldGen       total 364032K, used 199910K [0x00000000a0000000, 0x00000000b6380000, 0x00000000e0000000)
  object space 364032K, 54% used [0x00000000a0000000,0x00000000ac339b20,0x00000000b6380000)
 Metaspace       used 89684K, capacity 93244K, committed 93696K, reserved 1130496K
  class space    used 11694K, capacity 12410K, committed 12544K, reserved 1048576K
}
Event: 237.048 GC heap before
{Heap before GC invocations=31 (full 4):
 PSYoungGen      total 374784K, used 353896K [0x00000000e0000000, 0x00000000fcd80000, 0x0000000100000000)
  eden space 295424K, 100% used [0x00000000e0000000,0x00000000f2080000,0x00000000f2080000)
  from space 79360K, 73% used [0x00000000f7400000,0x00000000fad1a140,0x00000000fc180000)
  to   space 85504K, 0% used [0x00000000f2080000,0x00000000f2080000,0x00000000f7400000)
 ParOldGen       total 364032K, used 199910K [0x00000000a0000000, 0x00000000b6380000, 0x00000000e0000000)
  object space 364032K, 54% used [0x00000000a0000000,0x00000000ac339b20,0x00000000b6380000)
 Metaspace       used 89890K, capacity 93482K, committed 93952K, reserved 1130496K
  class space    used 11716K, capacity 12421K, committed 12544K, reserved 1048576K
Event: 237.172 GC heap after
Heap after GC invocations=31 (full 4):
 PSYoungGen      total 380928K, used 33030K [0x00000000e0000000, 0x00000000ff280000, 0x0000000100000000)
  eden space 295424K, 0% used [0x00000000e0000000,0x00000000e0000000,0x00000000f2080000)
  from space 85504K, 38% used [0x00000000f2080000,0x00000000f40c1870,0x00000000f7400000)
  to   space 80384K, 0% used [0x00000000fa400000,0x00000000fa400000,0x00000000ff280000)
 ParOldGen       total 364032K, used 199918K [0x00000000a0000000, 0x00000000b6380000, 0x00000000e0000000)
  object space 364032K, 54% used [0x00000000a0000000,0x00000000ac33bb20,0x00000000b6380000)
 Metaspace       used 89890K, capacity 93482K, committed 93952K, reserved 1130496K
  class space    used 11716K, capacity 12421K, committed 12544K, reserved 1048576K
}
Event: 3576.457 GC heap before
{Heap before GC invocations=32 (full 4):
 PSYoungGen      total 380928K, used 328454K [0x00000000e0000000, 0x00000000ff280000, 0x0000000100000000)
  eden space 295424K, 100% used [0x00000000e0000000,0x00000000f2080000,0x00000000f2080000)
  from space 85504K, 38% used [0x00000000f2080000,0x00000000f40c1870,0x00000000f7400000)
  to   space 80384K, 0% used [0x00000000fa400000,0x00000000fa400000,0x00000000ff280000)
 ParOldGen       total 364032K, used 199918K [0x00000000a0000000, 0x00000000b6380000, 0x00000000e0000000)
  object space 364032K, 54% used [0x00000000a0000000,0x00000000ac33bb20,0x00000000b6380000)
 Metaspace       used 93372K, capacity 97310K, committed 97536K, reserved 1134592K
  class space    used 12244K, capacity 13041K, committed 13056K, reserved 1048576K
Event: 3577.301 GC heap after
Heap after GC invocations=32 (full 4):
 PSYoungGen      total 409600K, used 27987K [0x00000000e0000000, 0x00000000fe480000, 0x0000000100000000)
  eden space 343552K, 0% used [0x00000000e0000000,0x00000000e0000000,0x00000000f4f80000)
  from space 66048K, 42% used [0x00000000fa400000,0x00000000fbf54c20,0x00000000fe480000)
  to   space 76288K, 0% used [0x00000000f4f80000,0x00000000f4f80000,0x00000000f9a00000)
 ParOldGen       total 364032K, used 230275K [0x00000000a0000000, 0x00000000b6380000, 0x00000000e0000000)
  object space 364032K, 63% used [0x00000000a0000000,0x00000000ae0e0c40,0x00000000b6380000)
 Metaspace       used 93372K, capacity 97310K, committed 97536K, reserved 1134592K
  class space    used 12244K, capacity 13041K, committed 13056K, reserved 1048576K
}
Event: 3612.911 GC heap before
{Heap before GC invocations=33 (full 4):
 PSYoungGen      total 409600K, used 371511K [0x00000000e0000000, 0x00000000fe480000, 0x0000000100000000)
  eden space 343552K, 99% used [0x00000000e0000000,0x00000000f4f79350,0x00000000f4f80000)
  from space 66048K, 42% used [0x00000000fa400000,0x00000000fbf54c20,0x00000000fe480000)
  to   space 76288K, 0% used [0x00000000f4f80000,0x00000000f4f80000,0x00000000f9a00000)
 ParOldGen       total 364032K, used 230275K [0x00000000a0000000, 0x00000000b6380000, 0x00000000e0000000)
  object space 364032K, 63% used [0x00000000a0000000,0x00000000ae0e0c40,0x00000000b6380000)
 Metaspace       used 93658K, capacity 97658K, committed 97792K, reserved 1134592K
  class space    used 12262K, capacity 13045K, committed 13056K, reserved 1048576K
Event: 3613.027 GC heap after
Heap after GC invocations=33 (full 4):
 PSYoungGen      total 419840K, used 34316K [0x00000000e0000000, 0x0000000100000000, 0x0000000100000000)
  eden space 343552K, 0% used [0x00000000e0000000,0x00000000e0000000,0x00000000f4f80000)
  from space 76288K, 44% used [0x00000000f4f80000,0x00000000f71030a8,0x00000000f9a00000)
  to   space 73216K, 0% used [0x00000000fb880000,0x00000000fb880000,0x0000000100000000)
 ParOldGen       total 364032K, used 236276K [0x00000000a0000000, 0x00000000b6380000, 0x00000000e0000000)
  object space 364032K, 64% used [0x00000000a0000000,0x00000000ae6bd0a0,0x00000000b6380000)
 Metaspace       used 93658K, capacity 97658K, committed 97792K, reserved 1134592K
  class space    used 12262K, capacity 13045K, committed 13056K, reserved 1048576K
}
Event: 3626.928 GC heap before
{Heap before GC invocations=34 (full 4):
 PSYoungGen      total 419840K, used 377868K [0x00000000e0000000, 0x0000000100000000, 0x0000000100000000)
  eden space 343552K, 100% used [0x00000000e0000000,0x00000000f4f80000,0x00000000f4f80000)
  from space 76288K, 44% used [0x00000000f4f80000,0x00000000f71030a8,0x00000000f9a00000)
  to   space 73216K, 0% used [0x00000000fb880000,0x00000000fb880000,0x0000000100000000)
 ParOldGen       total 364032K, used 236276K [0x00000000a0000000, 0x00000000b6380000, 0x00000000e0000000)
  object space 364032K, 64% used [0x00000000a0000000,0x00000000ae6bd0a0,0x00000000b6380000)
 Metaspace       used 94021K, capacity 98026K, committed 98048K, reserved 1134592K
  class space    used 12274K, capacity 13051K, committed 13056K, reserved 1048576K
Event: 3626.952 GC heap after
Heap after GC invocations=34 (full 4):
 PSYoungGen      total 444928K, used 5308K [0x00000000e0000000, 0x00000000ffd00000, 0x0000000100000000)
  eden space 374784K, 0% used [0x00000000e0000000,0x00000000e0000000,0x00000000f6e00000)
  from space 70144K, 7% used [0x00000000fb880000,0x00000000fbdaf340,0x00000000ffd00000)
  to   space 73216K, 0% used [0x00000000f6e00000,0x00000000f6e00000,0x00000000fb580000)
 ParOldGen       total 364032K, used 251149K [0x00000000a0000000, 0x00000000b6380000, 0x00000000e0000000)
  object space 364032K, 68% used [0x00000000a0000000,0x00000000af543758,0x00000000b6380000)
 Metaspace       used 94021K, capacity 98026K, committed 98048K, reserved 1134592K
  class space    used 12274K, capacity 13051K, committed 13056K, reserved 1048576K
}

Deoptimization events (10 events):
Event: 3626.774 Thread 0x000000001b6eb000 Uncommon trap: reason=speculate_class_check action=maybe_recompile pc=0x000000000475ef3c method=java.lang.StringCoding.encode(Ljava/nio/charset/Charset;[CII)[B @ 91
Event: 3626.774 Thread 0x000000001b6eb000 Uncommon trap: reason=speculate_class_check action=maybe_recompile pc=0x000000000475ef3c method=java.lang.StringCoding.encode(Ljava/nio/charset/Charset;[CII)[B @ 91
Event: 3626.775 Thread 0x000000001b6eb000 Uncommon trap: reason=speculate_class_check action=maybe_recompile pc=0x000000000369061c method=java.lang.StringCoding.encode(Ljava/nio/charset/Charset;[CII)[B @ 91
Event: 3626.775 Thread 0x000000001b6eb000 Uncommon trap: reason=speculate_class_check action=maybe_recompile pc=0x000000000369061c method=java.lang.StringCoding.encode(Ljava/nio/charset/Charset;[CII)[B @ 91
Event: 3626.791 Thread 0x000000001b6eb000 Uncommon trap: reason=speculate_class_check action=maybe_recompile pc=0x0000000004d9efb4 method=java.lang.StringCoding.encode(Ljava/nio/charset/Charset;[CII)[B @ 99
Event: 3626.791 Thread 0x000000001b6eb000 Uncommon trap: reason=speculate_class_check action=maybe_recompile pc=0x0000000004d9efb4 method=java.lang.StringCoding.encode(Ljava/nio/charset/Charset;[CII)[B @ 99
Event: 3627.223 Thread 0x000000001b3f4000 Uncommon trap: reason=bimorphic action=maybe_recompile pc=0x0000000006251cb8 method=java.util.stream.ReferencePipeline.forEachWithCancel(Ljava/util/Spliterator;Ljava/util/stream/Sink;)V @ 1
Event: 3627.223 Thread 0x000000001b3f4000 Uncommon trap: reason=class_check action=maybe_recompile pc=0x00000000060155dc method=java.util.Spliterators$ArraySpliterator.tryAdvance(Ljava/util/function/Consumer;)Z @ 49
Event: 3627.288 Thread 0x000000001b401800 Uncommon trap: reason=unstable_if action=reinterpret pc=0x0000000003baa920 method=java.util.concurrent.ScheduledThreadPoolExecutor$DelayedWorkQueue.take()Ljava/util/concurrent/RunnableScheduledFuture; @ 136
Event: 4217.427 Thread 0x00000000280c8000 Uncommon trap: reason=class_check action=maybe_recompile pc=0x00000000036b04c4 method=org.gradle.internal.work.DefaultWorkerLeaseService$DefaultWorkerLease.acquireLock()Z @ 4

Classes redefined (0 events):
No events

Internal exceptions (10 events):
Event: 3622.188 Thread 0x00000000198a4000 Exception <a 'sun/nio/fs/WindowsException'> (0x00000000f133f228) thrown at [C:\re\workspace\8-2-build-windows-amd64-cygwin\jdk8u201\12322\hotspot\src\share\vm\prims\jni.cpp, line 709]
Event: 3622.197 Thread 0x00000000198a4000 Exception <a 'sun/nio/fs/WindowsException'> (0x00000000f1386d08) thrown at [C:\re\workspace\8-2-build-windows-amd64-cygwin\jdk8u201\12322\hotspot\src\share\vm\prims\jni.cpp, line 709]
Event: 3622.206 Thread 0x00000000198a4000 Exception <a 'sun/nio/fs/WindowsException'> (0x00000000f13d02c8) thrown at [C:\re\workspace\8-2-build-windows-amd64-cygwin\jdk8u201\12322\hotspot\src\share\vm\prims\jni.cpp, line 709]
Event: 3622.210 Thread 0x00000000198a4000 Exception <a 'sun/nio/fs/WindowsException'> (0x00000000f1417bf8) thrown at [C:\re\workspace\8-2-build-windows-amd64-cygwin\jdk8u201\12322\hotspot\src\share\vm\prims\jni.cpp, line 709]
Event: 3624.790 Thread 0x000000001b6ef800 Exception <a 'java/io/FileNotFoundException'> (0x00000000f22c0d00) thrown at [C:\re\workspace\8-2-build-windows-amd64-cygwin\jdk8u201\12322\hotspot\src\share\vm\prims\jni.cpp, line 709]
Event: 3625.889 Thread 0x000000001b6f7000 Exception <a 'sun/nio/fs/WindowsException'> (0x00000000f2549c70) thrown at [C:\re\workspace\8-2-build-windows-amd64-cygwin\jdk8u201\12322\hotspot\src\share\vm\prims\jni.cpp, line 709]
Event: 3626.486 Thread 0x00000000280cc000 Exception <a 'sun/nio/fs/WindowsException'> (0x00000000f465b770) thrown at [C:\re\workspace\8-2-build-windows-amd64-cygwin\jdk8u201\12322\hotspot\src\share\vm\prims\jni.cpp, line 709]
Event: 3627.248 Thread 0x000000001b3f4000 Exception <a 'sun/nio/fs/WindowsException'> (0x00000000e07c18e0) thrown at [C:\re\workspace\8-2-build-windows-amd64-cygwin\jdk8u201\12322\hotspot\src\share\vm\prims\jni.cpp, line 709]
Event: 4218.148 Thread 0x00000000280c8000 Exception <a 'sun/nio/fs/WindowsException'> (0x00000000e23c1ba0) thrown at [C:\re\workspace\8-2-build-windows-amd64-cygwin\jdk8u201\12322\hotspot\src\share\vm\prims\jni.cpp, line 709]
Event: 4255.031 Thread 0x00000000280c7800 Exception <a 'java/lang/StackOverflowError'> (0x00000000e21f3140) thrown at [C:\re\workspace\8-2-build-windows-amd64-cygwin\jdk8u201\12322\hotspot\src\share\vm\interpreter\interpreterRuntime.cpp, line 325]

Events (10 events):
Event: 4254.669 Executing VM operation: RevokeBias done
Event: 4254.669 Executing VM operation: RevokeBias
Event: 4254.669 Executing VM operation: RevokeBias done
Event: 4254.898 Executing VM operation: RevokeBias
Event: 4254.899 Executing VM operation: RevokeBias done
Event: 4254.994 Executing VM operation: RevokeBias
Event: 4254.996 Executing VM operation: RevokeBias done
Event: 4255.035 loading class com/google/common/util/concurrent/AbstractFuture$Failure$1
Event: 4255.035 loading class com/google/common/util/concurrent/AbstractFuture$Failure$1 done
Event: 4255.037 Executing VM operation: RevokeBias


Dynamic libraries:
0x00007ff6471f0000 - 0x00007ff647227000 	C:\Program Files\Java\jdk1.8.0_201\bin\java.exe
0x00007ffaaade0000 - 0x00007ffaaafd0000 	C:\WINDOWS\SYSTEM32\ntdll.dll
0x00007ffaaa570000 - 0x00007ffaaa622000 	C:\WINDOWS\System32\KERNEL32.DLL
0x00007ffaa8790000 - 0x00007ffaa8a33000 	C:\WINDOWS\System32\KERNELBASE.dll
0x00007ffaaa6b0000 - 0x00007ffaaa753000 	C:\WINDOWS\System32\ADVAPI32.dll
0x00007ffaaa470000 - 0x00007ffaaa50e000 	C:\WINDOWS\System32\msvcrt.dll
0x00007ffaa8e90000 - 0x00007ffaa8f27000 	C:\WINDOWS\System32\sechost.dll
0x00007ffaaa820000 - 0x00007ffaaa940000 	C:\WINDOWS\System32\RPCRT4.dll
0x00007ffaaa2b0000 - 0x00007ffaaa444000 	C:\WINDOWS\System32\USER32.dll
0x00007ffaa7d70000 - 0x00007ffaa7d91000 	C:\WINDOWS\System32\win32u.dll
0x00007ffaa9700000 - 0x00007ffaa9726000 	C:\WINDOWS\System32\GDI32.dll
0x00007ffaa8b20000 - 0x00007ffaa8cb4000 	C:\WINDOWS\System32\gdi32full.dll
0x00007ffaa7e70000 - 0x00007ffaa7f0e000 	C:\WINDOWS\System32\msvcp_win.dll
0x00007ffaa7f10000 - 0x00007ffaa800a000 	C:\WINDOWS\System32\ucrtbase.dll
0x00007ffa9f970000 - 0x00007ffa9fbf5000 	C:\WINDOWS\WinSxS\amd64_microsoft.windows.common-controls_6595b64144ccf1df_6.0.18362.778_none_e6c6b761130d4fb8\COMCTL32.dll
0x00007ffaa9870000 - 0x00007ffaa9ba6000 	C:\WINDOWS\System32\combase.dll
0x00007ffaa7da0000 - 0x00007ffaa7e20000 	C:\WINDOWS\System32\bcryptPrimitives.dll
0x00007ffaa9410000 - 0x00007ffaa943e000 	C:\WINDOWS\System32\IMM32.DLL
0x000000005a210000 - 0x000000005a2e1000 	C:\Program Files\Java\jdk1.8.0_201\jre\bin\msvcr100.dll
0x0000000059960000 - 0x000000005a204000 	C:\Program Files\Java\jdk1.8.0_201\jre\bin\server\jvm.dll
0x00007ffaaacc0000 - 0x00007ffaaacc8000 	C:\WINDOWS\System32\PSAPI.DLL
0x00007ffa9bdc0000 - 0x00007ffa9bdc9000 	C:\WINDOWS\SYSTEM32\WSOCK32.dll
0x00007ffaaac50000 - 0x00007ffaaacbf000 	C:\WINDOWS\System32\WS2_32.dll
0x00007ffa9e180000 - 0x00007ffa9e1a4000 	C:\WINDOWS\SYSTEM32\WINMM.dll
0x00007ffaa34b0000 - 0x00007ffaa34ba000 	C:\WINDOWS\SYSTEM32\VERSION.dll
0x00007ffa9e150000 - 0x00007ffa9e17d000 	C:\WINDOWS\SYSTEM32\WINMMBASE.dll
0x00007ffaa7e20000 - 0x00007ffaa7e6a000 	C:\WINDOWS\System32\cfgmgr32.dll
0x00007ffa9ddb0000 - 0x00007ffa9ddbf000 	C:\Program Files\Java\jdk1.8.0_201\jre\bin\verify.dll
0x00007ffa81f00000 - 0x00007ffa81f29000 	C:\Program Files\Java\jdk1.8.0_201\jre\bin\java.dll
0x00007ffa9c220000 - 0x00007ffa9c236000 	C:\Program Files\Java\jdk1.8.0_201\jre\bin\zip.dll
0x00007ffaa9bc0000 - 0x00007ffaaa2a5000 	C:\WINDOWS\System32\SHELL32.dll
0x00007ffaa9650000 - 0x00007ffaa96f9000 	C:\WINDOWS\System32\shcore.dll
0x00007ffaa8010000 - 0x00007ffaa8790000 	C:\WINDOWS\System32\windows.storage.dll
0x00007ffaa7cd0000 - 0x00007ffaa7cf3000 	C:\WINDOWS\System32\profapi.dll
0x00007ffaa7d00000 - 0x00007ffaa7d4a000 	C:\WINDOWS\System32\powrprof.dll
0x00007ffaa7ca0000 - 0x00007ffaa7cb0000 	C:\WINDOWS\System32\UMPDC.dll
0x00007ffaaa7c0000 - 0x00007ffaaa812000 	C:\WINDOWS\System32\shlwapi.dll
0x00007ffaa7cb0000 - 0x00007ffaa7cc1000 	C:\WINDOWS\System32\kernel.appcore.dll
0x00007ffaa8cc0000 - 0x00007ffaa8cd7000 	C:\WINDOWS\System32\cryptsp.dll
0x00007ffa82d20000 - 0x00007ffa82d3a000 	C:\Program Files\Java\jdk1.8.0_201\jre\bin\net.dll
0x00007ffa9dbd0000 - 0x00007ffa9dda5000 	C:\WINDOWS\SYSTEM32\urlmon.dll
0x00007ffa9d180000 - 0x00007ffa9d426000 	C:\WINDOWS\SYSTEM32\iertutil.dll
0x00007ffaa76e0000 - 0x00007ffaa76ec000 	C:\WINDOWS\SYSTEM32\CRYPTBASE.DLL
0x00007ffaa7510000 - 0x00007ffaa7577000 	C:\WINDOWS\system32\mswsock.dll
0x00007ffa826a0000 - 0x00007ffa826b1000 	C:\Program Files\Java\jdk1.8.0_201\jre\bin\nio.dll
0x00007ffa9c240000 - 0x00007ffa9c266000 	C:\Users\kymsd\.gradle\native\30\windows-amd64\native-platform.dll
0x00007ffa9d4c0000 - 0x00007ffa9d4cd000 	C:\Program Files\Java\jdk1.8.0_201\jre\bin\management.dll
0x00007ffaa7080000 - 0x00007ffaa70b3000 	C:\WINDOWS\system32\rsaenh.dll
0x00007ffaa8a40000 - 0x00007ffaa8a66000 	C:\WINDOWS\System32\bcrypt.dll
0x00007ffaa7bc0000 - 0x00007ffaa7be5000 	C:\WINDOWS\SYSTEM32\USERENV.dll
0x00007ffaa7220000 - 0x00007ffaa725a000 	C:\WINDOWS\SYSTEM32\IPHLPAPI.DLL
0x00007ffaa94c0000 - 0x00007ffaa94c8000 	C:\WINDOWS\System32\NSI.dll
0x00007ffaa0900000 - 0x00007ffaa0916000 	C:\WINDOWS\SYSTEM32\dhcpcsvc6.DLL
0x00007ffaa08e0000 - 0x00007ffaa08fc000 	C:\WINDOWS\SYSTEM32\dhcpcsvc.DLL
0x00007ffaa7260000 - 0x00007ffaa732a000 	C:\WINDOWS\SYSTEM32\DNSAPI.dll
0x00007ffaa6d00000 - 0x00007ffaa6d31000 	C:\WINDOWS\SYSTEM32\ntmarta.dll

VM Arguments:
jvm_args: -Xmx1536m -Dfile.encoding=x-windows-949 -Duser.country=KR -Duser.language=ko -Duser.variant 
java_command: org.gradle.launcher.daemon.bootstrap.GradleDaemon 5.6.4
java_class_path (initial): C:\Users\kymsd\.gradle\wrapper\dists\gradle-5.6.4-all\ankdp27end7byghfw1q2sw75f\gradle-5.6.4\lib\gradle-launcher-5.6.4.jar
Launcher Type: SUN_STANDARD

Environment Variables:
JAVA_HOME=C:\Program Files\Java\jdk1.8.0_241
PATH=C:\ProgramData\Miniconda3;C:\ProgramData\Miniconda3\Library\mingw-w64\bin;C:\ProgramData\Miniconda3\Library\usr\bin;C:\ProgramData\Miniconda3\Library\bin;C:\ProgramData\Miniconda3\Scripts;C:\oraclexe\app\oracle\product\11.2.0\server\bin;C:\app\kymsd\product\11.2.0\client_2;C:\app\kymsd\product\11.2.0\client_1;C:\app\kymsd\product\18.0.0\dbhomeXE\bin;C:\Program Files (x86)\Common Files\Oracle\Java\javapath;C:\Program Files (x86)\Intel\Intel(R) Management Engine Components\iCLS\;C:\Program Files\Intel\Intel(R) Management Engine Components\iCLS\;C:\WINDOWS\system32;C:\WINDOWS;C:\WINDOWS\System32\Wbem;C:\WINDOWS\System32\WindowsPowerShell\v1.0\;C:\WINDOWS\System32\OpenSSH\;C:\Program Files (x86)\Intel\Intel(R) Management Engine Components\DAL;C:\Program Files\Intel\Intel(R) Management Engine Components\DAL;C:\Program Files (x86)\Intel\Intel(R) Management Engine Components\IPT;C:\Program Files\Intel\Intel(R) Management Engine Components\IPT;C:\Program Files\Intel\WiFi\bin\;C:\Program Files\Common Files\Intel\WirelessCommon\;C:\WINDOWS\system32\config\systemprofile\.dnx\bin;C:\Program Files\Microsoft DNX\Dnvm\;C:\Program Files\Microsoft SQL Server\130\Tools\Binn\;c:\Program Files (x86)\Microsoft SQL Server\100\Tools\Binn\;c:\Program Files\Microsoft SQL Server\100\Tools\Binn\;c:\Program Files\Microsoft SQL Server\100\DTS\Binn\;c:\Program Files (x86)\Microsoft SQL Server\100\Tools\Binn\VSShell\Common7\IDE\;c:\Program Files (x86)\Microsoft SQL Server\100\DTS\Binn\;C:\Program Files\Microsoft SQL Server\Client SDK\ODBC\130\Tools\Binn\;C:\Program Files (x86)\Microsoft SQL Server\140\Tools\Binn\;C:\Program Files\Microsoft SQL Server\140\Tools\Binn\;C:\Program Files\Microsoft SQL Server\140\DTS\Binn\;C:\Program Files\OpenSSL-Win64\bin;C:\Program Files\Git\cmd;C:\Users\kymsd\AppData\Local\Microsoft\WindowsApps;C:\Program Files\Bandizip\;
USERNAME=kymsd
OS=Windows_NT
PROCESSOR_IDENTIFIER=Intel64 Family 6 Model 142 Stepping 10, GenuineIntel



---------------  S Y S T E M  ---------------

OS: Windows 10.0 , 64 bit Build 18362 (10.0.18362.778)

CPU:total 4 (initial active 4) (2 cores per cpu, 2 threads per core) family 6 model 142 stepping 10, cmov, cx8, fxsr, mmx, sse, sse2, sse3, ssse3, sse4.1, sse4.2, popcnt, avx, avx2, aes, clmul, erms, 3dnowpref, lzcnt, ht, tsc, tscinvbit, bmi1, bmi2, adx

Memory: 4k page, physical 8302052k(155996k free), swap 14671332k(0k free)

vm_info: Java HotSpot(TM) 64-Bit Server VM (25.201-b09) for windows-amd64 JRE (1.8.0_201-b09), built on Dec 15 2018 18:36:39 by "java_re" with MS VC++ 10.0 (VS2010)

time: Thu Apr 30 16:18:00 2020
timezone: 대한민국 표준시
elapsed time: 4255 seconds (0d 1h 10m 55s)

